hostlist: dc015,
vm.drop_caches = 3
Running 1GB test
Trial 1 | ntask=2
Generating 2 files using IOR...
vm.drop_caches = 3
Generated 2 files.
Starting parallel cp from shared to local -----------------------------
Trial[1] cp shared→local of 2 files took .662971431 seconds
vm.drop_caches = 3
Starting parallel cp from local to shared -----------------------------
Trial[1] cp local→shared of 2 files took .934656215 seconds
{ "filesize": "1024MB", "1": { "ntasks": 2, "shared-to-local-bw(MB/s)": 1544.56, "local-to-share-bw(MB/s)": 1095.59 } }
------------------------------------------------------
vm.drop_caches = 3
Trial 1 | ntask=4
Generating 4 files using IOR...
vm.drop_caches = 3
Generated 4 files.
Starting parallel cp from shared to local -----------------------------
Trial[1] cp shared→local of 4 files took .375916351 seconds
vm.drop_caches = 3
Starting parallel cp from local to shared -----------------------------
Trial[1] cp local→shared of 4 files took .516868897 seconds
{ "filesize": "1024MB", "1": { "ntasks": 4, "shared-to-local-bw(MB/s)": 2724.01, "local-to-share-bw(MB/s)": 1981.16 } }
------------------------------------------------------
vm.drop_caches = 3
Trial 1 | ntask=8
Generating 8 files using IOR...
vm.drop_caches = 3
Generated 8 files.
Starting parallel cp from shared to local -----------------------------
Trial[1] cp shared→local of 8 files took .205947565 seconds
vm.drop_caches = 3
Starting parallel cp from local to shared -----------------------------
Trial[1] cp local→shared of 8 files took .378953479 seconds
{ "filesize": "1024MB", "1": { "ntasks": 8, "shared-to-local-bw(MB/s)": 4972.14, "local-to-share-bw(MB/s)": 2702.18 } }
------------------------------------------------------
vm.drop_caches = 3
Trial 1 | ntask=16
Generating 16 files using IOR...
vm.drop_caches = 3
Generated 16 files.
Starting parallel cp from shared to local -----------------------------
Trial[1] cp shared→local of 16 files took .146756411 seconds
vm.drop_caches = 3
Starting parallel cp from local to shared -----------------------------
Trial[1] cp local→shared of 16 files took .367892288 seconds
{ "filesize": "1024MB", "1": { "ntasks": 16, "shared-to-local-bw(MB/s)": 6977.55, "local-to-share-bw(MB/s)": 2783.42 } }
------------------------------------------------------
vm.drop_caches = 3
Trial 1 | ntask=32
Generating 32 files using IOR...
vm.drop_caches = 3
Generated 32 files.
Starting parallel cp from shared to local -----------------------------
Trial[1] cp shared→local of 32 files took .143697573 seconds
vm.drop_caches = 3
Starting parallel cp from local to shared -----------------------------
Trial[1] cp local→shared of 32 files took .377844976 seconds
{ "filesize": "1024MB", "1": { "ntasks": 32, "shared-to-local-bw(MB/s)": 7126.08, "local-to-share-bw(MB/s)": 2710.11 } }
------------------------------------------------------
vm.drop_caches = 3
Trial 1 | ntask=64
Generating 64 files using IOR...
vm.drop_caches = 3
Generated 64 files.
Starting parallel cp from shared to local -----------------------------
Trial[1] cp shared→local of 64 files took .158793400 seconds
vm.drop_caches = 3
Starting parallel cp from local to shared -----------------------------
Trial[1] cp local→shared of 64 files took .352772550 seconds
{ "filesize": "1024MB", "1": { "ntasks": 64, "shared-to-local-bw(MB/s)": 6448.63, "local-to-share-bw(MB/s)": 2902.72 } }
------------------------------------------------------
vm.drop_caches = 3
Trial 1 | ntask=128
Generating 128 files using IOR...
vm.drop_caches = 3
Generated 128 files.
Starting parallel cp from shared to local -----------------------------
Trial[1] cp shared→local of 128 files took .227413901 seconds
vm.drop_caches = 3
Starting parallel cp from local to shared -----------------------------
Trial[1] cp local→shared of 128 files took .508000171 seconds
{ "filesize": "1024MB", "1": { "ntasks": 128, "shared-to-local-bw(MB/s)": 4502.80, "local-to-share-bw(MB/s)": 2015.75 } }
------------------------------------------------------
vm.drop_caches = 3
Trial 2 | ntask=2
Generating 2 files using IOR...
vm.drop_caches = 3
Generated 2 files.
Starting parallel cp from shared to local -----------------------------
Trial[2] cp shared→local of 2 files took .743782650 seconds
vm.drop_caches = 3
Starting parallel cp from local to shared -----------------------------
Trial[2] cp local→shared of 2 files took .903078890 seconds
{ "filesize": "1024MB", "2": { "ntasks": 2, "shared-to-local-bw(MB/s)": 1376.75, "local-to-share-bw(MB/s)": 1133.90 } }
------------------------------------------------------
vm.drop_caches = 3
Trial 2 | ntask=4
Generating 4 files using IOR...
vm.drop_caches = 3
Generated 4 files.
Starting parallel cp from shared to local -----------------------------
Trial[2] cp shared→local of 4 files took .383204415 seconds
vm.drop_caches = 3
Starting parallel cp from local to shared -----------------------------
Trial[2] cp local→shared of 4 files took .524000806 seconds
{ "filesize": "1024MB", "2": { "ntasks": 4, "shared-to-local-bw(MB/s)": 2672.20, "local-to-share-bw(MB/s)": 1954.20 } }
------------------------------------------------------
vm.drop_caches = 3
Trial 2 | ntask=8
Generating 8 files using IOR...
vm.drop_caches = 3
Generated 8 files.
Starting parallel cp from shared to local -----------------------------
Trial[2] cp shared→local of 8 files took .205067462 seconds
vm.drop_caches = 3
Starting parallel cp from local to shared -----------------------------
Trial[2] cp local→shared of 8 files took .384479555 seconds
{ "filesize": "1024MB", "2": { "ntasks": 8, "shared-to-local-bw(MB/s)": 4993.48, "local-to-share-bw(MB/s)": 2663.34 } }
------------------------------------------------------
vm.drop_caches = 3
Trial 2 | ntask=16
Generating 16 files using IOR...
vm.drop_caches = 3
Generated 16 files.
Starting parallel cp from shared to local -----------------------------
Trial[2] cp shared→local of 16 files took .148152707 seconds
vm.drop_caches = 3
Starting parallel cp from local to shared -----------------------------
Trial[2] cp local→shared of 16 files took .383331310 seconds
{ "filesize": "1024MB", "2": { "ntasks": 16, "shared-to-local-bw(MB/s)": 6911.79, "local-to-share-bw(MB/s)": 2671.32 } }
------------------------------------------------------
vm.drop_caches = 3
Trial 2 | ntask=32
Generating 32 files using IOR...
vm.drop_caches = 3
Generated 32 files.
Starting parallel cp from shared to local -----------------------------
Trial[2] cp shared→local of 32 files took .139984289 seconds
vm.drop_caches = 3
Starting parallel cp from local to shared -----------------------------
Trial[2] cp local→shared of 32 files took .375273116 seconds
{ "filesize": "1024MB", "2": { "ntasks": 32, "shared-to-local-bw(MB/s)": 7315.11, "local-to-share-bw(MB/s)": 2728.68 } }
------------------------------------------------------
vm.drop_caches = 3
Trial 2 | ntask=64
Generating 64 files using IOR...
vm.drop_caches = 3
Generated 64 files.
Starting parallel cp from shared to local -----------------------------
Trial[2] cp shared→local of 64 files took .157686617 seconds
vm.drop_caches = 3
Starting parallel cp from local to shared -----------------------------
Trial[2] cp local→shared of 64 files took .353650255 seconds
{ "filesize": "1024MB", "2": { "ntasks": 64, "shared-to-local-bw(MB/s)": 6493.89, "local-to-share-bw(MB/s)": 2895.52 } }
------------------------------------------------------
vm.drop_caches = 3
Trial 2 | ntask=128
Generating 128 files using IOR...
vm.drop_caches = 3
Generated 128 files.
Starting parallel cp from shared to local -----------------------------
Trial[2] cp shared→local of 128 files took .238945782 seconds
vm.drop_caches = 3
Starting parallel cp from local to shared -----------------------------
Trial[2] cp local→shared of 128 files took .495725288 seconds
{ "filesize": "1024MB", "2": { "ntasks": 128, "shared-to-local-bw(MB/s)": 4285.49, "local-to-share-bw(MB/s)": 2065.66 } }
------------------------------------------------------
vm.drop_caches = 3
Trial 3 | ntask=2
Generating 2 files using IOR...
vm.drop_caches = 3
Generated 2 files.
Starting parallel cp from shared to local -----------------------------
Trial[3] cp shared→local of 2 files took .729758509 seconds
vm.drop_caches = 3
Starting parallel cp from local to shared -----------------------------
Trial[3] cp local→shared of 2 files took .892315277 seconds
{ "filesize": "1024MB", "3": { "ntasks": 2, "shared-to-local-bw(MB/s)": 1403.20, "local-to-share-bw(MB/s)": 1147.58 } }
------------------------------------------------------
vm.drop_caches = 3
Trial 3 | ntask=4
Generating 4 files using IOR...
vm.drop_caches = 3
Generated 4 files.
Starting parallel cp from shared to local -----------------------------
Trial[3] cp shared→local of 4 files took .351734523 seconds
vm.drop_caches = 3
Starting parallel cp from local to shared -----------------------------
Trial[3] cp local→shared of 4 files took .530334135 seconds
{ "filesize": "1024MB", "3": { "ntasks": 4, "shared-to-local-bw(MB/s)": 2911.29, "local-to-share-bw(MB/s)": 1930.86 } }
------------------------------------------------------
vm.drop_caches = 3
Trial 3 | ntask=8
Generating 8 files using IOR...
vm.drop_caches = 3
Generated 8 files.
Starting parallel cp from shared to local -----------------------------
Trial[3] cp shared→local of 8 files took .231829665 seconds
vm.drop_caches = 3
Starting parallel cp from local to shared -----------------------------
Trial[3] cp local→shared of 8 files took .382705179 seconds
{ "filesize": "1024MB", "1": { "ntasks": 4, "shared-to-local-bw(MB/s)": 2724.01, "local-to-share-bw(MB/s)": 1981.16 } }
------------------------------------------------------
vm.drop_caches = 3
Trial 3 | ntask=16
Generating 16 files using IOR...
vm.drop_caches = 3
Generated 16 files.
Starting parallel cp from shared to local -----------------------------
Trial[3] cp shared→local of 16 files took .151854431 seconds
vm.drop_caches = 3
Starting parallel cp from local to shared -----------------------------
Trial[3] cp local→shared of 16 files took .367946384 seconds
{ "filesize": "1024MB", "3": { "ntasks": 16, "shared-to-local-bw(MB/s)": 6743.30, "local-to-share-bw(MB/s)": 2783.01 } }
------------------------------------------------------
vm.drop_caches = 3
Trial 3 | ntask=32
Generating 32 files using IOR...
vm.drop_caches = 3
Generated 32 files.
Starting parallel cp from shared to local -----------------------------
Trial[3] cp shared→local of 32 files took .143454434 seconds
vm.drop_caches = 3
Starting parallel cp from local to shared -----------------------------
Trial[3] cp local→shared of 32 files took .363723069 seconds
{ "filesize": "1024MB", "3": { "ntasks": 32, "shared-to-local-bw(MB/s)": 7138.16, "local-to-share-bw(MB/s)": 2815.33 } }
------------------------------------------------------
vm.drop_caches = 3
Trial 3 | ntask=64
Generating 64 files using IOR...
vm.drop_caches = 3
Generated 64 files.
Starting parallel cp from shared to local -----------------------------
Trial[3] cp shared→local of 64 files took .176974269 seconds
vm.drop_caches = 3
Starting parallel cp from local to shared -----------------------------
Trial[3] cp local→shared of 64 files took .352144808 seconds
{ "filesize": "1024MB", "3": { "ntasks": 64, "shared-to-local-bw(MB/s)": 5786.15, "local-to-share-bw(MB/s)": 2907.89 } }
------------------------------------------------------
vm.drop_caches = 3
Trial 3 | ntask=128
Generating 128 files using IOR...
vm.drop_caches = 3
Generated 128 files.
Starting parallel cp from shared to local -----------------------------
Trial[3] cp shared→local of 128 files took .247567921 seconds
vm.drop_caches = 3
Starting parallel cp from local to shared -----------------------------
Trial[3] cp local→shared of 128 files took .505935145 seconds
{ "filesize": "1024MB", "3": { "ntasks": 128, "shared-to-local-bw(MB/s)": 4136.24, "local-to-share-bw(MB/s)": 2023.97 } }
------------------------------------------------------
vm.drop_caches = 3
Running 5GB test
Trial 1 | ntask=2
Generating 2 files using IOR for 5GB total...
vm.drop_caches = 3
Starting parallel cp from shared to local -----------------------------
Trial[1] cp shared→local of 2 files took 3.366011226 seconds
vm.drop_caches = 3
Starting parallel cp from local to shared -----------------------------
Trial[1] cp local→shared of 2 files took 4.399528490 seconds
{ "filesize": "5120MB", "1": { "ntasks": 2, "shared-to-local-bw(MB/s)": 304.22, "local-to-share-bw(MB/s)": 232.75 } }
------------------------------------------------------
vm.drop_caches = 3
Trial 1 | ntask=4
Generating 4 files using IOR for 5GB total...
vm.drop_caches = 3
Starting parallel cp from shared to local -----------------------------
Trial[1] cp shared→local of 4 files took 1.792378814 seconds
vm.drop_caches = 3
Starting parallel cp from local to shared -----------------------------
Trial[1] cp local→shared of 4 files took 2.544054550 seconds
{ "filesize": "5120MB", "1": { "ntasks": 4, "shared-to-local-bw(MB/s)": 571.31, "local-to-share-bw(MB/s)": 402.51 } }
------------------------------------------------------
vm.drop_caches = 3
Trial 1 | ntask=8
Generating 8 files using IOR for 5GB total...
vm.drop_caches = 3
Starting parallel cp from shared to local -----------------------------
Trial[1] cp shared→local of 8 files took 1.025892450 seconds
vm.drop_caches = 3
Starting parallel cp from local to shared -----------------------------
Trial[1] cp local→shared of 8 files took 1.796067816 seconds
{ "filesize": "5120MB", "1": { "ntasks": 8, "shared-to-local-bw(MB/s)": 998.16, "local-to-share-bw(MB/s)": 570.13 } }
------------------------------------------------------
vm.drop_caches = 3
Trial 1 | ntask=16
Generating 16 files using IOR for 5GB total...
vm.drop_caches = 3
Starting parallel cp from shared to local -----------------------------
Trial[1] cp shared→local of 16 files took .591345770 seconds
vm.drop_caches = 3
Starting parallel cp from local to shared -----------------------------
Trial[1] cp local→shared of 16 files took 1.688016970 seconds
{ "filesize": "5120MB", "1": { "ntasks": 16, "shared-to-local-bw(MB/s)": 1731.64, "local-to-share-bw(MB/s)": 606.63 } }
------------------------------------------------------
vm.drop_caches = 3
Trial 1 | ntask=32
Generating 32 files using IOR for 5GB total...
vm.drop_caches = 3
Starting parallel cp from shared to local -----------------------------
Trial[1] cp shared→local of 32 files took .493796953 seconds
vm.drop_caches = 3
Starting parallel cp from local to shared -----------------------------
Trial[1] cp local→shared of 32 files took 1.694568405 seconds
{ "filesize": "5120MB", "1": { "ntasks": 32, "shared-to-local-bw(MB/s)": 2073.73, "local-to-share-bw(MB/s)": 604.28 } }
------------------------------------------------------
vm.drop_caches = 3
Trial 1 | ntask=64
Generating 64 files using IOR for 5GB total...
vm.drop_caches = 3
Starting parallel cp from shared to local -----------------------------
Trial[1] cp shared→local of 64 files took .491426930 seconds
vm.drop_caches = 3
Starting parallel cp from local to shared -----------------------------
Trial[1] cp local→shared of 64 files took 1.685633698 seconds
{ "filesize": "5120MB", "1": { "ntasks": 64, "shared-to-local-bw(MB/s)": 2083.73, "local-to-share-bw(MB/s)": 607.49 } }
------------------------------------------------------
vm.drop_caches = 3
Trial 1 | ntask=128
Generating 128 files using IOR for 5GB total...
vm.drop_caches = 3
Starting parallel cp from shared to local -----------------------------
Trial[1] cp shared→local of 128 files took .479567351 seconds
vm.drop_caches = 3
Starting parallel cp from local to shared -----------------------------
Trial[1] cp local→shared of 128 files took 1.689096505 seconds
{ "filesize": "5120MB", "1": { "ntasks": 128, "shared-to-local-bw(MB/s)": 2135.26, "local-to-share-bw(MB/s)": 606.24 } }
------------------------------------------------------
vm.drop_caches = 3
Trial 2 | ntask=2
Generating 2 files using IOR for 5GB total...
vm.drop_caches = 3
Starting parallel cp from shared to local -----------------------------
Trial[2] cp shared→local of 2 files took 3.487431033 seconds
vm.drop_caches = 3
Starting parallel cp from local to shared -----------------------------
Trial[2] cp local→shared of 2 files took 3.929799264 seconds
{ "filesize": "5120MB", "2": { "ntasks": 2, "shared-to-local-bw(MB/s)": 293.63, "local-to-share-bw(MB/s)": 260.57 } }
------------------------------------------------------
vm.drop_caches = 3
Trial 2 | ntask=4
Generating 4 files using IOR for 5GB total...
vm.drop_caches = 3
Starting parallel cp from shared to local -----------------------------
Trial[2] cp shared→local of 4 files took 1.874946687 seconds
vm.drop_caches = 3
Starting parallel cp from local to shared -----------------------------
Trial[2] cp local→shared of 4 files took 2.558688799 seconds
{ "filesize": "5120MB", "2": { "ntasks": 4, "shared-to-local-bw(MB/s)": 546.15, "local-to-share-bw(MB/s)": 400.20 } }
------------------------------------------------------
vm.drop_caches = 3
Trial 2 | ntask=8
Generating 8 files using IOR for 5GB total...
vm.drop_caches = 3
Starting parallel cp from shared to local -----------------------------
Trial[2] cp shared→local of 8 files took .965620104 seconds
vm.drop_caches = 3
Starting parallel cp from local to shared -----------------------------
Trial[2] cp local→shared of 8 files took 1.749535986 seconds
{ "filesize": "5120MB", "2": { "ntasks": 8, "shared-to-local-bw(MB/s)": 1060.46, "local-to-share-bw(MB/s)": 585.30 } }
------------------------------------------------------
vm.drop_caches = 3
Trial 2 | ntask=16
Generating 16 files using IOR for 5GB total...
vm.drop_caches = 3
Starting parallel cp from shared to local -----------------------------
Trial[2] cp shared→local of 16 files took .558618592 seconds
vm.drop_caches = 3
Starting parallel cp from local to shared -----------------------------
Trial[2] cp local→shared of 16 files took 1.691423671 seconds
{ "filesize": "5120MB", "2": { "ntasks": 16, "shared-to-local-bw(MB/s)": 1833.09, "local-to-share-bw(MB/s)": 605.41 } }
------------------------------------------------------
vm.drop_caches = 3
Trial 2 | ntask=32
Generating 32 files using IOR for 5GB total...
vm.drop_caches = 3
Starting parallel cp from shared to local -----------------------------
Trial[2] cp shared→local of 32 files took .508851962 seconds
vm.drop_caches = 3
Starting parallel cp from local to shared -----------------------------
Trial[2] cp local→shared of 32 files took 1.705261460 seconds
{ "filesize": "5120MB", "2": { "ntasks": 32, "shared-to-local-bw(MB/s)": 2012.37, "local-to-share-bw(MB/s)": 600.49 } }
------------------------------------------------------
vm.drop_caches = 3
Trial 2 | ntask=64
Generating 64 files using IOR for 5GB total...
vm.drop_caches = 3
Starting parallel cp from shared to local -----------------------------
Trial[2] cp shared→local of 64 files took .481399421 seconds
vm.drop_caches = 3
Starting parallel cp from local to shared -----------------------------
Trial[2] cp local→shared of 64 files took 1.697982366 seconds
{ "filesize": "5120MB", "2": { "ntasks": 64, "shared-to-local-bw(MB/s)": 2127.13, "local-to-share-bw(MB/s)": 603.07 } }
------------------------------------------------------
vm.drop_caches = 3
Trial 2 | ntask=128
Generating 128 files using IOR for 5GB total...
vm.drop_caches = 3
Starting parallel cp from shared to local -----------------------------
Trial[2] cp shared→local of 128 files took .483660070 seconds
vm.drop_caches = 3
Starting parallel cp from local to shared -----------------------------
Trial[2] cp local→shared of 128 files took 1.686603003 seconds
{ "filesize": "5120MB", "2": { "ntasks": 128, "shared-to-local-bw(MB/s)": 2117.19, "local-to-share-bw(MB/s)": 607.14 } }
------------------------------------------------------
vm.drop_caches = 3
Trial 3 | ntask=2
Generating 2 files using IOR for 5GB total...
vm.drop_caches = 3
Starting parallel cp from shared to local -----------------------------
Trial[3] cp shared→local of 2 files took 3.796048766 seconds
vm.drop_caches = 3
Starting parallel cp from local to shared -----------------------------
Trial[3] cp local→shared of 2 files took 4.133522144 seconds
{ "filesize": "5120MB", "3": { "ntasks": 2, "shared-to-local-bw(MB/s)": 269.75, "local-to-share-bw(MB/s)": 247.73 } }
------------------------------------------------------
vm.drop_caches = 3
Trial 3 | ntask=4
Generating 4 files using IOR for 5GB total...
vm.drop_caches = 3
Starting parallel cp from shared to local -----------------------------
Trial[3] cp shared→local of 4 files took 2.056551305 seconds
vm.drop_caches = 3
Starting parallel cp from local to shared -----------------------------
Trial[3] cp local→shared of 4 files took 2.380926997 seconds
{ "filesize": "5120MB", "3": { "ntasks": 4, "shared-to-local-bw(MB/s)": 497.92, "local-to-share-bw(MB/s)": 430.08 } }
------------------------------------------------------
vm.drop_caches = 3
Trial 3 | ntask=8
Generating 8 files using IOR for 5GB total...
vm.drop_caches = 3
Starting parallel cp from shared to local -----------------------------
Trial[3] cp shared→local of 8 files took .963020997 seconds
vm.drop_caches = 3
Starting parallel cp from local to shared -----------------------------
Trial[3] cp local→shared of 8 files took 1.720484805 seconds
{ "filesize": "5120MB", "3": { "ntasks": 8, "shared-to-local-bw(MB/s)": 1063.32, "local-to-share-bw(MB/s)": 595.18 } }
------------------------------------------------------
vm.drop_caches = 3
Trial 3 | ntask=16
Generating 16 files using IOR for 5GB total...
vm.drop_caches = 3
Starting parallel cp from shared to local -----------------------------
Trial[3] cp shared→local of 16 files took .616577790 seconds
vm.drop_caches = 3
Starting parallel cp from local to shared -----------------------------
Trial[3] cp local→shared of 16 files took 1.684723082 seconds
{ "filesize": "5120MB", "3": { "ntasks": 16, "shared-to-local-bw(MB/s)": 1660.78, "local-to-share-bw(MB/s)": 607.82 } }
------------------------------------------------------
vm.drop_caches = 3
Trial 3 | ntask=32
Generating 32 files using IOR for 5GB total...
vm.drop_caches = 3
Starting parallel cp from shared to local -----------------------------
Trial[3] cp shared→local of 32 files took .492582210 seconds
vm.drop_caches = 3
Starting parallel cp from local to shared -----------------------------
Trial[3] cp local→shared of 32 files took 1.692677442 seconds
{ "filesize": "5120MB", "3": { "ntasks": 32, "shared-to-local-bw(MB/s)": 2078.84, "local-to-share-bw(MB/s)": 604.96 } }
------------------------------------------------------
vm.drop_caches = 3
Trial 3 | ntask=64
Generating 64 files using IOR for 5GB total...
vm.drop_caches = 3
Starting parallel cp from shared to local -----------------------------
Trial[3] cp shared→local of 64 files took .501613872 seconds
vm.drop_caches = 3
Starting parallel cp from local to shared -----------------------------
Trial[3] cp local→shared of 64 files took 1.697848803 seconds
{ "filesize": "5120MB", "3": { "ntasks": 64, "shared-to-local-bw(MB/s)": 2041.41, "local-to-share-bw(MB/s)": 603.12 } }
------------------------------------------------------
vm.drop_caches = 3
Trial 3 | ntask=128
Generating 128 files using IOR for 5GB total...
vm.drop_caches = 3
Starting parallel cp from shared to local -----------------------------
Trial[3] cp shared→local of 128 files took .483943913 seconds
vm.drop_caches = 3
Starting parallel cp from local to shared -----------------------------
Trial[3] cp local→shared of 128 files took 1.687527332 seconds
{ "filesize": "5120MB", "3": { "ntasks": 128, "shared-to-local-bw(MB/s)": 2115.95, "local-to-share-bw(MB/s)": 606.80 } }
------------------------------------------------------
vm.drop_caches = 3
Running 50GB test
Trial 1 | ntask=2
Generating 2 files using IOR for 50GB total...
vm.drop_caches = 3
Starting parallel cp from shared to local -----------------------------
Trial[1] cp shared→local of 2 files took 134.181143829 seconds
vm.drop_caches = 3
Starting parallel cp from local to shared -----------------------------
Trial[1] cp local→shared of 2 files took 5.818909590 seconds
{ "filesize": "51200MB", "1": { "ntasks": 2, "shared-to-local-bw(MB/s)": 7.63, "local-to-share-bw(MB/s)": 175.98 } }
------------------------------------------------------
vm.drop_caches = 3
Trial 1 | ntask=4
Generating 4 files using IOR for 50GB total...
vm.drop_caches = 3
Starting parallel cp from shared to local -----------------------------
Trial[1] cp shared→local of 4 files took 100.653370942 seconds
vm.drop_caches = 3
Starting parallel cp from local to shared -----------------------------
Trial[1] cp local→shared of 4 files took 25.580319107 seconds
{ "filesize": "51200MB", "1": { "ntasks": 4, "shared-to-local-bw(MB/s)": 10.17, "local-to-share-bw(MB/s)": 40.03 } }
------------------------------------------------------
vm.drop_caches = 3
Trial 1 | ntask=8
Generating 8 files using IOR for 50GB total...
vm.drop_caches = 3
Starting parallel cp from shared to local -----------------------------
Trial[1] cp shared→local of 8 files took 104.580120820 seconds
vm.drop_caches = 3
Starting parallel cp from local to shared -----------------------------
Trial[1] cp local→shared of 8 files took 20.219152034 seconds
{ "filesize": "51200MB", "1": { "ntasks": 8, "shared-to-local-bw(MB/s)": 9.79, "local-to-share-bw(MB/s)": 50.65 } }
------------------------------------------------------
vm.drop_caches = 3
Trial 1 | ntask=16
Generating 16 files using IOR for 50GB total...
vm.drop_caches = 3
Starting parallel cp from shared to local -----------------------------
Trial[1] cp shared→local of 16 files took 217.458588970 seconds
vm.drop_caches = 3
Starting parallel cp from local to shared -----------------------------
Trial[1] cp local→shared of 16 files took 19.268531323 seconds
{ "filesize": "51200MB", "1": { "ntasks": 16, "shared-to-local-bw(MB/s)": 4.71, "local-to-share-bw(MB/s)": 53.14 } }
------------------------------------------------------
vm.drop_caches = 3
Trial 1 | ntask=32
Generating 32 files using IOR for 50GB total...
vm.drop_caches = 3
Starting parallel cp from shared to local -----------------------------
Trial[1] cp shared→local of 32 files took 179.639047043 seconds
vm.drop_caches = 3
Starting parallel cp from local to shared -----------------------------
Trial[1] cp local→shared of 32 files took 19.294625343 seconds
{ "filesize": "5120MB", "1": { "ntasks": 8, "shared-to-local-bw(MB/s)": 998.16, "local-to-share-bw(MB/s)": 570.13 } }
------------------------------------------------------
vm.drop_caches = 3
Trial 1 | ntask=64
Generating 64 files using IOR for 50GB total...
vm.drop_caches = 3
Starting parallel cp from shared to local -----------------------------
Trial[1] cp shared→local of 64 files took 78.600852689 seconds
vm.drop_caches = 3
Starting parallel cp from local to shared -----------------------------
Trial[1] cp local→shared of 64 files took 14.645757099 seconds
{ "filesize": "51200MB", "1": { "ntasks": 64, "shared-to-local-bw(MB/s)": 13.03, "local-to-share-bw(MB/s)": 69.92 } }
------------------------------------------------------
vm.drop_caches = 3
Trial 1 | ntask=128
Generating 128 files using IOR for 50GB total...
vm.drop_caches = 3
Starting parallel cp from shared to local -----------------------------
Trial[1] cp shared→local of 128 files took 167.672598812 seconds
vm.drop_caches = 3
Starting parallel cp from local to shared -----------------------------
Trial[1] cp local→shared of 128 files took 19.352869334 seconds
{ "filesize": "51200MB", "1": { "ntasks": 128, "shared-to-local-bw(MB/s)": 6.11, "local-to-share-bw(MB/s)": 52.91 } }
------------------------------------------------------
vm.drop_caches = 3
Trial 2 | ntask=2
Generating 2 files using IOR for 50GB total...
vm.drop_caches = 3
Starting parallel cp from shared to local -----------------------------
Trial[2] cp shared→local of 2 files took 129.986896766 seconds
vm.drop_caches = 3
Starting parallel cp from local to shared -----------------------------
Trial[2] cp local→shared of 2 files took 46.358800883 seconds
{ "filesize": "51200MB", "2": { "ntasks": 2, "shared-to-local-bw(MB/s)": 7.88, "local-to-share-bw(MB/s)": 22.09 } }
------------------------------------------------------
vm.drop_caches = 3
Trial 2 | ntask=4
Generating 4 files using IOR for 50GB total...
vm.drop_caches = 3
Starting parallel cp from shared to local -----------------------------
Trial[2] cp shared→local of 4 files took 115.761329439 seconds
vm.drop_caches = 3
Starting parallel cp from local to shared -----------------------------
Trial[2] cp local→shared of 4 files took 30.264032104 seconds
{ "filesize": "51200MB", "2": { "ntasks": 4, "shared-to-local-bw(MB/s)": 8.85, "local-to-share-bw(MB/s)": 33.84 } }
------------------------------------------------------
vm.drop_caches = 3
Trial 2 | ntask=8
Generating 8 files using IOR for 50GB total...
vm.drop_caches = 3
Starting parallel cp from shared to local -----------------------------
Trial[2] cp shared→local of 8 files took 119.212933793 seconds
vm.drop_caches = 3
Starting parallel cp from local to shared -----------------------------
Trial[2] cp local→shared of 8 files took 14.841206162 seconds
{ "filesize": "51200MB", "2": { "ntasks": 8, "shared-to-local-bw(MB/s)": 8.59, "local-to-share-bw(MB/s)": 69.00 } }
------------------------------------------------------
vm.drop_caches = 3
Trial 2 | ntask=16
Generating 16 files using IOR for 50GB total...
vm.drop_caches = 3
Starting parallel cp from shared to local -----------------------------
Trial[2] cp shared→local of 16 files took 169.233939679 seconds
vm.drop_caches = 3
Starting parallel cp from local to shared -----------------------------
Trial[2] cp local→shared of 16 files took 19.437555727 seconds
{ "filesize": "51200MB", "2": { "ntasks": 16, "shared-to-local-bw(MB/s)": 6.05, "local-to-share-bw(MB/s)": 52.68 } }
------------------------------------------------------
vm.drop_caches = 3
Trial 2 | ntask=32
Generating 32 files using IOR for 50GB total...
vm.drop_caches = 3
Starting parallel cp from shared to local -----------------------------
Trial[2] cp shared→local of 32 files took 127.193650605 seconds
vm.drop_caches = 3
Starting parallel cp from local to shared -----------------------------
Trial[2] cp local→shared of 32 files took 19.345544569 seconds
{ "filesize": "51200MB", "2": { "ntasks": 32, "shared-to-local-bw(MB/s)": 8.05, "local-to-share-bw(MB/s)": 52.93 } }
------------------------------------------------------
vm.drop_caches = 3
Trial 2 | ntask=64
Generating 64 files using IOR for 50GB total...
vm.drop_caches = 3
Starting parallel cp from shared to local -----------------------------
Trial[2] cp shared→local of 64 files took 122.689223349 seconds
vm.drop_caches = 3
Starting parallel cp from local to shared -----------------------------
Trial[2] cp local→shared of 64 files took 19.228157021 seconds
{ "filesize": "51200MB", "2": { "ntasks": 64, "shared-to-local-bw(MB/s)": 8.35, "local-to-share-bw(MB/s)": 53.26 } }
------------------------------------------------------
vm.drop_caches = 3
Trial 2 | ntask=128
Generating 128 files using IOR for 50GB total...
vm.drop_caches = 3
Starting parallel cp from shared to local -----------------------------
Trial[2] cp shared→local of 128 files took 144.919014378 seconds
vm.drop_caches = 3
Starting parallel cp from local to shared -----------------------------
Trial[2] cp local→shared of 128 files took 19.381734122 seconds
{ "filesize": "51200MB", "2": { "ntasks": 128, "shared-to-local-bw(MB/s)": 7.07, "local-to-share-bw(MB/s)": 52.83 } }
------------------------------------------------------
vm.drop_caches = 3
Trial 3 | ntask=2
Generating 2 files using IOR for 50GB total...
vm.drop_caches = 3
Starting parallel cp from shared to local -----------------------------
Trial[3] cp shared→local of 2 files took 119.743973815 seconds
vm.drop_caches = 3
Starting parallel cp from local to shared -----------------------------
Trial[3] cp local→shared of 2 files took 33.533502343 seconds
{ "filesize": "51200MB", "3": { "ntasks": 2, "shared-to-local-bw(MB/s)": 8.55, "local-to-share-bw(MB/s)": 30.54 } }
------------------------------------------------------
vm.drop_caches = 3
Trial 3 | ntask=4
Generating 4 files using IOR for 50GB total...
vm.drop_caches = 3
Starting parallel cp from shared to local -----------------------------
Trial[3] cp shared→local of 4 files took 98.013354225 seconds
vm.drop_caches = 3
Starting parallel cp from local to shared -----------------------------
Trial[3] cp local→shared of 4 files took 23.737425869 seconds
{ "filesize": "51200MB", "3": { "ntasks": 4, "shared-to-local-bw(MB/s)": 10.45, "local-to-share-bw(MB/s)": 43.14 } }
------------------------------------------------------
vm.drop_caches = 3
Trial 3 | ntask=8
Generating 8 files using IOR for 50GB total...
vm.drop_caches = 3
Starting parallel cp from shared to local -----------------------------
Trial[3] cp shared→local of 8 files took 104.650741467 seconds
vm.drop_caches = 3
Starting parallel cp from local to shared -----------------------------
Trial[3] cp local→shared of 8 files took 20.076978525 seconds
{ "filesize": "51200MB", "3": { "ntasks": 8, "shared-to-local-bw(MB/s)": 9.78, "local-to-share-bw(MB/s)": 51.00 } }
------------------------------------------------------
vm.drop_caches = 3
Trial 3 | ntask=16
Generating 16 files using IOR for 50GB total...
vm.drop_caches = 3
Starting parallel cp from shared to local -----------------------------
Trial[3] cp shared→local of 16 files took 169.000749289 seconds
vm.drop_caches = 3
Starting parallel cp from local to shared -----------------------------
Trial[3] cp local→shared of 16 files took 18.040484635 seconds
{ "filesize": "51200MB", "3": { "ntasks": 16, "shared-to-local-bw(MB/s)": 6.06, "local-to-share-bw(MB/s)": 56.76 } }
------------------------------------------------------
vm.drop_caches = 3
Trial 3 | ntask=32
Generating 32 files using IOR for 50GB total...
vm.drop_caches = 3
Starting parallel cp from shared to local -----------------------------
Trial[3] cp shared→local of 32 files took 7.869680707 seconds
vm.drop_caches = 3
Starting parallel cp from local to shared -----------------------------
Trial[3] cp local→shared of 32 files took 7.709790634 seconds
{ "filesize": "51200MB", "3": { "ntasks": 32, "shared-to-local-bw(MB/s)": 130.12, "local-to-share-bw(MB/s)": 132.82 } }
------------------------------------------------------
vm.drop_caches = 3
Trial 3 | ntask=64
Generating 64 files using IOR for 50GB total...
vm.drop_caches = 3
Starting parallel cp from shared to local -----------------------------
Trial[3] cp shared→local of 64 files took 197.811445204 seconds
vm.drop_caches = 3
Starting parallel cp from local to shared -----------------------------
Trial[3] cp local→shared of 64 files took 19.410849032 seconds
{ "filesize": "51200MB", "3": { "ntasks": 64, "shared-to-local-bw(MB/s)": 5.18, "local-to-share-bw(MB/s)": 52.75 } }
------------------------------------------------------
vm.drop_caches = 3
Trial 3 | ntask=128
Generating 128 files using IOR for 50GB total...
vm.drop_caches = 3
Starting parallel cp from shared to local -----------------------------
Trial[3] cp shared→local of 128 files took 139.655431919 seconds
vm.drop_caches = 3
Starting parallel cp from local to shared -----------------------------
Trial[3] cp local→shared of 128 files took 16.736438838 seconds
{ "filesize": "51200MB", "3": { "ntasks": 128, "shared-to-local-bw(MB/s)": 7.33, "local-to-share-bw(MB/s)": 61.18 } }
------------------------------------------------------
vm.drop_caches = 3
