hostlist: dc129,dc134,dc135,dc137,dc138,dc142,dc144,dc145,dc147,dc148,dc151,dc152,dc154,dc155,dc156,dc158,
vm.drop_caches = 3
Running 1GB test
Trial 1 | ntask=2
Generating 2 files using IOR...
vm.drop_caches = 3
Generated 2 files.
Starting parallel cp from shared to local -----------------------------
Trial[1] cp shared→local of 2 files took .671263553 seconds
vm.drop_caches = 3
Starting parallel cp from local to shared -----------------------------
Trial[1] cp local→shared of 2 files took .684755479 seconds
{ "filesize": "1024MB", "1": { "ntasks": 2, "shared-to-local-bw(MB/s)": 1525.48, "local-to-share-bw(MB/s)": 1495.42 } }
------------------------------------------------------
vm.drop_caches = 3
Trial 1 | ntask=4
Generating 4 files using IOR...
vm.drop_caches = 3
Generated 4 files.
Starting parallel cp from shared to local -----------------------------
Trial[1] cp shared→local of 4 files took .354371119 seconds
vm.drop_caches = 3
Starting parallel cp from local to shared -----------------------------
Trial[1] cp local→shared of 4 files took .326577727 seconds
{ "filesize": "1024MB", "1": { "ntasks": 4, "shared-to-local-bw(MB/s)": 2889.63, "local-to-share-bw(MB/s)": 3135.55 } }
------------------------------------------------------
vm.drop_caches = 3
Trial 1 | ntask=8
Generating 8 files using IOR...
vm.drop_caches = 3
Generated 8 files.
Starting parallel cp from shared to local -----------------------------
Trial[1] cp shared→local of 8 files took .196372491 seconds
vm.drop_caches = 3
Starting parallel cp from local to shared -----------------------------
Trial[1] cp local→shared of 8 files took .224571567 seconds
{ "filesize": "1024MB", "1": { "ntasks": 8, "shared-to-local-bw(MB/s)": 5214.58, "local-to-share-bw(MB/s)": 4559.79 } }
------------------------------------------------------
vm.drop_caches = 3
Trial 1 | ntask=16
Generating 16 files using IOR...
vm.drop_caches = 3
Generated 16 files.
Starting parallel cp from shared to local -----------------------------
Trial[1] cp shared→local of 16 files took .127769705 seconds
vm.drop_caches = 3
Starting parallel cp from local to shared -----------------------------
Trial[1] cp local→shared of 16 files took .152097580 seconds
{ "filesize": "1024MB", "1": { "ntasks": 16, "shared-to-local-bw(MB/s)": 8014.42, "local-to-share-bw(MB/s)": 6732.52 } }
------------------------------------------------------
vm.drop_caches = 3
Trial 1 | ntask=32
Generating 32 files using IOR...
vm.drop_caches = 3
Generated 32 files.
Starting parallel cp from shared to local -----------------------------
Trial[1] cp shared→local of 32 files took .118928833 seconds
vm.drop_caches = 3
Starting parallel cp from local to shared -----------------------------
Trial[1] cp local→shared of 32 files took .144349034 seconds
{ "filesize": "1024MB", "1": { "ntasks": 32, "shared-to-local-bw(MB/s)": 8610.19, "local-to-share-bw(MB/s)": 7093.92 } }
------------------------------------------------------
vm.drop_caches = 3
Trial 1 | ntask=64
Generating 64 files using IOR...
vm.drop_caches = 3
Generated 64 files.
Starting parallel cp from shared to local -----------------------------
Trial[1] cp shared→local of 64 files took .147463281 seconds
vm.drop_caches = 3
Starting parallel cp from local to shared -----------------------------
Trial[1] cp local→shared of 64 files took .195023078 seconds
{ "filesize": "1024MB", "1": { "ntasks": 64, "shared-to-local-bw(MB/s)": 6944.10, "local-to-share-bw(MB/s)": 5250.66 } }
------------------------------------------------------
vm.drop_caches = 3
Trial 1 | ntask=128
Generating 128 files using IOR...
vm.drop_caches = 3
Generated 128 files.
Starting parallel cp from shared to local -----------------------------
Trial[1] cp shared→local of 128 files took .216619974 seconds
vm.drop_caches = 3
Starting parallel cp from local to shared -----------------------------
Trial[1] cp local→shared of 128 files took .334674188 seconds
{ "filesize": "1024MB", "1": { "ntasks": 128, "shared-to-local-bw(MB/s)": 4727.17, "local-to-share-bw(MB/s)": 3059.69 } }
------------------------------------------------------
vm.drop_caches = 3
Trial 2 | ntask=2
Generating 2 files using IOR...
vm.drop_caches = 3
Generated 2 files.
Starting parallel cp from shared to local -----------------------------
Trial[2] cp shared→local of 2 files took .704296612 seconds
vm.drop_caches = 3
Starting parallel cp from local to shared -----------------------------
Trial[2] cp local→shared of 2 files took .659283723 seconds
{ "filesize": "1024MB", "2": { "ntasks": 2, "shared-to-local-bw(MB/s)": 1453.93, "local-to-share-bw(MB/s)": 1553.20 } }
------------------------------------------------------
vm.drop_caches = 3
Trial 2 | ntask=4
Generating 4 files using IOR...
vm.drop_caches = 3
Generated 4 files.
Starting parallel cp from shared to local -----------------------------
Trial[2] cp shared→local of 4 files took .328749972 seconds
vm.drop_caches = 3
Starting parallel cp from local to shared -----------------------------
Trial[2] cp local→shared of 4 files took .332884261 seconds
{ "filesize": "1024MB", "2": { "ntasks": 4, "shared-to-local-bw(MB/s)": 3114.83, "local-to-share-bw(MB/s)": 3076.14 } }
------------------------------------------------------
vm.drop_caches = 3
Trial 2 | ntask=8
Generating 8 files using IOR...
vm.drop_caches = 3
Generated 8 files.
Starting parallel cp from shared to local -----------------------------
Trial[2] cp shared→local of 8 files took .191477242 seconds
vm.drop_caches = 3
Starting parallel cp from local to shared -----------------------------
Trial[2] cp local→shared of 8 files took .194821350 seconds
{ "filesize": "1024MB", "2": { "ntasks": 8, "shared-to-local-bw(MB/s)": 5347.89, "local-to-share-bw(MB/s)": 5256.10 } }
------------------------------------------------------
vm.drop_caches = 3
Trial 2 | ntask=16
Generating 16 files using IOR...
vm.drop_caches = 3
Generated 16 files.
Starting parallel cp from shared to local -----------------------------
Trial[2] cp shared→local of 16 files took .121288562 seconds
vm.drop_caches = 3
Starting parallel cp from local to shared -----------------------------
Trial[2] cp local→shared of 16 files took .131610502 seconds
{ "filesize": "1024MB", "2": { "ntasks": 16, "shared-to-local-bw(MB/s)": 8442.68, "local-to-share-bw(MB/s)": 7780.53 } }
------------------------------------------------------
vm.drop_caches = 3
Trial 2 | ntask=32
Generating 32 files using IOR...
vm.drop_caches = 3
Generated 32 files.
Starting parallel cp from shared to local -----------------------------
Trial[2] cp shared→local of 32 files took .121867285 seconds
vm.drop_caches = 3
Starting parallel cp from local to shared -----------------------------
Trial[2] cp local→shared of 32 files took .138642442 seconds
{ "filesize": "1024MB", "2": { "ntasks": 32, "shared-to-local-bw(MB/s)": 8402.58, "local-to-share-bw(MB/s)": 7385.91 } }
------------------------------------------------------
vm.drop_caches = 3
Trial 2 | ntask=64
Generating 64 files using IOR...
vm.drop_caches = 3
Generated 64 files.
Starting parallel cp from shared to local -----------------------------
Trial[2] cp shared→local of 64 files took .156790973 seconds
vm.drop_caches = 3
Starting parallel cp from local to shared -----------------------------
Trial[2] cp local→shared of 64 files took .199275444 seconds
{ "filesize": "1024MB", "2": { "ntasks": 64, "shared-to-local-bw(MB/s)": 6530.99, "local-to-share-bw(MB/s)": 5138.62 } }
------------------------------------------------------
vm.drop_caches = 3
Trial 2 | ntask=128
Generating 128 files using IOR...
vm.drop_caches = 3
Generated 128 files.
Starting parallel cp from shared to local -----------------------------
Trial[2] cp shared→local of 128 files took .218615377 seconds
vm.drop_caches = 3
Starting parallel cp from local to shared -----------------------------
Trial[2] cp local→shared of 128 files took .331983117 seconds
{ "filesize": "1024MB", "2": { "ntasks": 128, "shared-to-local-bw(MB/s)": 4684.03, "local-to-share-bw(MB/s)": 3084.49 } }
------------------------------------------------------
vm.drop_caches = 3
Trial 3 | ntask=2
Generating 2 files using IOR...
vm.drop_caches = 3
Generated 2 files.
Starting parallel cp from shared to local -----------------------------
Trial[3] cp shared→local of 2 files took .690305271 seconds
vm.drop_caches = 3
Starting parallel cp from local to shared -----------------------------
Trial[3] cp local→shared of 2 files took .658663600 seconds
{ "filesize": "1024MB", "3": { "ntasks": 2, "shared-to-local-bw(MB/s)": 1483.40, "local-to-share-bw(MB/s)": 1554.66 } }
------------------------------------------------------
vm.drop_caches = 3
Trial 3 | ntask=4
Generating 4 files using IOR...
vm.drop_caches = 3
Generated 4 files.
Starting parallel cp from shared to local -----------------------------
Trial[3] cp shared→local of 4 files took .381969926 seconds
vm.drop_caches = 3
Starting parallel cp from local to shared -----------------------------
Trial[3] cp local→shared of 4 files took .334485544 seconds
{ "filesize": "1024MB", "3": { "ntasks": 4, "shared-to-local-bw(MB/s)": 2680.84, "local-to-share-bw(MB/s)": 3061.42 } }
------------------------------------------------------
vm.drop_caches = 3
Trial 3 | ntask=8
Generating 8 files using IOR...
vm.drop_caches = 3
Generated 8 files.
Starting parallel cp from shared to local -----------------------------
Trial[3] cp shared→local of 8 files took .195752528 seconds
vm.drop_caches = 3
Starting parallel cp from local to shared -----------------------------
Trial[3] cp local→shared of 8 files took .206166387 seconds
{ "filesize": "1024MB", "3": { "ntasks": 8, "shared-to-local-bw(MB/s)": 5231.09, "local-to-share-bw(MB/s)": 4966.86 } }
------------------------------------------------------
vm.drop_caches = 3
Trial 3 | ntask=16
Generating 16 files using IOR...
vm.drop_caches = 3
Generated 16 files.
Starting parallel cp from shared to local -----------------------------
Trial[3] cp shared→local of 16 files took .123591566 seconds
vm.drop_caches = 3
Starting parallel cp from local to shared -----------------------------
Trial[3] cp local→shared of 16 files took .145378052 seconds
{ "filesize": "1024MB", "3": { "ntasks": 16, "shared-to-local-bw(MB/s)": 8285.36, "local-to-share-bw(MB/s)": 7043.70 } }
------------------------------------------------------
vm.drop_caches = 3
Trial 3 | ntask=32
Generating 32 files using IOR...
vm.drop_caches = 3
Generated 32 files.
Starting parallel cp from shared to local -----------------------------
Trial[3] cp shared→local of 32 files took .128863760 seconds
vm.drop_caches = 3
Starting parallel cp from local to shared -----------------------------
Trial[3] cp local→shared of 32 files took .136589662 seconds
{ "filesize": "1024MB", "3": { "ntasks": 32, "shared-to-local-bw(MB/s)": 7946.38, "local-to-share-bw(MB/s)": 7496.91 } }
------------------------------------------------------
vm.drop_caches = 3
Trial 3 | ntask=64
Generating 64 files using IOR...
vm.drop_caches = 3
Generated 64 files.
Starting parallel cp from shared to local -----------------------------
Trial[3] cp shared→local of 64 files took .160621050 seconds
vm.drop_caches = 3
Starting parallel cp from local to shared -----------------------------
Trial[3] cp local→shared of 64 files took .191516812 seconds
{ "filesize": "1024MB", "3": { "ntasks": 64, "shared-to-local-bw(MB/s)": 6375.25, "local-to-share-bw(MB/s)": 5346.79 } }
------------------------------------------------------
vm.drop_caches = 3
Trial 3 | ntask=128
Generating 128 files using IOR...
vm.drop_caches = 3
Generated 128 files.
Starting parallel cp from shared to local -----------------------------
Trial[3] cp shared→local of 128 files took .222757048 seconds
vm.drop_caches = 3
Starting parallel cp from local to shared -----------------------------
Trial[3] cp local→shared of 128 files took .326065389 seconds
{ "filesize": "1024MB", "3": { "ntasks": 128, "shared-to-local-bw(MB/s)": 4596.94, "local-to-share-bw(MB/s)": 3140.47 } }
------------------------------------------------------
vm.drop_caches = 3
Running 5GB test
Trial 1 | ntask=2
Generating 2 files using IOR for 5GB total...
vm.drop_caches = 3
Starting parallel cp from shared to local -----------------------------
Trial[1] cp shared→local of 2 files took 3.605291069 seconds
vm.drop_caches = 3
Starting parallel cp from local to shared -----------------------------
Trial[1] cp local→shared of 2 files took 3.240799146 seconds
{ "filesize": "5120MB", "1": { "ntasks": 2, "shared-to-local-bw(MB/s)": 284.03, "local-to-share-bw(MB/s)": 315.97 } }
------------------------------------------------------
vm.drop_caches = 3
Trial 1 | ntask=4
Generating 4 files using IOR for 5GB total...
vm.drop_caches = 3
Starting parallel cp from shared to local -----------------------------
Trial[1] cp shared→local of 4 files took 1.834869177 seconds
vm.drop_caches = 3
Starting parallel cp from local to shared -----------------------------
Trial[1] cp local→shared of 4 files took 1.624237195 seconds
{ "filesize": "5120MB", "1": { "ntasks": 4, "shared-to-local-bw(MB/s)": 558.08, "local-to-share-bw(MB/s)": 630.45 } }
------------------------------------------------------
vm.drop_caches = 3
Trial 1 | ntask=8
Generating 8 files using IOR for 5GB total...
vm.drop_caches = 3
Starting parallel cp from shared to local -----------------------------
Trial[1] cp shared→local of 8 files took .884147170 seconds
vm.drop_caches = 3
Starting parallel cp from local to shared -----------------------------
Trial[1] cp local→shared of 8 files took .857462058 seconds
{ "filesize": "5120MB", "1": { "ntasks": 8, "shared-to-local-bw(MB/s)": 1158.18, "local-to-share-bw(MB/s)": 1194.22 } }
------------------------------------------------------
vm.drop_caches = 3
Trial 1 | ntask=16
Generating 16 files using IOR for 5GB total...
vm.drop_caches = 3
Starting parallel cp from shared to local -----------------------------
Trial[1] cp shared→local of 16 files took .551164428 seconds
vm.drop_caches = 3
Starting parallel cp from local to shared -----------------------------
Trial[1] cp local→shared of 16 files took .492814688 seconds
{ "filesize": "5120MB", "1": { "ntasks": 16, "shared-to-local-bw(MB/s)": 1857.88, "local-to-share-bw(MB/s)": 2077.86 } }
------------------------------------------------------
vm.drop_caches = 3
Trial 1 | ntask=32
Generating 32 files using IOR for 5GB total...
vm.drop_caches = 3
Starting parallel cp from shared to local -----------------------------
Trial[1] cp shared→local of 32 files took .473514261 seconds
vm.drop_caches = 3
Starting parallel cp from local to shared -----------------------------
Trial[1] cp local→shared of 32 files took .485951394 seconds
{ "filesize": "5120MB", "1": { "ntasks": 32, "shared-to-local-bw(MB/s)": 2162.55, "local-to-share-bw(MB/s)": 2107.21 } }
------------------------------------------------------
vm.drop_caches = 3
Trial 1 | ntask=64
Generating 64 files using IOR for 5GB total...
vm.drop_caches = 3
Starting parallel cp from shared to local -----------------------------
Trial[1] cp shared→local of 64 files took .479535526 seconds
vm.drop_caches = 3
Starting parallel cp from local to shared -----------------------------
Trial[1] cp local→shared of 64 files took .477945255 seconds
{ "filesize": "5120MB", "1": { "ntasks": 64, "shared-to-local-bw(MB/s)": 2135.40, "local-to-share-bw(MB/s)": 2142.50 } }
------------------------------------------------------
vm.drop_caches = 3
Trial 1 | ntask=128
Generating 128 files using IOR for 5GB total...
vm.drop_caches = 3
Starting parallel cp from shared to local -----------------------------
Trial[1] cp shared→local of 128 files took .479857085 seconds
vm.drop_caches = 3
Starting parallel cp from local to shared -----------------------------
Trial[1] cp local→shared of 128 files took .542954745 seconds
{ "filesize": "5120MB", "1": { "ntasks": 128, "shared-to-local-bw(MB/s)": 2133.97, "local-to-share-bw(MB/s)": 1885.98 } }
------------------------------------------------------
vm.drop_caches = 3
Trial 2 | ntask=2
Generating 2 files using IOR for 5GB total...
vm.drop_caches = 3
Starting parallel cp from shared to local -----------------------------
Trial[2] cp shared→local of 2 files took 3.907529344 seconds
vm.drop_caches = 3
Starting parallel cp from local to shared -----------------------------
Trial[2] cp local→shared of 2 files took 3.221447317 seconds
{ "filesize": "5120MB", "2": { "ntasks": 2, "shared-to-local-bw(MB/s)": 262.06, "local-to-share-bw(MB/s)": 317.87 } }
------------------------------------------------------
vm.drop_caches = 3
Trial 2 | ntask=4
Generating 4 files using IOR for 5GB total...
vm.drop_caches = 3
Starting parallel cp from shared to local -----------------------------
Trial[2] cp shared→local of 4 files took 2.015545758 seconds
vm.drop_caches = 3
Starting parallel cp from local to shared -----------------------------
Trial[2] cp local→shared of 4 files took 1.322449051 seconds
{ "filesize": "5120MB", "2": { "ntasks": 4, "shared-to-local-bw(MB/s)": 508.05, "local-to-share-bw(MB/s)": 774.32 } }
------------------------------------------------------
vm.drop_caches = 3
Trial 2 | ntask=8
Generating 8 files using IOR for 5GB total...
vm.drop_caches = 3
Starting parallel cp from shared to local -----------------------------
Trial[2] cp shared→local of 8 files took .840478124 seconds
vm.drop_caches = 3
Starting parallel cp from local to shared -----------------------------
Trial[2] cp local→shared of 8 files took .847168207 seconds
{ "filesize": "5120MB", "2": { "ntasks": 8, "shared-to-local-bw(MB/s)": 1218.35, "local-to-share-bw(MB/s)": 1208.73 } }
------------------------------------------------------
vm.drop_caches = 3
Trial 2 | ntask=16
Generating 16 files using IOR for 5GB total...
vm.drop_caches = 3
Starting parallel cp from shared to local -----------------------------
Trial[2] cp shared→local of 16 files took .485325056 seconds
vm.drop_caches = 3
Starting parallel cp from local to shared -----------------------------
Trial[2] cp local→shared of 16 files took .499720328 seconds
{ "filesize": "5120MB", "2": { "ntasks": 16, "shared-to-local-bw(MB/s)": 2109.93, "local-to-share-bw(MB/s)": 2049.15 } }
------------------------------------------------------
vm.drop_caches = 3
Trial 2 | ntask=32
Generating 32 files using IOR for 5GB total...
vm.drop_caches = 3
Starting parallel cp from shared to local -----------------------------
Trial[2] cp shared→local of 32 files took .486358636 seconds
vm.drop_caches = 3
Starting parallel cp from local to shared -----------------------------
Trial[2] cp local→shared of 32 files took .470708623 seconds
{ "filesize": "5120MB", "2": { "ntasks": 32, "shared-to-local-bw(MB/s)": 2105.44, "local-to-share-bw(MB/s)": 2175.44 } }
------------------------------------------------------
vm.drop_caches = 3
Trial 2 | ntask=64
Generating 64 files using IOR for 5GB total...
vm.drop_caches = 3
Starting parallel cp from shared to local -----------------------------
Trial[2] cp shared→local of 64 files took .476375480 seconds
vm.drop_caches = 3
Starting parallel cp from local to shared -----------------------------
Trial[2] cp local→shared of 64 files took .471368771 seconds
{ "filesize": "5120MB", "2": { "ntasks": 64, "shared-to-local-bw(MB/s)": 2149.56, "local-to-share-bw(MB/s)": 2172.40 } }
------------------------------------------------------
vm.drop_caches = 3
Trial 2 | ntask=128
Generating 128 files using IOR for 5GB total...
vm.drop_caches = 3
Starting parallel cp from shared to local -----------------------------
Trial[2] cp shared→local of 128 files took .471477041 seconds
vm.drop_caches = 3
Starting parallel cp from local to shared -----------------------------
Trial[2] cp local→shared of 128 files took .496194826 seconds
{ "filesize": "5120MB", "2": { "ntasks": 128, "shared-to-local-bw(MB/s)": 2171.90, "local-to-share-bw(MB/s)": 2063.71 } }
------------------------------------------------------
vm.drop_caches = 3
Trial 3 | ntask=2
Generating 2 files using IOR for 5GB total...
vm.drop_caches = 3
Starting parallel cp from shared to local -----------------------------
Trial[3] cp shared→local of 2 files took 3.208265458 seconds
vm.drop_caches = 3
Starting parallel cp from local to shared -----------------------------
Trial[3] cp local→shared of 2 files took 2.541730130 seconds
{ "filesize": "5120MB", "3": { "ntasks": 2, "shared-to-local-bw(MB/s)": 319.18, "local-to-share-bw(MB/s)": 402.88 } }
------------------------------------------------------
vm.drop_caches = 3
Trial 3 | ntask=4
Generating 4 files using IOR for 5GB total...
vm.drop_caches = 3
Starting parallel cp from shared to local -----------------------------
Trial[3] cp shared→local of 4 files took 1.719146836 seconds
vm.drop_caches = 3
Starting parallel cp from local to shared -----------------------------
Trial[3] cp local→shared of 4 files took 1.532355228 seconds
{ "filesize": "5120MB", "3": { "ntasks": 4, "shared-to-local-bw(MB/s)": 595.64, "local-to-share-bw(MB/s)": 668.25 } }
------------------------------------------------------
vm.drop_caches = 3
Trial 3 | ntask=8
Generating 8 files using IOR for 5GB total...
vm.drop_caches = 3
Starting parallel cp from shared to local -----------------------------
Trial[3] cp shared→local of 8 files took .744674864 seconds
vm.drop_caches = 3
Starting parallel cp from local to shared -----------------------------
Trial[3] cp local→shared of 8 files took .794929085 seconds
{ "filesize": "5120MB", "3": { "ntasks": 8, "shared-to-local-bw(MB/s)": 1375.10, "local-to-share-bw(MB/s)": 1288.17 } }
------------------------------------------------------
vm.drop_caches = 3
Trial 3 | ntask=16
Generating 16 files using IOR for 5GB total...
vm.drop_caches = 3
Starting parallel cp from shared to local -----------------------------
Trial[3] cp shared→local of 16 files took .538156699 seconds
vm.drop_caches = 3
Starting parallel cp from local to shared -----------------------------
Trial[3] cp local→shared of 16 files took .493893504 seconds
{ "filesize": "5120MB", "3": { "ntasks": 16, "shared-to-local-bw(MB/s)": 1902.79, "local-to-share-bw(MB/s)": 2073.32 } }
------------------------------------------------------
vm.drop_caches = 3
Trial 3 | ntask=32
Generating 32 files using IOR for 5GB total...
vm.drop_caches = 3
Starting parallel cp from shared to local -----------------------------
Trial[3] cp shared→local of 32 files took .483675731 seconds
vm.drop_caches = 3
Starting parallel cp from local to shared -----------------------------
Trial[3] cp local→shared of 32 files took .472379312 seconds
{ "filesize": "5120MB", "3": { "ntasks": 32, "shared-to-local-bw(MB/s)": 2117.12, "local-to-share-bw(MB/s)": 2167.75 } }
------------------------------------------------------
vm.drop_caches = 3
Trial 3 | ntask=64
Generating 64 files using IOR for 5GB total...
vm.drop_caches = 3
Starting parallel cp from shared to local -----------------------------
Trial[3] cp shared→local of 64 files took .489721936 seconds
vm.drop_caches = 3
Starting parallel cp from local to shared -----------------------------
Trial[3] cp local→shared of 64 files took .474429597 seconds
{ "filesize": "5120MB", "3": { "ntasks": 64, "shared-to-local-bw(MB/s)": 2090.98, "local-to-share-bw(MB/s)": 2158.38 } }
------------------------------------------------------
vm.drop_caches = 3
Trial 3 | ntask=128
Generating 128 files using IOR for 5GB total...
vm.drop_caches = 3
Starting parallel cp from shared to local -----------------------------
Trial[3] cp shared→local of 128 files took .472000687 seconds
vm.drop_caches = 3
Starting parallel cp from local to shared -----------------------------
Trial[3] cp local→shared of 128 files took .507183838 seconds
{ "filesize": "5120MB", "3": { "ntasks": 128, "shared-to-local-bw(MB/s)": 2169.49, "local-to-share-bw(MB/s)": 2018.99 } }
------------------------------------------------------
vm.drop_caches = 3
Running 50GB test
Trial 1 | ntask=2
Generating 2 files using IOR for 50GB total...
vm.drop_caches = 3
Starting parallel cp from shared to local -----------------------------
Trial[1] cp shared→local of 2 files took 67.526518584 seconds
vm.drop_caches = 3
Starting parallel cp from local to shared -----------------------------
Trial[1] cp local→shared of 2 files took 26.216557404 seconds
{ "filesize": "51200MB", "1": { "ntasks": 2, "shared-to-local-bw(MB/s)": 15.16, "local-to-share-bw(MB/s)": 39.06 } }
------------------------------------------------------
vm.drop_caches = 3
Trial 1 | ntask=4
Generating 4 files using IOR for 50GB total...
vm.drop_caches = 3
Starting parallel cp from shared to local -----------------------------
Trial[1] cp shared→local of 4 files took 33.751834100 seconds
vm.drop_caches = 3
Starting parallel cp from local to shared -----------------------------
Trial[1] cp local→shared of 4 files took 16.903020641 seconds
{ "filesize": "51200MB", "1": { "ntasks": 4, "shared-to-local-bw(MB/s)": 30.34, "local-to-share-bw(MB/s)": 60.58 } }
------------------------------------------------------
vm.drop_caches = 3
Trial 1 | ntask=8
Generating 8 files using IOR for 50GB total...
vm.drop_caches = 3
Starting parallel cp from shared to local -----------------------------
Trial[1] cp shared→local of 8 files took 16.657408698 seconds
vm.drop_caches = 3
Starting parallel cp from local to shared -----------------------------
Trial[1] cp local→shared of 8 files took 7.659749419 seconds
{ "filesize": "51200MB", "1": { "ntasks": 8, "shared-to-local-bw(MB/s)": 61.47, "local-to-share-bw(MB/s)": 133.69 } }
------------------------------------------------------
vm.drop_caches = 3
Trial 1 | ntask=16
Generating 16 files using IOR for 50GB total...
vm.drop_caches = 3
Starting parallel cp from shared to local -----------------------------
Trial[1] cp shared→local of 16 files took 11.233885058 seconds
vm.drop_caches = 3
Starting parallel cp from local to shared -----------------------------
Trial[1] cp local→shared of 16 files took 7.251258821 seconds
{ "filesize": "51200MB", "1": { "ntasks": 16, "shared-to-local-bw(MB/s)": 91.15, "local-to-share-bw(MB/s)": 141.22 } }
------------------------------------------------------
vm.drop_caches = 3
Trial 1 | ntask=32
Generating 32 files using IOR for 50GB total...
vm.drop_caches = 3
Starting parallel cp from shared to local -----------------------------
Trial[1] cp shared→local of 32 files took 5.506318186 seconds
vm.drop_caches = 3
Starting parallel cp from local to shared -----------------------------
Trial[1] cp local→shared of 32 files took 4.858603090 seconds
{ "filesize": "51200MB", "1": { "ntasks": 32, "shared-to-local-bw(MB/s)": 185.97, "local-to-share-bw(MB/s)": 210.76 } }
------------------------------------------------------
vm.drop_caches = 3
Trial 1 | ntask=64
Generating 64 files using IOR for 50GB total...
vm.drop_caches = 3
Starting parallel cp from shared to local -----------------------------
Trial[1] cp shared→local of 64 files took 5.123558295 seconds
vm.drop_caches = 3
Starting parallel cp from local to shared -----------------------------
Trial[1] cp local→shared of 64 files took 5.375564709 seconds
{ "filesize": "51200MB", "1": { "ntasks": 64, "shared-to-local-bw(MB/s)": 199.86, "local-to-share-bw(MB/s)": 190.49 } }
------------------------------------------------------
vm.drop_caches = 3
Trial 1 | ntask=128
Generating 128 files using IOR for 50GB total...
vm.drop_caches = 3
Starting parallel cp from shared to local -----------------------------
Trial[1] cp shared→local of 128 files took 5.189064991 seconds
vm.drop_caches = 3
Starting parallel cp from local to shared -----------------------------
Trial[1] cp local→shared of 128 files took 4.592663395 seconds
{ "filesize": "51200MB", "1": { "ntasks": 128, "shared-to-local-bw(MB/s)": 197.34, "local-to-share-bw(MB/s)": 222.96 } }
------------------------------------------------------
vm.drop_caches = 3
Trial 2 | ntask=2
Generating 2 files using IOR for 50GB total...
vm.drop_caches = 3
Starting parallel cp from shared to local -----------------------------
Trial[2] cp shared→local of 2 files took 79.124056356 seconds
vm.drop_caches = 3
Starting parallel cp from local to shared -----------------------------
Trial[2] cp local→shared of 2 files took 47.391898100 seconds
{ "filesize": "51200MB", "2": { "ntasks": 2, "shared-to-local-bw(MB/s)": 12.94, "local-to-share-bw(MB/s)": 21.61 } }
------------------------------------------------------
vm.drop_caches = 3
Trial 2 | ntask=4
Generating 4 files using IOR for 50GB total...
vm.drop_caches = 3
Starting parallel cp from shared to local -----------------------------
Trial[2] cp shared→local of 4 files took 56.148373114 seconds
vm.drop_caches = 3
Starting parallel cp from local to shared -----------------------------
Trial[2] cp local→shared of 4 files took 59.863332584 seconds
{ "filesize": "51200MB", "2": { "ntasks": 4, "shared-to-local-bw(MB/s)": 18.24, "local-to-share-bw(MB/s)": 17.11 } }
------------------------------------------------------
vm.drop_caches = 3
Trial 2 | ntask=8
Generating 8 files using IOR for 50GB total...
vm.drop_caches = 3
Starting parallel cp from shared to local -----------------------------
Trial[2] cp shared→local of 8 files took 30.461688260 seconds
vm.drop_caches = 3
Starting parallel cp from local to shared -----------------------------
Trial[2] cp local→shared of 8 files took 13.129525564 seconds
{ "filesize": "51200MB", "2": { "ntasks": 8, "shared-to-local-bw(MB/s)": 33.62, "local-to-share-bw(MB/s)": 77.99 } }
------------------------------------------------------
vm.drop_caches = 3
Trial 2 | ntask=16
Generating 16 files using IOR for 50GB total...
vm.drop_caches = 3
Starting parallel cp from shared to local -----------------------------
Trial[2] cp shared→local of 16 files took 14.030893970 seconds
vm.drop_caches = 3
Starting parallel cp from local to shared -----------------------------
Trial[2] cp local→shared of 16 files took 6.584733456 seconds
{ "filesize": "51200MB", "2": { "ntasks": 16, "shared-to-local-bw(MB/s)": 72.98, "local-to-share-bw(MB/s)": 155.51 } }
------------------------------------------------------
vm.drop_caches = 3
Trial 2 | ntask=32
Generating 32 files using IOR for 50GB total...
vm.drop_caches = 3
Starting parallel cp from shared to local -----------------------------
Trial[2] cp shared→local of 32 files took 11.345446974 seconds
vm.drop_caches = 3
Starting parallel cp from local to shared -----------------------------
Trial[2] cp local→shared of 32 files took 5.205459258 seconds
{ "filesize": "51200MB", "2": { "ntasks": 32, "shared-to-local-bw(MB/s)": 90.26, "local-to-share-bw(MB/s)": 196.72 } }
------------------------------------------------------
vm.drop_caches = 3
Trial 2 | ntask=64
Generating 64 files using IOR for 50GB total...
vm.drop_caches = 3
Starting parallel cp from shared to local -----------------------------
Trial[2] cp shared→local of 64 files took 5.459428269 seconds
vm.drop_caches = 3
Starting parallel cp from local to shared -----------------------------
Trial[2] cp local→shared of 64 files took 4.987962426 seconds
{ "filesize": "51200MB", "2": { "ntasks": 64, "shared-to-local-bw(MB/s)": 187.57, "local-to-share-bw(MB/s)": 205.29 } }
------------------------------------------------------
vm.drop_caches = 3
Trial 2 | ntask=128
Generating 128 files using IOR for 50GB total...
vm.drop_caches = 3
Starting parallel cp from shared to local -----------------------------
Trial[2] cp shared→local of 128 files took 5.724932704 seconds
vm.drop_caches = 3
Starting parallel cp from local to shared -----------------------------
Trial[2] cp local→shared of 128 files took 4.930855868 seconds
{ "filesize": "51200MB", "2": { "ntasks": 128, "shared-to-local-bw(MB/s)": 178.87, "local-to-share-bw(MB/s)": 207.67 } }
------------------------------------------------------
vm.drop_caches = 3
Trial 3 | ntask=2
Generating 2 files using IOR for 50GB total...
vm.drop_caches = 3
Starting parallel cp from shared to local -----------------------------
Trial[3] cp shared→local of 2 files took 66.207382247 seconds
vm.drop_caches = 3
Starting parallel cp from local to shared -----------------------------
Trial[3] cp local→shared of 2 files took 31.569855761 seconds
{ "filesize": "51200MB", "3": { "ntasks": 2, "shared-to-local-bw(MB/s)": 15.47, "local-to-share-bw(MB/s)": 32.44 } }
------------------------------------------------------
vm.drop_caches = 3
Trial 3 | ntask=4
Generating 4 files using IOR for 50GB total...
vm.drop_caches = 3
Starting parallel cp from shared to local -----------------------------
Trial[3] cp shared→local of 4 files took 27.699598571 seconds
vm.drop_caches = 3
Starting parallel cp from local to shared -----------------------------
Trial[3] cp local→shared of 4 files took 12.764805200 seconds
{ "filesize": "51200MB", "3": { "ntasks": 4, "shared-to-local-bw(MB/s)": 36.97, "local-to-share-bw(MB/s)": 80.22 } }
------------------------------------------------------
vm.drop_caches = 3
Trial 3 | ntask=8
Generating 8 files using IOR for 50GB total...
vm.drop_caches = 3
Starting parallel cp from shared to local -----------------------------
Trial[3] cp shared→local of 8 files took 13.952836253 seconds
vm.drop_caches = 3
Starting parallel cp from local to shared -----------------------------
Trial[3] cp local→shared of 8 files took 8.015197093 seconds
{ "filesize": "51200MB", "3": { "ntasks": 8, "shared-to-local-bw(MB/s)": 73.39, "local-to-share-bw(MB/s)": 127.76 } }
------------------------------------------------------
vm.drop_caches = 3
Trial 3 | ntask=16
Generating 16 files using IOR for 50GB total...
vm.drop_caches = 3
Starting parallel cp from shared to local -----------------------------
Trial[3] cp shared→local of 16 files took 9.722354384 seconds
vm.drop_caches = 3
Starting parallel cp from local to shared -----------------------------
Trial[3] cp local→shared of 16 files took 5.214074740 seconds
{ "filesize": "51200MB", "3": { "ntasks": 16, "shared-to-local-bw(MB/s)": 105.32, "local-to-share-bw(MB/s)": 196.39 } }
------------------------------------------------------
vm.drop_caches = 3
Trial 3 | ntask=32
Generating 32 files using IOR for 50GB total...
vm.drop_caches = 3
Starting parallel cp from shared to local -----------------------------
Trial[3] cp shared→local of 32 files took 5.040726718 seconds
vm.drop_caches = 3
Starting parallel cp from local to shared -----------------------------
Trial[3] cp local→shared of 32 files took 4.531881423 seconds
{ "filesize": "51200MB", "3": { "ntasks": 32, "shared-to-local-bw(MB/s)": 203.15, "local-to-share-bw(MB/s)": 225.95 } }
------------------------------------------------------
vm.drop_caches = 3
Trial 3 | ntask=64
Generating 64 files using IOR for 50GB total...
vm.drop_caches = 3
Starting parallel cp from shared to local -----------------------------
Trial[3] cp shared→local of 64 files took 4.893620118 seconds
vm.drop_caches = 3
Starting parallel cp from local to shared -----------------------------
Trial[3] cp local→shared of 64 files took 4.720679679 seconds
{ "filesize": "51200MB", "3": { "ntasks": 64, "shared-to-local-bw(MB/s)": 209.25, "local-to-share-bw(MB/s)": 216.92 } }
------------------------------------------------------
vm.drop_caches = 3
Trial 3 | ntask=128
Generating 128 files using IOR for 50GB total...
vm.drop_caches = 3
Starting parallel cp from shared to local -----------------------------
Trial[3] cp shared→local of 128 files took 5.216010776 seconds
vm.drop_caches = 3
Starting parallel cp from local to shared -----------------------------
Trial[3] cp local→shared of 128 files took 4.824834363 seconds
{ "filesize": "51200MB", "3": { "ntasks": 128, "shared-to-local-bw(MB/s)": 196.32, "local-to-share-bw(MB/s)": 212.24 } }
------------------------------------------------------
vm.drop_caches = 3
