hostlist: dc129,dc137,dc138,dc148,
vm.drop_caches = 3
Running 1GB test
Trial 1 | ntask=2
Generating 2 files using IOR...
vm.drop_caches = 3
Generated 2 files.
Starting parallel cp from shared to local -----------------------------
Trial[1] cp shared→local of 2 files took .542995221 seconds
vm.drop_caches = 3
Starting parallel cp from local to shared -----------------------------
Trial[1] cp local→shared of 2 files took .530211566 seconds
{ "filesize": "1024MB", "1": { "ntasks": 2, "shared-to-local-bw(MB/s)": 1885.84, "local-to-share-bw(MB/s)": 1931.30 } }
------------------------------------------------------
vm.drop_caches = 3
Trial 1 | ntask=4
Generating 4 files using IOR...
vm.drop_caches = 3
Generated 4 files.
Starting parallel cp from shared to local -----------------------------
Trial[1] cp shared→local of 4 files took .317545908 seconds
vm.drop_caches = 3
Starting parallel cp from local to shared -----------------------------
Trial[1] cp local→shared of 4 files took .270758024 seconds
{ "filesize": "1024MB", "1": { "ntasks": 4, "shared-to-local-bw(MB/s)": 3224.73, "local-to-share-bw(MB/s)": 3781.97 } }
------------------------------------------------------
vm.drop_caches = 3
Trial 1 | ntask=8
Generating 8 files using IOR...
vm.drop_caches = 3
Generated 8 files.
Starting parallel cp from shared to local -----------------------------
Trial[1] cp shared→local of 8 files took .180547765 seconds
vm.drop_caches = 3
Starting parallel cp from local to shared -----------------------------
Trial[1] cp local→shared of 8 files took .184562307 seconds
{ "filesize": "1024MB", "1": { "ntasks": 8, "shared-to-local-bw(MB/s)": 5671.63, "local-to-share-bw(MB/s)": 5548.26 } }
------------------------------------------------------
vm.drop_caches = 3
Trial 1 | ntask=16
Generating 16 files using IOR...
vm.drop_caches = 3
Generated 16 files.
Starting parallel cp from shared to local -----------------------------
Trial[1] cp shared→local of 16 files took .128194899 seconds
vm.drop_caches = 3
Starting parallel cp from local to shared -----------------------------
Trial[1] cp local→shared of 16 files took .132760694 seconds
{ "filesize": "1024MB", "1": { "ntasks": 16, "shared-to-local-bw(MB/s)": 7987.84, "local-to-share-bw(MB/s)": 7713.13 } }
------------------------------------------------------
vm.drop_caches = 3
Trial 1 | ntask=32
Generating 32 files using IOR...
vm.drop_caches = 3
Generated 32 files.
Starting parallel cp from shared to local -----------------------------
Trial[1] cp shared→local of 32 files took .113075667 seconds
vm.drop_caches = 3
Starting parallel cp from local to shared -----------------------------
Trial[1] cp local→shared of 32 files took .159836439 seconds
{ "filesize": "1024MB", "1": { "ntasks": 32, "shared-to-local-bw(MB/s)": 9055.88, "local-to-share-bw(MB/s)": 6406.55 } }
------------------------------------------------------
vm.drop_caches = 3
Trial 1 | ntask=64
Generating 64 files using IOR...
vm.drop_caches = 3
Generated 64 files.
Starting parallel cp from shared to local -----------------------------
Trial[1] cp shared→local of 64 files took .168887498 seconds
vm.drop_caches = 3
Starting parallel cp from local to shared -----------------------------
Trial[1] cp local→shared of 64 files took .201336539 seconds
{ "filesize": "1024MB", "1": { "ntasks": 64, "shared-to-local-bw(MB/s)": 6063.21, "local-to-share-bw(MB/s)": 5086.01 } }
------------------------------------------------------
vm.drop_caches = 3
Trial 1 | ntask=128
Generating 128 files using IOR...
vm.drop_caches = 3
Generated 128 files.
Starting parallel cp from shared to local -----------------------------
Trial[1] cp shared→local of 128 files took .201185981 seconds
vm.drop_caches = 3
Starting parallel cp from local to shared -----------------------------
Trial[1] cp local→shared of 128 files took .363580870 seconds
{ "filesize": "1024MB", "1": { "ntasks": 128, "shared-to-local-bw(MB/s)": 5089.82, "local-to-share-bw(MB/s)": 2816.43 } }
------------------------------------------------------
vm.drop_caches = 3
Trial 2 | ntask=2
Generating 2 files using IOR...
vm.drop_caches = 3
Generated 2 files.
Starting parallel cp from shared to local -----------------------------
Trial[2] cp shared→local of 2 files took .657313971 seconds
vm.drop_caches = 3
Starting parallel cp from local to shared -----------------------------
Trial[2] cp local→shared of 2 files took .641282937 seconds
{ "filesize": "1024MB", "2": { "ntasks": 2, "shared-to-local-bw(MB/s)": 1557.86, "local-to-share-bw(MB/s)": 1596.80 } }
------------------------------------------------------
vm.drop_caches = 3
Trial 2 | ntask=4
Generating 4 files using IOR...
vm.drop_caches = 3
Generated 4 files.
Starting parallel cp from shared to local -----------------------------
Trial[2] cp shared→local of 4 files took .370407186 seconds
vm.drop_caches = 3
Starting parallel cp from local to shared -----------------------------
Trial[2] cp local→shared of 4 files took .334816704 seconds
{ "filesize": "1024MB", "2": { "ntasks": 4, "shared-to-local-bw(MB/s)": 2764.53, "local-to-share-bw(MB/s)": 3058.39 } }
------------------------------------------------------
vm.drop_caches = 3
Trial 2 | ntask=8
Generating 8 files using IOR...
vm.drop_caches = 3
Generated 8 files.
Starting parallel cp from shared to local -----------------------------
Trial[2] cp shared→local of 8 files took .192179902 seconds
vm.drop_caches = 3
Starting parallel cp from local to shared -----------------------------
Trial[2] cp local→shared of 8 files took .179645097 seconds
{ "filesize": "1024MB", "2": { "ntasks": 8, "shared-to-local-bw(MB/s)": 5328.34, "local-to-share-bw(MB/s)": 5700.13 } }
------------------------------------------------------
vm.drop_caches = 3
Trial 2 | ntask=16
Generating 16 files using IOR...
vm.drop_caches = 3
Generated 16 files.
Starting parallel cp from shared to local -----------------------------
Trial[2] cp shared→local of 16 files took .122109996 seconds
vm.drop_caches = 3
Starting parallel cp from local to shared -----------------------------
Trial[2] cp local→shared of 16 files took .138769000 seconds
{ "filesize": "1024MB", "2": { "ntasks": 16, "shared-to-local-bw(MB/s)": 8385.88, "local-to-share-bw(MB/s)": 7379.17 } }
------------------------------------------------------
vm.drop_caches = 3
Trial 2 | ntask=32
Generating 32 files using IOR...
vm.drop_caches = 3
Generated 32 files.
Starting parallel cp from shared to local -----------------------------
Trial[2] cp shared→local of 32 files took .120160769 seconds
vm.drop_caches = 3
Starting parallel cp from local to shared -----------------------------
Trial[2] cp local→shared of 32 files took .139618659 seconds
{ "filesize": "1024MB", "2": { "ntasks": 32, "shared-to-local-bw(MB/s)": 8521.92, "local-to-share-bw(MB/s)": 7334.26 } }
------------------------------------------------------
vm.drop_caches = 3
Trial 2 | ntask=64
Generating 64 files using IOR...
vm.drop_caches = 3
Generated 64 files.
Starting parallel cp from shared to local -----------------------------
Trial[2] cp shared→local of 64 files took .129330557 seconds
vm.drop_caches = 3
Starting parallel cp from local to shared -----------------------------
Trial[2] cp local→shared of 64 files took .340289167 seconds
{ "filesize": "1024MB", "2": { "ntasks": 64, "shared-to-local-bw(MB/s)": 7917.70, "local-to-share-bw(MB/s)": 3009.21 } }
------------------------------------------------------
vm.drop_caches = 3
Trial 2 | ntask=128
Generating 128 files using IOR...
vm.drop_caches = 3
Generated 128 files.
Starting parallel cp from shared to local -----------------------------
Trial[2] cp shared→local of 128 files took .183950523 seconds
vm.drop_caches = 3
Starting parallel cp from local to shared -----------------------------
Trial[2] cp local→shared of 128 files took .703654269 seconds
{ "filesize": "1024MB", "2": { "ntasks": 128, "shared-to-local-bw(MB/s)": 5566.71, "local-to-share-bw(MB/s)": 1455.26 } }
------------------------------------------------------
vm.drop_caches = 3
Trial 3 | ntask=2
Generating 2 files using IOR...
vm.drop_caches = 3
Generated 2 files.
Starting parallel cp from shared to local -----------------------------
Trial[3] cp shared→local of 2 files took .604150436 seconds
vm.drop_caches = 3
Starting parallel cp from local to shared -----------------------------
Trial[3] cp local→shared of 2 files took .911411729 seconds
{ "filesize": "1024MB", "3": { "ntasks": 2, "shared-to-local-bw(MB/s)": 1694.94, "local-to-share-bw(MB/s)": 1123.53 } }
------------------------------------------------------
vm.drop_caches = 3
Trial 3 | ntask=4
Generating 4 files using IOR...
vm.drop_caches = 3
Generated 4 files.
Starting parallel cp from shared to local -----------------------------
Trial[3] cp shared→local of 4 files took .406046647 seconds
vm.drop_caches = 3
Starting parallel cp from local to shared -----------------------------
Trial[3] cp local→shared of 4 files took .572033641 seconds
{ "filesize": "1024MB", "3": { "ntasks": 4, "shared-to-local-bw(MB/s)": 2521.88, "local-to-share-bw(MB/s)": 1790.10 } }
------------------------------------------------------
vm.drop_caches = 3
Trial 3 | ntask=8
Generating 8 files using IOR...
vm.drop_caches = 3
Generated 8 files.
Starting parallel cp from shared to local -----------------------------
Trial[3] cp shared→local of 8 files took .196760295 seconds
vm.drop_caches = 3
Starting parallel cp from local to shared -----------------------------
Trial[3] cp local→shared of 8 files took .185673352 seconds
{ "filesize": "1024MB", "3": { "ntasks": 8, "shared-to-local-bw(MB/s)": 5204.30, "local-to-share-bw(MB/s)": 5515.06 } }
------------------------------------------------------
vm.drop_caches = 3
Trial 3 | ntask=16
Generating 16 files using IOR...
vm.drop_caches = 3
Generated 16 files.
Starting parallel cp from shared to local -----------------------------
Trial[3] cp shared→local of 16 files took .121054298 seconds
vm.drop_caches = 3
Starting parallel cp from local to shared -----------------------------
Trial[3] cp local→shared of 16 files took .131860495 seconds
{ "filesize": "1024MB", "3": { "ntasks": 16, "shared-to-local-bw(MB/s)": 8459.01, "local-to-share-bw(MB/s)": 7765.78 } }
------------------------------------------------------
vm.drop_caches = 3
Trial 3 | ntask=32
Generating 32 files using IOR...
vm.drop_caches = 3
Generated 32 files.
Starting parallel cp from shared to local -----------------------------
Trial[3] cp shared→local of 32 files took .125259496 seconds
vm.drop_caches = 3
Starting parallel cp from local to shared -----------------------------
Trial[3] cp local→shared of 32 files took .123553348 seconds
{ "filesize": "1024MB", "3": { "ntasks": 32, "shared-to-local-bw(MB/s)": 8175.03, "local-to-share-bw(MB/s)": 8287.92 } }
------------------------------------------------------
vm.drop_caches = 3
Trial 3 | ntask=64
Generating 64 files using IOR...
vm.drop_caches = 3
Generated 64 files.
Starting parallel cp from shared to local -----------------------------
Trial[3] cp shared→local of 64 files took .117586791 seconds
vm.drop_caches = 3
Starting parallel cp from local to shared -----------------------------
Trial[3] cp local→shared of 64 files took .179051143 seconds
{ "filesize": "1024MB", "3": { "ntasks": 64, "shared-to-local-bw(MB/s)": 8708.46, "local-to-share-bw(MB/s)": 5719.04 } }
------------------------------------------------------
vm.drop_caches = 3
Trial 3 | ntask=128
Generating 128 files using IOR...
vm.drop_caches = 3
Generated 128 files.
Starting parallel cp from shared to local -----------------------------
Trial[3] cp shared→local of 128 files took .180251189 seconds
vm.drop_caches = 3
Starting parallel cp from local to shared -----------------------------
Trial[3] cp local→shared of 128 files took .318382777 seconds
{ "filesize": "1024MB", "3": { "ntasks": 128, "shared-to-local-bw(MB/s)": 5680.96, "local-to-share-bw(MB/s)": 3216.25 } }
------------------------------------------------------
vm.drop_caches = 3
Running 5GB test
Trial 1 | ntask=2
Generating 2 files using IOR for 5GB total...
vm.drop_caches = 3
Starting parallel cp from shared to local -----------------------------
Trial[1] cp shared→local of 2 files took 2.852145392 seconds
vm.drop_caches = 3
Starting parallel cp from local to shared -----------------------------
Trial[1] cp local→shared of 2 files took 3.259067770 seconds
{ "filesize": "5120MB", "1": { "ntasks": 2, "shared-to-local-bw(MB/s)": 359.03, "local-to-share-bw(MB/s)": 314.20 } }
------------------------------------------------------
vm.drop_caches = 3
Trial 1 | ntask=4
Generating 4 files using IOR for 5GB total...
vm.drop_caches = 3
Starting parallel cp from shared to local -----------------------------
Trial[1] cp shared→local of 4 files took 1.543443425 seconds
vm.drop_caches = 3
Starting parallel cp from local to shared -----------------------------
Trial[1] cp local→shared of 4 files took 1.584146113 seconds
{ "filesize": "5120MB", "1": { "ntasks": 4, "shared-to-local-bw(MB/s)": 663.45, "local-to-share-bw(MB/s)": 646.41 } }
------------------------------------------------------
vm.drop_caches = 3
Trial 1 | ntask=8
Generating 8 files using IOR for 5GB total...
vm.drop_caches = 3
Starting parallel cp from shared to local -----------------------------
Trial[1] cp shared→local of 8 files took .931206604 seconds
vm.drop_caches = 3
Starting parallel cp from local to shared -----------------------------
Trial[1] cp local→shared of 8 files took .887500202 seconds
{ "filesize": "5120MB", "1": { "ntasks": 8, "shared-to-local-bw(MB/s)": 1099.65, "local-to-share-bw(MB/s)": 1153.80 } }
------------------------------------------------------
vm.drop_caches = 3
Trial 1 | ntask=16
Generating 16 files using IOR for 5GB total...
vm.drop_caches = 3
Starting parallel cp from shared to local -----------------------------
Trial[1] cp shared→local of 16 files took .502662770 seconds
vm.drop_caches = 3
Starting parallel cp from local to shared -----------------------------
Trial[1] cp local→shared of 16 files took .514733063 seconds
{ "filesize": "5120MB", "1": { "ntasks": 16, "shared-to-local-bw(MB/s)": 2037.15, "local-to-share-bw(MB/s)": 1989.38 } }
------------------------------------------------------
vm.drop_caches = 3
Trial 1 | ntask=32
Generating 32 files using IOR for 5GB total...
vm.drop_caches = 3
Starting parallel cp from shared to local -----------------------------
Trial[1] cp shared→local of 32 files took .504863004 seconds
vm.drop_caches = 3
Starting parallel cp from local to shared -----------------------------
Trial[1] cp local→shared of 32 files took .490511220 seconds
{ "filesize": "5120MB", "1": { "ntasks": 32, "shared-to-local-bw(MB/s)": 2028.27, "local-to-share-bw(MB/s)": 2087.62 } }
------------------------------------------------------
vm.drop_caches = 3
Trial 1 | ntask=64
Generating 64 files using IOR for 5GB total...
vm.drop_caches = 3
Starting parallel cp from shared to local -----------------------------
Trial[1] cp shared→local of 64 files took .492865751 seconds
vm.drop_caches = 3
Starting parallel cp from local to shared -----------------------------
Trial[1] cp local→shared of 64 files took .509780143 seconds
{ "filesize": "5120MB", "1": { "ntasks": 64, "shared-to-local-bw(MB/s)": 2077.64, "local-to-share-bw(MB/s)": 2008.71 } }
------------------------------------------------------
vm.drop_caches = 3
Trial 1 | ntask=128
Generating 128 files using IOR for 5GB total...
vm.drop_caches = 3
Starting parallel cp from shared to local -----------------------------
Trial[1] cp shared→local of 128 files took .493049139 seconds
vm.drop_caches = 3
Starting parallel cp from local to shared -----------------------------
Trial[1] cp local→shared of 128 files took .528456723 seconds
{ "filesize": "5120MB", "1": { "ntasks": 128, "shared-to-local-bw(MB/s)": 2076.87, "local-to-share-bw(MB/s)": 1937.72 } }
------------------------------------------------------
vm.drop_caches = 3
Trial 2 | ntask=2
Generating 2 files using IOR for 5GB total...
vm.drop_caches = 3
Starting parallel cp from shared to local -----------------------------
Trial[2] cp shared→local of 2 files took 2.951302389 seconds
vm.drop_caches = 3
Starting parallel cp from local to shared -----------------------------
Trial[2] cp local→shared of 2 files took 3.071416073 seconds
{ "filesize": "5120MB", "2": { "ntasks": 2, "shared-to-local-bw(MB/s)": 346.97, "local-to-share-bw(MB/s)": 333.40 } }
------------------------------------------------------
vm.drop_caches = 3
Trial 2 | ntask=4
Generating 4 files using IOR for 5GB total...
vm.drop_caches = 3
Starting parallel cp from shared to local -----------------------------
Trial[2] cp shared→local of 4 files took 1.977433061 seconds
vm.drop_caches = 3
Starting parallel cp from local to shared -----------------------------
Trial[2] cp local→shared of 4 files took 1.533419409 seconds
{ "filesize": "5120MB", "2": { "ntasks": 4, "shared-to-local-bw(MB/s)": 517.84, "local-to-share-bw(MB/s)": 667.79 } }
------------------------------------------------------
vm.drop_caches = 3
Trial 2 | ntask=8
Generating 8 files using IOR for 5GB total...
vm.drop_caches = 3
Starting parallel cp from shared to local -----------------------------
Trial[2] cp shared→local of 8 files took .971230411 seconds
vm.drop_caches = 3
Starting parallel cp from local to shared -----------------------------
Trial[2] cp local→shared of 8 files took .733384624 seconds
{ "filesize": "5120MB", "2": { "ntasks": 8, "shared-to-local-bw(MB/s)": 1054.33, "local-to-share-bw(MB/s)": 1396.27 } }
------------------------------------------------------
vm.drop_caches = 3
Trial 2 | ntask=16
Generating 16 files using IOR for 5GB total...
vm.drop_caches = 3
Starting parallel cp from shared to local -----------------------------
Trial[2] cp shared→local of 16 files took .555641190 seconds
vm.drop_caches = 3
Starting parallel cp from local to shared -----------------------------
Trial[2] cp local→shared of 16 files took .484143279 seconds
{ "filesize": "5120MB", "2": { "ntasks": 16, "shared-to-local-bw(MB/s)": 1842.92, "local-to-share-bw(MB/s)": 2115.08 } }
------------------------------------------------------
vm.drop_caches = 3
Trial 2 | ntask=32
Generating 32 files using IOR for 5GB total...
vm.drop_caches = 3
Starting parallel cp from shared to local -----------------------------
Trial[2] cp shared→local of 32 files took .507831727 seconds
vm.drop_caches = 3
Starting parallel cp from local to shared -----------------------------
Trial[2] cp local→shared of 32 files took .485650170 seconds
{ "filesize": "5120MB", "2": { "ntasks": 32, "shared-to-local-bw(MB/s)": 2016.42, "local-to-share-bw(MB/s)": 2108.51 } }
------------------------------------------------------
vm.drop_caches = 3
Trial 2 | ntask=64
Generating 64 files using IOR for 5GB total...
vm.drop_caches = 3
Starting parallel cp from shared to local -----------------------------
Trial[2] cp shared→local of 64 files took .501769971 seconds
vm.drop_caches = 3
Starting parallel cp from local to shared -----------------------------
Trial[2] cp local→shared of 64 files took .507463009 seconds
{ "filesize": "5120MB", "2": { "ntasks": 64, "shared-to-local-bw(MB/s)": 2040.78, "local-to-share-bw(MB/s)": 2017.88 } }
------------------------------------------------------
vm.drop_caches = 3
Trial 2 | ntask=128
Generating 128 files using IOR for 5GB total...
vm.drop_caches = 3
Starting parallel cp from shared to local -----------------------------
Trial[2] cp shared→local of 128 files took .515998795 seconds
vm.drop_caches = 3
Starting parallel cp from local to shared -----------------------------
Trial[2] cp local→shared of 128 files took .539032293 seconds
{ "filesize": "5120MB", "2": { "ntasks": 128, "shared-to-local-bw(MB/s)": 1984.50, "local-to-share-bw(MB/s)": 1899.70 } }
------------------------------------------------------
vm.drop_caches = 3
Trial 3 | ntask=2
Generating 2 files using IOR for 5GB total...
vm.drop_caches = 3
Starting parallel cp from shared to local -----------------------------
Trial[3] cp shared→local of 2 files took 5.750519930 seconds
vm.drop_caches = 3
Starting parallel cp from local to shared -----------------------------
Trial[3] cp local→shared of 2 files took 2.533964534 seconds
{ "filesize": "5120MB", "3": { "ntasks": 2, "shared-to-local-bw(MB/s)": 178.07, "local-to-share-bw(MB/s)": 404.11 } }
------------------------------------------------------
vm.drop_caches = 3
Trial 3 | ntask=4
Generating 4 files using IOR for 5GB total...
vm.drop_caches = 3
Starting parallel cp from shared to local -----------------------------
Trial[3] cp shared→local of 4 files took 3.202369769 seconds
vm.drop_caches = 3
Starting parallel cp from local to shared -----------------------------
Trial[3] cp local→shared of 4 files took 1.341247876 seconds
{ "filesize": "5120MB", "3": { "ntasks": 4, "shared-to-local-bw(MB/s)": 319.76, "local-to-share-bw(MB/s)": 763.47 } }
------------------------------------------------------
vm.drop_caches = 3
Trial 3 | ntask=8
Generating 8 files using IOR for 5GB total...
vm.drop_caches = 3
Starting parallel cp from shared to local -----------------------------
Trial[3] cp shared→local of 8 files took 2.775369609 seconds
vm.drop_caches = 3
Starting parallel cp from local to shared -----------------------------
Trial[3] cp local→shared of 8 files took .749386417 seconds
{ "filesize": "5120MB", "3": { "ntasks": 8, "shared-to-local-bw(MB/s)": 368.96, "local-to-share-bw(MB/s)": 1366.45 } }
------------------------------------------------------
vm.drop_caches = 3
Trial 3 | ntask=16
Generating 16 files using IOR for 5GB total...
vm.drop_caches = 3
Starting parallel cp from shared to local -----------------------------
Trial[3] cp shared→local of 16 files took 1.555932707 seconds
vm.drop_caches = 3
Starting parallel cp from local to shared -----------------------------
Trial[3] cp local→shared of 16 files took .657442679 seconds
{ "filesize": "5120MB", "3": { "ntasks": 16, "shared-to-local-bw(MB/s)": 658.13, "local-to-share-bw(MB/s)": 1557.55 } }
------------------------------------------------------
vm.drop_caches = 3
Trial 3 | ntask=32
Generating 32 files using IOR for 5GB total...
vm.drop_caches = 3
Starting parallel cp from shared to local -----------------------------
Trial[3] cp shared→local of 32 files took .907355172 seconds
vm.drop_caches = 3
Starting parallel cp from local to shared -----------------------------
Trial[3] cp local→shared of 32 files took .540419092 seconds
{ "filesize": "5120MB", "3": { "ntasks": 32, "shared-to-local-bw(MB/s)": 1128.55, "local-to-share-bw(MB/s)": 1894.83 } }
------------------------------------------------------
vm.drop_caches = 3
Trial 3 | ntask=64
Generating 64 files using IOR for 5GB total...
vm.drop_caches = 3
Starting parallel cp from shared to local -----------------------------
Trial[3] cp shared→local of 64 files took .717257085 seconds
vm.drop_caches = 3
Starting parallel cp from local to shared -----------------------------
Trial[3] cp local→shared of 64 files took .533304691 seconds
{ "filesize": "5120MB", "3": { "ntasks": 64, "shared-to-local-bw(MB/s)": 1427.66, "local-to-share-bw(MB/s)": 1920.10 } }
------------------------------------------------------
vm.drop_caches = 3
Trial 3 | ntask=128
Generating 128 files using IOR for 5GB total...
vm.drop_caches = 3
Starting parallel cp from shared to local -----------------------------
Trial[3] cp shared→local of 128 files took .643393692 seconds
vm.drop_caches = 3
Starting parallel cp from local to shared -----------------------------
Trial[3] cp local→shared of 128 files took .515547962 seconds
{ "filesize": "5120MB", "3": { "ntasks": 128, "shared-to-local-bw(MB/s)": 1591.56, "local-to-share-bw(MB/s)": 1986.24 } }
------------------------------------------------------
vm.drop_caches = 3
Running 50GB test
Trial 1 | ntask=2
Generating 2 files using IOR for 50GB total...
vm.drop_caches = 3
Starting parallel cp from shared to local -----------------------------
Trial[1] cp shared→local of 2 files took 109.204396007 seconds
vm.drop_caches = 3
Starting parallel cp from local to shared -----------------------------
Trial[1] cp local→shared of 2 files took 71.497019111 seconds
{ "filesize": "51200MB", "1": { "ntasks": 2, "shared-to-local-bw(MB/s)": 9.38, "local-to-share-bw(MB/s)": 14.32 } }
------------------------------------------------------
vm.drop_caches = 3
Trial 1 | ntask=4
Generating 4 files using IOR for 50GB total...
vm.drop_caches = 3
Starting parallel cp from shared to local -----------------------------
Trial[1] cp shared→local of 4 files took 54.041451217 seconds
vm.drop_caches = 3
Starting parallel cp from local to shared -----------------------------
Trial[1] cp local→shared of 4 files took 14.251325785 seconds
{ "filesize": "51200MB", "1": { "ntasks": 4, "shared-to-local-bw(MB/s)": 18.95, "local-to-share-bw(MB/s)": 71.85 } }
------------------------------------------------------
vm.drop_caches = 3
Trial 1 | ntask=8
Generating 8 files using IOR for 50GB total...
vm.drop_caches = 3
Starting parallel cp from shared to local -----------------------------
Trial[1] cp shared→local of 8 files took 24.385906148 seconds
vm.drop_caches = 3
Starting parallel cp from local to shared -----------------------------
Trial[1] cp local→shared of 8 files took 9.604581633 seconds
{ "filesize": "51200MB", "1": { "ntasks": 8, "shared-to-local-bw(MB/s)": 41.99, "local-to-share-bw(MB/s)": 106.62 } }
------------------------------------------------------
vm.drop_caches = 3
Trial 1 | ntask=16
Generating 16 files using IOR for 50GB total...
vm.drop_caches = 3
Starting parallel cp from shared to local -----------------------------
Trial[1] cp shared→local of 16 files took 10.973975529 seconds
vm.drop_caches = 3
Starting parallel cp from local to shared -----------------------------
Trial[1] cp local→shared of 16 files took 5.647666930 seconds
{ "filesize": "51200MB", "1": { "ntasks": 16, "shared-to-local-bw(MB/s)": 93.31, "local-to-share-bw(MB/s)": 181.31 } }
------------------------------------------------------
vm.drop_caches = 3
Trial 1 | ntask=32
Generating 32 files using IOR for 50GB total...
vm.drop_caches = 3
Starting parallel cp from shared to local -----------------------------
Trial[1] cp shared→local of 32 files took 11.276951315 seconds
vm.drop_caches = 3
Starting parallel cp from local to shared -----------------------------
Trial[1] cp local→shared of 32 files took 6.320685694 seconds
{ "filesize": "51200MB", "1": { "ntasks": 32, "shared-to-local-bw(MB/s)": 90.80, "local-to-share-bw(MB/s)": 162.01 } }
------------------------------------------------------
vm.drop_caches = 3
Trial 1 | ntask=64
Generating 64 files using IOR for 50GB total...
vm.drop_caches = 3
Starting parallel cp from shared to local -----------------------------
Trial[1] cp shared→local of 64 files took 6.261515170 seconds
vm.drop_caches = 3
Starting parallel cp from local to shared -----------------------------
Trial[1] cp local→shared of 64 files took 4.928951945 seconds
{ "filesize": "51200MB", "1": { "ntasks": 64, "shared-to-local-bw(MB/s)": 163.54, "local-to-share-bw(MB/s)": 207.75 } }
------------------------------------------------------
vm.drop_caches = 3
Trial 1 | ntask=128
Generating 128 files using IOR for 50GB total...
vm.drop_caches = 3
Starting parallel cp from shared to local -----------------------------
Trial[1] cp shared→local of 128 files took 5.273022936 seconds
vm.drop_caches = 3
Starting parallel cp from local to shared -----------------------------
Trial[1] cp local→shared of 128 files took 5.499763268 seconds
{ "filesize": "51200MB", "1": { "ntasks": 128, "shared-to-local-bw(MB/s)": 194.20, "local-to-share-bw(MB/s)": 186.19 } }
------------------------------------------------------
vm.drop_caches = 3
Trial 2 | ntask=2
Generating 2 files using IOR for 50GB total...
vm.drop_caches = 3
Starting parallel cp from shared to local -----------------------------
Trial[2] cp shared→local of 2 files took 65.661719949 seconds
vm.drop_caches = 3
Starting parallel cp from local to shared -----------------------------
Trial[2] cp local→shared of 2 files took 28.909752306 seconds
{ "filesize": "51200MB", "2": { "ntasks": 2, "shared-to-local-bw(MB/s)": 15.60, "local-to-share-bw(MB/s)": 35.42 } }
------------------------------------------------------
vm.drop_caches = 3
Trial 2 | ntask=4
Generating 4 files using IOR for 50GB total...
vm.drop_caches = 3
Starting parallel cp from shared to local -----------------------------
Trial[2] cp shared→local of 4 files took 30.894925525 seconds
vm.drop_caches = 3
Starting parallel cp from local to shared -----------------------------
Trial[2] cp local→shared of 4 files took 14.772850586 seconds
{ "filesize": "51200MB", "2": { "ntasks": 4, "shared-to-local-bw(MB/s)": 33.14, "local-to-share-bw(MB/s)": 69.32 } }
------------------------------------------------------
vm.drop_caches = 3
Trial 2 | ntask=8
Generating 8 files using IOR for 50GB total...
vm.drop_caches = 3
Starting parallel cp from shared to local -----------------------------
Trial[2] cp shared→local of 8 files took 18.677594640 seconds
vm.drop_caches = 3
Starting parallel cp from local to shared -----------------------------
Trial[2] cp local→shared of 8 files took 14.497103530 seconds
{ "filesize": "51200MB", "2": { "ntasks": 8, "shared-to-local-bw(MB/s)": 54.83, "local-to-share-bw(MB/s)": 70.63 } }
------------------------------------------------------
vm.drop_caches = 3
Trial 2 | ntask=16
Generating 16 files using IOR for 50GB total...
vm.drop_caches = 3
Starting parallel cp from shared to local -----------------------------
Trial[2] cp shared→local of 16 files took 8.939760995 seconds
vm.drop_caches = 3
Starting parallel cp from local to shared -----------------------------
Trial[2] cp local→shared of 16 files took 4.957374714 seconds
{ "filesize": "51200MB", "2": { "ntasks": 16, "shared-to-local-bw(MB/s)": 114.54, "local-to-share-bw(MB/s)": 206.56 } }
------------------------------------------------------
vm.drop_caches = 3
Trial 2 | ntask=32
Generating 32 files using IOR for 50GB total...
vm.drop_caches = 3
Starting parallel cp from shared to local -----------------------------
Trial[2] cp shared→local of 32 files took 4.908955588 seconds
vm.drop_caches = 3
Starting parallel cp from local to shared -----------------------------
Trial[2] cp local→shared of 32 files took 4.556741849 seconds
{ "filesize": "51200MB", "2": { "ntasks": 32, "shared-to-local-bw(MB/s)": 208.60, "local-to-share-bw(MB/s)": 224.72 } }
------------------------------------------------------
vm.drop_caches = 3
Trial 2 | ntask=64
Generating 64 files using IOR for 50GB total...
vm.drop_caches = 3
Starting parallel cp from shared to local -----------------------------
Trial[2] cp shared→local of 64 files took 4.897768026 seconds
vm.drop_caches = 3
Starting parallel cp from local to shared -----------------------------
Trial[2] cp local→shared of 64 files took 4.711181099 seconds
{ "filesize": "51200MB", "2": { "ntasks": 64, "shared-to-local-bw(MB/s)": 209.07, "local-to-share-bw(MB/s)": 217.36 } }
------------------------------------------------------
vm.drop_caches = 3
Trial 2 | ntask=128
Generating 128 files using IOR for 50GB total...
vm.drop_caches = 3
Starting parallel cp from shared to local -----------------------------
Trial[2] cp shared→local of 128 files took 5.007615687 seconds
vm.drop_caches = 3
Starting parallel cp from local to shared -----------------------------
Trial[2] cp local→shared of 128 files took 4.791158508 seconds
{ "filesize": "51200MB", "2": { "ntasks": 128, "shared-to-local-bw(MB/s)": 204.49, "local-to-share-bw(MB/s)": 213.73 } }
------------------------------------------------------
vm.drop_caches = 3
Trial 3 | ntask=2
Generating 2 files using IOR for 50GB total...
vm.drop_caches = 3
Starting parallel cp from shared to local -----------------------------
Trial[3] cp shared→local of 2 files took 67.689922748 seconds
vm.drop_caches = 3
Starting parallel cp from local to shared -----------------------------
Trial[3] cp local→shared of 2 files took 29.971998570 seconds
{ "filesize": "51200MB", "3": { "ntasks": 2, "shared-to-local-bw(MB/s)": 15.13, "local-to-share-bw(MB/s)": 34.17 } }
------------------------------------------------------
vm.drop_caches = 3
Trial 3 | ntask=4
Generating 4 files using IOR for 50GB total...
vm.drop_caches = 3
Starting parallel cp from shared to local -----------------------------
Trial[3] cp shared→local of 4 files took 32.493728802 seconds
vm.drop_caches = 3
Starting parallel cp from local to shared -----------------------------
Trial[3] cp local→shared of 4 files took 13.367509909 seconds
{ "filesize": "51200MB", "3": { "ntasks": 4, "shared-to-local-bw(MB/s)": 31.51, "local-to-share-bw(MB/s)": 76.60 } }
------------------------------------------------------
vm.drop_caches = 3
Trial 3 | ntask=8
Generating 8 files using IOR for 50GB total...
vm.drop_caches = 3
Starting parallel cp from shared to local -----------------------------
Trial[3] cp shared→local of 8 files took 16.064100911 seconds
vm.drop_caches = 3
Starting parallel cp from local to shared -----------------------------
Trial[3] cp local→shared of 8 files took 18.733917299 seconds
{ "filesize": "51200MB", "3": { "ntasks": 8, "shared-to-local-bw(MB/s)": 63.74, "local-to-share-bw(MB/s)": 54.66 } }
------------------------------------------------------
vm.drop_caches = 3
Trial 3 | ntask=16
Generating 16 files using IOR for 50GB total...
vm.drop_caches = 3
Starting parallel cp from shared to local -----------------------------
Trial[3] cp shared→local of 16 files took 9.551474752 seconds
vm.drop_caches = 3
Starting parallel cp from local to shared -----------------------------
Trial[3] cp local→shared of 16 files took 5.108596760 seconds
{ "filesize": "51200MB", "3": { "ntasks": 16, "shared-to-local-bw(MB/s)": 107.21, "local-to-share-bw(MB/s)": 200.45 } }
------------------------------------------------------
vm.drop_caches = 3
Trial 3 | ntask=32
Generating 32 files using IOR for 50GB total...
vm.drop_caches = 3
Starting parallel cp from shared to local -----------------------------
Trial[3] cp shared→local of 32 files took 5.067882374 seconds
vm.drop_caches = 3
Starting parallel cp from local to shared -----------------------------
Trial[3] cp local→shared of 32 files took 4.583381170 seconds
{ "filesize": "51200MB", "3": { "ntasks": 32, "shared-to-local-bw(MB/s)": 202.06, "local-to-share-bw(MB/s)": 223.42 } }
------------------------------------------------------
vm.drop_caches = 3
Trial 3 | ntask=64
Generating 64 files using IOR for 50GB total...
vm.drop_caches = 3
Starting parallel cp from shared to local -----------------------------
Trial[3] cp shared→local of 64 files took 5.616278471 seconds
vm.drop_caches = 3
Starting parallel cp from local to shared -----------------------------
Trial[3] cp local→shared of 64 files took 4.792148608 seconds
{ "filesize": "51200MB", "3": { "ntasks": 64, "shared-to-local-bw(MB/s)": 182.33, "local-to-share-bw(MB/s)": 213.68 } }
------------------------------------------------------
vm.drop_caches = 3
Trial 3 | ntask=128
Generating 128 files using IOR for 50GB total...
vm.drop_caches = 3
Starting parallel cp from shared to local -----------------------------
Trial[3] cp shared→local of 128 files took 5.036969826 seconds
vm.drop_caches = 3
Starting parallel cp from local to shared -----------------------------
Trial[3] cp local→shared of 128 files took 4.901544219 seconds
{ "filesize": "51200MB", "3": { "ntasks": 128, "shared-to-local-bw(MB/s)": 203.30, "local-to-share-bw(MB/s)": 208.91 } }
------------------------------------------------------
vm.drop_caches = 3
