hostlist: dc129,dc137,
vm.drop_caches = 3
Running 1GB test
Trial 1 | ntask=2
Generating 2 files using IOR...
vm.drop_caches = 3
Generated 2 files.
Starting parallel cp from shared to local -----------------------------
Trial[1] cp shared→local of 2 files took .732598432 seconds
vm.drop_caches = 3
Starting parallel cp from local to shared -----------------------------
Trial[1] cp local→shared of 2 files took .646759294 seconds
{ "filesize": "1024MB", "1": { "ntasks": 2, "shared-to-local-bw(MB/s)": 1397.76, "local-to-share-bw(MB/s)": 1583.28 } }
------------------------------------------------------
vm.drop_caches = 3
Trial 1 | ntask=4
Generating 4 files using IOR...
vm.drop_caches = 3
Generated 4 files.
Starting parallel cp from shared to local -----------------------------
Trial[1] cp shared→local of 4 files took 15.573426772 seconds
vm.drop_caches = 3
Starting parallel cp from local to shared -----------------------------
Trial[1] cp local→shared of 4 files took 17.821943220 seconds
{ "filesize": "1024MB", "1": { "ntasks": 4, "shared-to-local-bw(MB/s)": 65.75, "local-to-share-bw(MB/s)": 57.46 } }
------------------------------------------------------
vm.drop_caches = 3
Trial 1 | ntask=8
Generating 8 files using IOR...
vm.drop_caches = 3
Generated 8 files.
Starting parallel cp from shared to local -----------------------------
Trial[1] cp shared→local of 8 files took 7.045956239 seconds
vm.drop_caches = 3
Starting parallel cp from local to shared -----------------------------
Trial[1] cp local→shared of 8 files took 7.631257432 seconds
{ "filesize": "1024MB", "1": { "ntasks": 8, "shared-to-local-bw(MB/s)": 145.33, "local-to-share-bw(MB/s)": 134.18 } }
------------------------------------------------------
vm.drop_caches = 3
Trial 1 | ntask=16
Generating 16 files using IOR...
vm.drop_caches = 3
Generated 16 files.
Starting parallel cp from shared to local -----------------------------
Trial[1] cp shared→local of 16 files took 4.739371598 seconds
vm.drop_caches = 3
Starting parallel cp from local to shared -----------------------------
Trial[1] cp local→shared of 16 files took 5.566797015 seconds
{ "filesize": "1024MB", "1": { "ntasks": 16, "shared-to-local-bw(MB/s)": 216.06, "local-to-share-bw(MB/s)": 183.95 } }
------------------------------------------------------
vm.drop_caches = 3
Trial 1 | ntask=32
Generating 32 files using IOR...
vm.drop_caches = 3
Generated 32 files.
Starting parallel cp from shared to local -----------------------------
Trial[1] cp shared→local of 32 files took 2.662830878 seconds
vm.drop_caches = 3
Starting parallel cp from local to shared -----------------------------
Trial[1] cp local→shared of 32 files took 3.673483975 seconds
{ "filesize": "1024MB", "1": { "ntasks": 32, "shared-to-local-bw(MB/s)": 384.55, "local-to-share-bw(MB/s)": 278.75 } }
------------------------------------------------------
vm.drop_caches = 3
Trial 1 | ntask=64
Generating 64 files using IOR...
vm.drop_caches = 3
Generated 64 files.
Starting parallel cp from shared to local -----------------------------
Trial[1] cp shared→local of 64 files took 2.374755984 seconds
vm.drop_caches = 3
Starting parallel cp from local to shared -----------------------------
Trial[1] cp local→shared of 64 files took 2.050839386 seconds
{ "filesize": "1024MB", "1": { "ntasks": 64, "shared-to-local-bw(MB/s)": 431.20, "local-to-share-bw(MB/s)": 499.31 } }
------------------------------------------------------
vm.drop_caches = 3
Trial 1 | ntask=128
Generating 128 files using IOR...
vm.drop_caches = 3
Generated 128 files.
Starting parallel cp from shared to local -----------------------------
Trial[1] cp shared→local of 128 files took 2.025985630 seconds
vm.drop_caches = 3
Starting parallel cp from local to shared -----------------------------
Trial[1] cp local→shared of 128 files took 2.303114648 seconds
{ "filesize": "1024MB", "1": { "ntasks": 128, "shared-to-local-bw(MB/s)": 505.43, "local-to-share-bw(MB/s)": 444.62 } }
------------------------------------------------------
vm.drop_caches = 3
Trial 2 | ntask=2
Generating 2 files using IOR...
vm.drop_caches = 3
Generated 2 files.
Starting parallel cp from shared to local -----------------------------
Trial[2] cp shared→local of 2 files took .771126728 seconds
vm.drop_caches = 3
Starting parallel cp from local to shared -----------------------------
Trial[2] cp local→shared of 2 files took 33.051364513 seconds
{ "filesize": "1024MB", "2": { "ntasks": 2, "shared-to-local-bw(MB/s)": 1327.93, "local-to-share-bw(MB/s)": 30.98 } }
------------------------------------------------------
vm.drop_caches = 3
Trial 2 | ntask=4
Generating 4 files using IOR...
vm.drop_caches = 3
Generated 4 files.
Starting parallel cp from shared to local -----------------------------
Trial[2] cp shared→local of 4 files took 16.656796976 seconds
vm.drop_caches = 3
Starting parallel cp from local to shared -----------------------------
Trial[2] cp local→shared of 4 files took 17.325866155 seconds
{ "filesize": "1024MB", "2": { "ntasks": 4, "shared-to-local-bw(MB/s)": 61.48, "local-to-share-bw(MB/s)": 59.10 } }
------------------------------------------------------
vm.drop_caches = 3
Trial 2 | ntask=8
Generating 8 files using IOR...
vm.drop_caches = 3
Generated 8 files.
Starting parallel cp from shared to local -----------------------------
Trial[2] cp shared→local of 8 files took 8.598200256 seconds
vm.drop_caches = 3
Starting parallel cp from local to shared -----------------------------
Trial[2] cp local→shared of 8 files took 9.579803403 seconds
{ "filesize": "1024MB", "2": { "ntasks": 8, "shared-to-local-bw(MB/s)": 119.09, "local-to-share-bw(MB/s)": 106.89 } }
------------------------------------------------------
vm.drop_caches = 3
Trial 2 | ntask=16
Generating 16 files using IOR...
vm.drop_caches = 3
Generated 16 files.
Starting parallel cp from shared to local -----------------------------
Trial[2] cp shared→local of 16 files took 4.422890156 seconds
vm.drop_caches = 3
Starting parallel cp from local to shared -----------------------------
Trial[2] cp local→shared of 16 files took 4.611440659 seconds
{ "filesize": "1024MB", "2": { "ntasks": 16, "shared-to-local-bw(MB/s)": 231.52, "local-to-share-bw(MB/s)": 222.06 } }
------------------------------------------------------
vm.drop_caches = 3
Trial 2 | ntask=32
Generating 32 files using IOR...
vm.drop_caches = 3
Generated 32 files.
Starting parallel cp from shared to local -----------------------------
Trial[2] cp shared→local of 32 files took 2.269931258 seconds
vm.drop_caches = 3
Starting parallel cp from local to shared -----------------------------
Trial[2] cp local→shared of 32 files took 2.807719760 seconds
{ "filesize": "1024MB", "2": { "ntasks": 32, "shared-to-local-bw(MB/s)": 451.11, "local-to-share-bw(MB/s)": 364.71 } }
------------------------------------------------------
vm.drop_caches = 3
Trial 2 | ntask=64
Generating 64 files using IOR...
vm.drop_caches = 3
Generated 64 files.
Starting parallel cp from shared to local -----------------------------
Trial[2] cp shared→local of 64 files took 1.481136435 seconds
vm.drop_caches = 3
Starting parallel cp from local to shared -----------------------------
Trial[2] cp local→shared of 64 files took 1.979957907 seconds
{ "filesize": "1024MB", "2": { "ntasks": 64, "shared-to-local-bw(MB/s)": 691.36, "local-to-share-bw(MB/s)": 517.18 } }
------------------------------------------------------
vm.drop_caches = 3
Trial 2 | ntask=128
Generating 128 files using IOR...
vm.drop_caches = 3
Generated 128 files.
Starting parallel cp from shared to local -----------------------------
Trial[2] cp shared→local of 128 files took 1.850362591 seconds
vm.drop_caches = 3
Starting parallel cp from local to shared -----------------------------
Trial[2] cp local→shared of 128 files took 2.198747898 seconds
{ "filesize": "1024MB", "2": { "ntasks": 128, "shared-to-local-bw(MB/s)": 553.41, "local-to-share-bw(MB/s)": 465.72 } }
------------------------------------------------------
vm.drop_caches = 3
Trial 3 | ntask=2
Generating 2 files using IOR...
vm.drop_caches = 3
Generated 2 files.
Starting parallel cp from shared to local -----------------------------
Trial[3] cp shared→local of 2 files took 37.798640475 seconds
vm.drop_caches = 3
Starting parallel cp from local to shared -----------------------------
Trial[3] cp local→shared of 2 files took .682290573 seconds
{ "filesize": "1024MB", "3": { "ntasks": 2, "shared-to-local-bw(MB/s)": 27.09, "local-to-share-bw(MB/s)": 1500.83 } }
------------------------------------------------------
vm.drop_caches = 3
Trial 3 | ntask=4
Generating 4 files using IOR...
vm.drop_caches = 3
Generated 4 files.
Starting parallel cp from shared to local -----------------------------
Trial[3] cp shared→local of 4 files took 17.613769132 seconds
vm.drop_caches = 3
Starting parallel cp from local to shared -----------------------------
Trial[3] cp local→shared of 4 files took .863987118 seconds
{ "filesize": "1024MB", "3": { "ntasks": 4, "shared-to-local-bw(MB/s)": 58.14, "local-to-share-bw(MB/s)": 1185.20 } }
------------------------------------------------------
vm.drop_caches = 3
Trial 3 | ntask=8
Generating 8 files using IOR...
vm.drop_caches = 3
Generated 8 files.
Starting parallel cp from shared to local -----------------------------
Trial[3] cp shared→local of 8 files took 9.063622494 seconds
vm.drop_caches = 3
Starting parallel cp from local to shared -----------------------------
Trial[3] cp local→shared of 8 files took 10.334516531 seconds
{ "filesize": "1024MB", "3": { "ntasks": 8, "shared-to-local-bw(MB/s)": 112.98, "local-to-share-bw(MB/s)": 99.09 } }
------------------------------------------------------
vm.drop_caches = 3
Trial 3 | ntask=16
Generating 16 files using IOR...
vm.drop_caches = 3
Generated 16 files.
Starting parallel cp from shared to local -----------------------------
Trial[3] cp shared→local of 16 files took 4.241940664 seconds
vm.drop_caches = 3
Starting parallel cp from local to shared -----------------------------
Trial[3] cp local→shared of 16 files took 5.062633873 seconds
{ "filesize": "1024MB", "3": { "ntasks": 16, "shared-to-local-bw(MB/s)": 241.40, "local-to-share-bw(MB/s)": 202.27 } }
------------------------------------------------------
vm.drop_caches = 3
Trial 3 | ntask=32
Generating 32 files using IOR...
vm.drop_caches = 3
Generated 32 files.
Starting parallel cp from shared to local -----------------------------
Trial[3] cp shared→local of 32 files took 2.168729500 seconds
vm.drop_caches = 3
Starting parallel cp from local to shared -----------------------------
Trial[3] cp local→shared of 32 files took 3.006214711 seconds
{ "filesize": "1024MB", "3": { "ntasks": 32, "shared-to-local-bw(MB/s)": 472.17, "local-to-share-bw(MB/s)": 340.63 } }
------------------------------------------------------
vm.drop_caches = 3
Trial 3 | ntask=64
Generating 64 files using IOR...
vm.drop_caches = 3
Generated 64 files.
Starting parallel cp from shared to local -----------------------------
Trial[3] cp shared→local of 64 files took 1.861610131 seconds
vm.drop_caches = 3
Starting parallel cp from local to shared -----------------------------
Trial[3] cp local→shared of 64 files took 1.654748365 seconds
{ "filesize": "1024MB", "3": { "ntasks": 64, "shared-to-local-bw(MB/s)": 550.06, "local-to-share-bw(MB/s)": 618.83 } }
------------------------------------------------------
vm.drop_caches = 3
Trial 3 | ntask=128
Generating 128 files using IOR...
vm.drop_caches = 3
Generated 128 files.
Starting parallel cp from shared to local -----------------------------
Trial[3] cp shared→local of 128 files took 1.954765917 seconds
vm.drop_caches = 3
Starting parallel cp from local to shared -----------------------------
Trial[3] cp local→shared of 128 files took 1.216740074 seconds
{ "filesize": "1024MB", "3": { "ntasks": 128, "shared-to-local-bw(MB/s)": 523.85, "local-to-share-bw(MB/s)": 841.59 } }
------------------------------------------------------
vm.drop_caches = 3
Running 5GB test
Trial 1 | ntask=2
Generating 2 files using IOR for 5GB total...
vm.drop_caches = 3
Starting parallel cp from shared to local -----------------------------
Trial[1] cp shared→local of 2 files took 3.970049036 seconds
vm.drop_caches = 3
Starting parallel cp from local to shared -----------------------------
Trial[1] cp local→shared of 2 files took 3.421059458 seconds
{ "filesize": "5120MB", "1": { "ntasks": 2, "shared-to-local-bw(MB/s)": 257.93, "local-to-share-bw(MB/s)": 299.32 } }
------------------------------------------------------
vm.drop_caches = 3
Trial 1 | ntask=4
Generating 4 files using IOR for 5GB total...
vm.drop_caches = 3
Starting parallel cp from shared to local -----------------------------
Trial[1] cp shared→local of 4 files took 90.173595249 seconds
vm.drop_caches = 3
Starting parallel cp from local to shared -----------------------------
Trial[1] cp local→shared of 4 files took 4.094610199 seconds
{ "filesize": "5120MB", "1": { "ntasks": 4, "shared-to-local-bw(MB/s)": 11.36, "local-to-share-bw(MB/s)": 250.08 } }
------------------------------------------------------
vm.drop_caches = 3
Trial 1 | ntask=8
Generating 8 files using IOR for 5GB total...
vm.drop_caches = 3
Starting parallel cp from shared to local -----------------------------
Trial[1] cp shared→local of 8 files took 39.994001682 seconds
vm.drop_caches = 3
Starting parallel cp from local to shared -----------------------------
Trial[1] cp local→shared of 8 files took 44.245556733 seconds
{ "filesize": "5120MB", "1": { "ntasks": 8, "shared-to-local-bw(MB/s)": 25.60, "local-to-share-bw(MB/s)": 23.14 } }
------------------------------------------------------
vm.drop_caches = 3
Trial 1 | ntask=16
Generating 16 files using IOR for 5GB total...
vm.drop_caches = 3
Starting parallel cp from shared to local -----------------------------
Trial[1] cp shared→local of 16 files took 21.954714052 seconds
vm.drop_caches = 3
Starting parallel cp from local to shared -----------------------------
Trial[1] cp local→shared of 16 files took 22.735043533 seconds
{ "filesize": "5120MB", "1": { "ntasks": 16, "shared-to-local-bw(MB/s)": 46.64, "local-to-share-bw(MB/s)": 45.04 } }
------------------------------------------------------
vm.drop_caches = 3
Trial 1 | ntask=32
Generating 32 files using IOR for 5GB total...
vm.drop_caches = 3
Starting parallel cp from shared to local -----------------------------
Trial[1] cp shared→local of 32 files took 9.458923284 seconds
vm.drop_caches = 3
Starting parallel cp from local to shared -----------------------------
Trial[1] cp local→shared of 32 files took 10.163144730 seconds
{ "filesize": "5120MB", "1": { "ntasks": 32, "shared-to-local-bw(MB/s)": 108.26, "local-to-share-bw(MB/s)": 100.76 } }
------------------------------------------------------
vm.drop_caches = 3
Trial 1 | ntask=64
Generating 64 files using IOR for 5GB total...
vm.drop_caches = 3
Starting parallel cp from shared to local -----------------------------
Trial[1] cp shared→local of 64 files took 7.014151676 seconds
vm.drop_caches = 3
Starting parallel cp from local to shared -----------------------------
Trial[1] cp local→shared of 64 files took 5.663173448 seconds
{ "filesize": "5120MB", "1": { "ntasks": 64, "shared-to-local-bw(MB/s)": 145.99, "local-to-share-bw(MB/s)": 180.82 } }
------------------------------------------------------
vm.drop_caches = 3
Trial 1 | ntask=128
Generating 128 files using IOR for 5GB total...
vm.drop_caches = 3
Starting parallel cp from shared to local -----------------------------
Trial[1] cp shared→local of 128 files took 5.845890337 seconds
vm.drop_caches = 3
Starting parallel cp from local to shared -----------------------------
Trial[1] cp local→shared of 128 files took 7.633441189 seconds
{ "filesize": "5120MB", "1": { "ntasks": 128, "shared-to-local-bw(MB/s)": 175.17, "local-to-share-bw(MB/s)": 134.15 } }
------------------------------------------------------
vm.drop_caches = 3
Trial 2 | ntask=2
Generating 2 files using IOR for 5GB total...
vm.drop_caches = 3
Starting parallel cp from shared to local -----------------------------
Trial[2] cp shared→local of 2 files took 3.620076431 seconds
vm.drop_caches = 3
Starting parallel cp from local to shared -----------------------------
Trial[2] cp local→shared of 2 files took 155.004626249 seconds
{ "filesize": "5120MB", "2": { "ntasks": 2, "shared-to-local-bw(MB/s)": 282.87, "local-to-share-bw(MB/s)": 6.61 } }
------------------------------------------------------
vm.drop_caches = 3
Trial 2 | ntask=4
Generating 4 files using IOR for 5GB total...
vm.drop_caches = 3
Starting parallel cp from shared to local -----------------------------
Trial[2] cp shared→local of 4 files took 86.765333412 seconds
vm.drop_caches = 3
Starting parallel cp from local to shared -----------------------------
Trial[2] cp local→shared of 4 files took 82.522477437 seconds
{ "filesize": "5120MB", "2": { "ntasks": 4, "shared-to-local-bw(MB/s)": 11.80, "local-to-share-bw(MB/s)": 12.41 } }
------------------------------------------------------
vm.drop_caches = 3
Trial 2 | ntask=8
Generating 8 files using IOR for 5GB total...
vm.drop_caches = 3
Starting parallel cp from shared to local -----------------------------
Trial[2] cp shared→local of 8 files took 43.123488086 seconds
vm.drop_caches = 3
Starting parallel cp from local to shared -----------------------------
Trial[2] cp local→shared of 8 files took 46.966847635 seconds
{ "filesize": "5120MB", "2": { "ntasks": 8, "shared-to-local-bw(MB/s)": 23.75, "local-to-share-bw(MB/s)": 21.80 } }
------------------------------------------------------
vm.drop_caches = 3
Trial 2 | ntask=16
Generating 16 files using IOR for 5GB total...
vm.drop_caches = 3
Starting parallel cp from shared to local -----------------------------
Trial[2] cp shared→local of 16 files took 21.144372999 seconds
vm.drop_caches = 3
Starting parallel cp from local to shared -----------------------------
Trial[2] cp local→shared of 16 files took 26.556093257 seconds
{ "filesize": "5120MB", "2": { "ntasks": 16, "shared-to-local-bw(MB/s)": 48.43, "local-to-share-bw(MB/s)": 38.56 } }
------------------------------------------------------
vm.drop_caches = 3
Trial 2 | ntask=32
Generating 32 files using IOR for 5GB total...
vm.drop_caches = 3
Starting parallel cp from shared to local -----------------------------
Trial[2] cp shared→local of 32 files took 10.174230823 seconds
vm.drop_caches = 3
Starting parallel cp from local to shared -----------------------------
Trial[2] cp local→shared of 32 files took 12.555481489 seconds
{ "filesize": "5120MB", "2": { "ntasks": 32, "shared-to-local-bw(MB/s)": 100.65, "local-to-share-bw(MB/s)": 81.56 } }
------------------------------------------------------
vm.drop_caches = 3
Trial 2 | ntask=64
Generating 64 files using IOR for 5GB total...
vm.drop_caches = 3
Starting parallel cp from shared to local -----------------------------
Trial[2] cp shared→local of 64 files took 3.348424143 seconds
vm.drop_caches = 3
Starting parallel cp from local to shared -----------------------------
Trial[2] cp local→shared of 64 files took 6.880382632 seconds
{ "filesize": "5120MB", "2": { "ntasks": 64, "shared-to-local-bw(MB/s)": 305.82, "local-to-share-bw(MB/s)": 148.83 } }
------------------------------------------------------
vm.drop_caches = 3
Trial 2 | ntask=128
Generating 128 files using IOR for 5GB total...
vm.drop_caches = 3
Starting parallel cp from shared to local -----------------------------
Trial[2] cp shared→local of 128 files took 5.586088971 seconds
vm.drop_caches = 3
Starting parallel cp from local to shared -----------------------------
Trial[2] cp local→shared of 128 files took 7.807301908 seconds
{ "filesize": "5120MB", "2": { "ntasks": 128, "shared-to-local-bw(MB/s)": 183.31, "local-to-share-bw(MB/s)": 131.16 } }
------------------------------------------------------
vm.drop_caches = 3
Trial 3 | ntask=2
Generating 2 files using IOR for 5GB total...
vm.drop_caches = 3
Starting parallel cp from shared to local -----------------------------
Trial[3] cp shared→local of 2 files took 3.278453925 seconds
vm.drop_caches = 3
Starting parallel cp from local to shared -----------------------------
Trial[3] cp local→shared of 2 files took 3.367376824 seconds
{ "filesize": "5120MB", "3": { "ntasks": 2, "shared-to-local-bw(MB/s)": 312.34, "local-to-share-bw(MB/s)": 304.09 } }
------------------------------------------------------
vm.drop_caches = 3
Trial 3 | ntask=4
Generating 4 files using IOR for 5GB total...
vm.drop_caches = 3
Starting parallel cp from shared to local -----------------------------
Trial[3] cp shared→local of 4 files took 1.570383419 seconds
vm.drop_caches = 3
Starting parallel cp from local to shared -----------------------------
Trial[3] cp local→shared of 4 files took 49.160000200 seconds
{ "filesize": "5120MB", "3": { "ntasks": 4, "shared-to-local-bw(MB/s)": 652.07, "local-to-share-bw(MB/s)": 20.83 } }
------------------------------------------------------
vm.drop_caches = 3
Trial 3 | ntask=8
Generating 8 files using IOR for 5GB total...
vm.drop_caches = 3
Starting parallel cp from shared to local -----------------------------
Trial[3] cp shared→local of 8 files took 30.486164653 seconds
vm.drop_caches = 3
Starting parallel cp from local to shared -----------------------------
Trial[3] cp local→shared of 8 files took 29.358625904 seconds
{ "filesize": "5120MB", "3": { "ntasks": 8, "shared-to-local-bw(MB/s)": 33.59, "local-to-share-bw(MB/s)": 34.88 } }
------------------------------------------------------
vm.drop_caches = 3
Trial 3 | ntask=16
Generating 16 files using IOR for 5GB total...
vm.drop_caches = 3
Starting parallel cp from shared to local -----------------------------
Trial[3] cp shared→local of 16 files took 15.469612794 seconds
vm.drop_caches = 3
Starting parallel cp from local to shared -----------------------------
Trial[3] cp local→shared of 16 files took 19.599554410 seconds
{ "filesize": "5120MB", "3": { "ntasks": 16, "shared-to-local-bw(MB/s)": 66.19, "local-to-share-bw(MB/s)": 52.25 } }
------------------------------------------------------
vm.drop_caches = 3
Trial 3 | ntask=32
Generating 32 files using IOR for 5GB total...
vm.drop_caches = 3
Starting parallel cp from shared to local -----------------------------
Trial[3] cp shared→local of 32 files took 7.030715867 seconds
vm.drop_caches = 3
Starting parallel cp from local to shared -----------------------------
Trial[3] cp local→shared of 32 files took 7.241804298 seconds
{ "filesize": "5120MB", "3": { "ntasks": 32, "shared-to-local-bw(MB/s)": 145.65, "local-to-share-bw(MB/s)": 141.40 } }
------------------------------------------------------
vm.drop_caches = 3
Trial 3 | ntask=64
Generating 64 files using IOR for 5GB total...
vm.drop_caches = 3
Starting parallel cp from shared to local -----------------------------
Trial[3] cp shared→local of 64 files took 7.316075460 seconds
vm.drop_caches = 3
Starting parallel cp from local to shared -----------------------------
Trial[3] cp local→shared of 64 files took 6.343604549 seconds
{ "filesize": "5120MB", "3": { "ntasks": 64, "shared-to-local-bw(MB/s)": 139.97, "local-to-share-bw(MB/s)": 161.42 } }
------------------------------------------------------
vm.drop_caches = 3
Trial 3 | ntask=128
Generating 128 files using IOR for 5GB total...
vm.drop_caches = 3
Starting parallel cp from shared to local -----------------------------
Trial[3] cp shared→local of 128 files took 8.098064896 seconds
vm.drop_caches = 3
Starting parallel cp from local to shared -----------------------------
Trial[3] cp local→shared of 128 files took 7.240585052 seconds
{ "filesize": "5120MB", "3": { "ntasks": 128, "shared-to-local-bw(MB/s)": 126.45, "local-to-share-bw(MB/s)": 141.43 } }
------------------------------------------------------
vm.drop_caches = 3
Running 50GB test
Trial 1 | ntask=2
Generating 2 files using IOR for 50GB total...
vm.drop_caches = 3
Starting parallel cp from shared to local -----------------------------
Trial[1] cp shared→local of 2 files took 984.049347431 seconds
vm.drop_caches = 3
Starting parallel cp from local to shared -----------------------------
Trial[1] cp local→shared of 2 files took 265.724330678 seconds
{ "filesize": "51200MB", "1": { "ntasks": 2, "shared-to-local-bw(MB/s)": 1.04, "local-to-share-bw(MB/s)": 3.85 } }
------------------------------------------------------
vm.drop_caches = 3
Trial 1 | ntask=4
Generating 4 files using IOR for 50GB total...
vm.drop_caches = 3
Starting parallel cp from shared to local -----------------------------
Trial[1] cp shared→local of 4 files took 39.162169912 seconds
vm.drop_caches = 3
Starting parallel cp from local to shared -----------------------------
Trial[1] cp local→shared of 4 files took 16.835371528 seconds
{ "filesize": "51200MB", "1": { "ntasks": 4, "shared-to-local-bw(MB/s)": 26.15, "local-to-share-bw(MB/s)": 60.82 } }
------------------------------------------------------
vm.drop_caches = 3
Trial 1 | ntask=8
Generating 8 files using IOR for 50GB total...
vm.drop_caches = 3
Starting parallel cp from shared to local -----------------------------
Trial[1] cp shared→local of 8 files took 43.561823385 seconds
vm.drop_caches = 3
Starting parallel cp from local to shared -----------------------------
Trial[1] cp local→shared of 8 files took 81.747086955 seconds
{ "filesize": "51200MB", "1": { "ntasks": 8, "shared-to-local-bw(MB/s)": 23.51, "local-to-share-bw(MB/s)": 12.53 } }
------------------------------------------------------
vm.drop_caches = 3
Trial 1 | ntask=16
Generating 16 files using IOR for 50GB total...
vm.drop_caches = 3
Starting parallel cp from shared to local -----------------------------
Trial[1] cp shared→local of 16 files took 13.621417928 seconds
vm.drop_caches = 3
Starting parallel cp from local to shared -----------------------------
Trial[1] cp local→shared of 16 files took 7.744454190 seconds
{ "filesize": "51200MB", "1": { "ntasks": 16, "shared-to-local-bw(MB/s)": 75.18, "local-to-share-bw(MB/s)": 132.22 } }
------------------------------------------------------
vm.drop_caches = 3
Trial 1 | ntask=32
Generating 32 files using IOR for 50GB total...
vm.drop_caches = 3
Starting parallel cp from shared to local -----------------------------
Trial[1] cp shared→local of 32 files took 12.349784758 seconds
vm.drop_caches = 3
Starting parallel cp from local to shared -----------------------------
Trial[1] cp local→shared of 32 files took 17.997899584 seconds
{ "filesize": "51200MB", "1": { "ntasks": 32, "shared-to-local-bw(MB/s)": 82.92, "local-to-share-bw(MB/s)": 56.90 } }
------------------------------------------------------
vm.drop_caches = 3
Trial 1 | ntask=64
Generating 64 files using IOR for 50GB total...
vm.drop_caches = 3
Starting parallel cp from shared to local -----------------------------
Trial[1] cp shared→local of 64 files took 10.170369575 seconds
vm.drop_caches = 3
Starting parallel cp from local to shared -----------------------------
Trial[1] cp local→shared of 64 files took 4.993362356 seconds
{ "filesize": "51200MB", "1": { "ntasks": 64, "shared-to-local-bw(MB/s)": 100.68, "local-to-share-bw(MB/s)": 205.07 } }
------------------------------------------------------
vm.drop_caches = 3
Trial 1 | ntask=128
Generating 128 files using IOR for 50GB total...
vm.drop_caches = 3
Starting parallel cp from shared to local -----------------------------
Trial[1] cp shared→local of 128 files took 9.013746741 seconds
vm.drop_caches = 3
Starting parallel cp from local to shared -----------------------------
Trial[1] cp local→shared of 128 files took 6.641573357 seconds
{ "filesize": "51200MB", "1": { "ntasks": 128, "shared-to-local-bw(MB/s)": 113.60, "local-to-share-bw(MB/s)": 154.18 } }
------------------------------------------------------
vm.drop_caches = 3
Trial 2 | ntask=2
Generating 2 files using IOR for 50GB total...
vm.drop_caches = 3
Starting parallel cp from shared to local -----------------------------
Trial[2] cp shared→local of 2 files took 75.975860967 seconds
vm.drop_caches = 3
Starting parallel cp from local to shared -----------------------------
Trial[2] cp local→shared of 2 files took 46.389881397 seconds
{ "filesize": "51200MB", "2": { "ntasks": 2, "shared-to-local-bw(MB/s)": 13.48, "local-to-share-bw(MB/s)": 22.07 } }
------------------------------------------------------
vm.drop_caches = 3
Trial 2 | ntask=4
Generating 4 files using IOR for 50GB total...
vm.drop_caches = 3
Starting parallel cp from shared to local -----------------------------
Trial[2] cp shared→local of 4 files took 31.331044472 seconds
vm.drop_caches = 3
Starting parallel cp from local to shared -----------------------------
Trial[2] cp local→shared of 4 files took 18.384075006 seconds
{ "filesize": "51200MB", "2": { "ntasks": 4, "shared-to-local-bw(MB/s)": 32.68, "local-to-share-bw(MB/s)": 55.70 } }
------------------------------------------------------
vm.drop_caches = 3
Trial 2 | ntask=8
Generating 8 files using IOR for 50GB total...
vm.drop_caches = 3
Starting parallel cp from shared to local -----------------------------
Trial[2] cp shared→local of 8 files took 17.112547949 seconds
vm.drop_caches = 3
Starting parallel cp from local to shared -----------------------------
Trial[2] cp local→shared of 8 files took 8.796917446 seconds
{ "filesize": "51200MB", "2": { "ntasks": 8, "shared-to-local-bw(MB/s)": 59.84, "local-to-share-bw(MB/s)": 116.40 } }
------------------------------------------------------
vm.drop_caches = 3
Trial 2 | ntask=16
Generating 16 files using IOR for 50GB total...
vm.drop_caches = 3
Starting parallel cp from shared to local -----------------------------
Trial[2] cp shared→local of 16 files took 8.034903560 seconds
vm.drop_caches = 3
Starting parallel cp from local to shared -----------------------------
Trial[2] cp local→shared of 16 files took 5.225535582 seconds
{ "filesize": "51200MB", "2": { "ntasks": 16, "shared-to-local-bw(MB/s)": 127.44, "local-to-share-bw(MB/s)": 195.96 } }
------------------------------------------------------
vm.drop_caches = 3
Trial 2 | ntask=32
Generating 32 files using IOR for 50GB total...
vm.drop_caches = 3
Starting parallel cp from shared to local -----------------------------
Trial[2] cp shared→local of 32 files took 4.836484911 seconds
vm.drop_caches = 3
Starting parallel cp from local to shared -----------------------------
Trial[2] cp local→shared of 32 files took 5.635721762 seconds
{ "filesize": "51200MB", "2": { "ntasks": 32, "shared-to-local-bw(MB/s)": 211.72, "local-to-share-bw(MB/s)": 181.70 } }
------------------------------------------------------
vm.drop_caches = 3
Trial 2 | ntask=64
Generating 64 files using IOR for 50GB total...
vm.drop_caches = 3
Starting parallel cp from shared to local -----------------------------
Trial[2] cp shared→local of 64 files took 4.797794111 seconds
vm.drop_caches = 3
Starting parallel cp from local to shared -----------------------------
Trial[2] cp local→shared of 64 files took 4.542248560 seconds
{ "filesize": "51200MB", "2": { "ntasks": 64, "shared-to-local-bw(MB/s)": 213.43, "local-to-share-bw(MB/s)": 225.44 } }
------------------------------------------------------
vm.drop_caches = 3
Trial 2 | ntask=128
Generating 128 files using IOR for 50GB total...
vm.drop_caches = 3
Starting parallel cp from shared to local -----------------------------
Trial[2] cp shared→local of 128 files took 4.905799686 seconds
vm.drop_caches = 3
Starting parallel cp from local to shared -----------------------------
Trial[2] cp local→shared of 128 files took 4.541525279 seconds
{ "filesize": "51200MB", "2": { "ntasks": 128, "shared-to-local-bw(MB/s)": 208.73, "local-to-share-bw(MB/s)": 225.47 } }
------------------------------------------------------
vm.drop_caches = 3
Trial 3 | ntask=2
Generating 2 files using IOR for 50GB total...
vm.drop_caches = 3
Starting parallel cp from shared to local -----------------------------
Trial[3] cp shared→local of 2 files took 69.369776869 seconds
vm.drop_caches = 3
Starting parallel cp from local to shared -----------------------------
Trial[3] cp local→shared of 2 files took 26.436548997 seconds
{ "filesize": "51200MB", "3": { "ntasks": 2, "shared-to-local-bw(MB/s)": 14.76, "local-to-share-bw(MB/s)": 38.73 } }
------------------------------------------------------
vm.drop_caches = 3
Trial 3 | ntask=4
Generating 4 files using IOR for 50GB total...
vm.drop_caches = 3
Starting parallel cp from shared to local -----------------------------
Trial[3] cp shared→local of 4 files took 33.914728761 seconds
vm.drop_caches = 3
Starting parallel cp from local to shared -----------------------------
Trial[3] cp local→shared of 4 files took 14.891555401 seconds
{ "filesize": "51200MB", "3": { "ntasks": 4, "shared-to-local-bw(MB/s)": 30.19, "local-to-share-bw(MB/s)": 68.76 } }
------------------------------------------------------
vm.drop_caches = 3
Trial 3 | ntask=8
Generating 8 files using IOR for 50GB total...
vm.drop_caches = 3
Starting parallel cp from shared to local -----------------------------
Trial[3] cp shared→local of 8 files took 16.260162840 seconds
vm.drop_caches = 3
Starting parallel cp from local to shared -----------------------------
Trial[3] cp local→shared of 8 files took 10.178665543 seconds
{ "filesize": "51200MB", "3": { "ntasks": 8, "shared-to-local-bw(MB/s)": 62.98, "local-to-share-bw(MB/s)": 100.60 } }
------------------------------------------------------
vm.drop_caches = 3
Trial 3 | ntask=16
Generating 16 files using IOR for 50GB total...
vm.drop_caches = 3
Starting parallel cp from shared to local -----------------------------
Trial[3] cp shared→local of 16 files took 11.538429024 seconds
vm.drop_caches = 3
Starting parallel cp from local to shared -----------------------------
Trial[3] cp local→shared of 16 files took 6.914036224 seconds
{ "filesize": "51200MB", "3": { "ntasks": 16, "shared-to-local-bw(MB/s)": 88.75, "local-to-share-bw(MB/s)": 148.10 } }
------------------------------------------------------
vm.drop_caches = 3
Trial 3 | ntask=32
Generating 32 files using IOR for 50GB total...
vm.drop_caches = 3
Starting parallel cp from shared to local -----------------------------
Trial[3] cp shared→local of 32 files took 5.032107429 seconds
vm.drop_caches = 3
Starting parallel cp from local to shared -----------------------------
Trial[3] cp local→shared of 32 files took 4.644089885 seconds
{ "filesize": "51200MB", "3": { "ntasks": 32, "shared-to-local-bw(MB/s)": 203.49, "local-to-share-bw(MB/s)": 220.50 } }
------------------------------------------------------
vm.drop_caches = 3
Trial 3 | ntask=64
Generating 64 files using IOR for 50GB total...
vm.drop_caches = 3
Starting parallel cp from shared to local -----------------------------
Trial[3] cp shared→local of 64 files took 4.942644985 seconds
vm.drop_caches = 3
Starting parallel cp from local to shared -----------------------------
Trial[3] cp local→shared of 64 files took 4.493917691 seconds
{ "filesize": "51200MB", "3": { "ntasks": 64, "shared-to-local-bw(MB/s)": 207.18, "local-to-share-bw(MB/s)": 227.86 } }
------------------------------------------------------
vm.drop_caches = 3
Trial 3 | ntask=128
Generating 128 files using IOR for 50GB total...
vm.drop_caches = 3
Starting parallel cp from shared to local -----------------------------
Trial[3] cp shared→local of 128 files took 4.956255361 seconds
vm.drop_caches = 3
Starting parallel cp from local to shared -----------------------------
Trial[3] cp local→shared of 128 files took 4.642936239 seconds
{ "filesize": "51200MB", "3": { "ntasks": 128, "shared-to-local-bw(MB/s)": 206.61, "local-to-share-bw(MB/s)": 220.55 } }
------------------------------------------------------
vm.drop_caches = 3
