hostlist: dc009,dc010,dc016,dc017,
vm.drop_caches = 3
Running 1GB test
Trial 1 | ntask=2
Generated 2 files.
Starting parallel SCP to other nodes -----------------------------
{ "filesize": "1024MB", "1": { "ntasks": 2, "targets": 3, "local-to-local-bw(MB/s)": 100.37 } }
------------------------------------------------------
Trial 1 | ntask=4
Generated 4 files.
Starting parallel SCP to other nodes -----------------------------
{ "filesize": "1024MB", "1": { "ntasks": 4, "targets": 3, "local-to-local-bw(MB/s)": 104.69 } }
------------------------------------------------------
Trial 1 | ntask=8
Generated 8 files.
Starting parallel SCP to other nodes -----------------------------
{ "filesize": "1024MB", "1": { "ntasks": 8, "targets": 3, "local-to-local-bw(MB/s)": 104.73 } }
------------------------------------------------------
Trial 1 | ntask=16
Generated 16 files.
Starting parallel SCP to other nodes -----------------------------
{ "filesize": "1024MB", "1": { "ntasks": 16, "targets": 3, "local-to-local-bw(MB/s)": 101.78 } }
------------------------------------------------------
Trial 1 | ntask=32
Generated 32 files.
Starting parallel SCP to other nodes -----------------------------
{ "filesize": "1024MB", "1": { "ntasks": 32, "targets": 3, "local-to-local-bw(MB/s)": 104.92 } }
------------------------------------------------------
Trial 1 | ntask=64
Generated 64 files.
Starting parallel SCP to other nodes -----------------------------
{ "filesize": "1024MB", "1": { "ntasks": 64, "targets": 3, "local-to-local-bw(MB/s)": 99.72 } }
------------------------------------------------------
Trial 1 | ntask=128
Warning: Expected 128 files but found 64.
Trial 2 | ntask=2
Generated 2 files.
Starting parallel SCP to other nodes -----------------------------
{ "filesize": "1024MB", "2": { "ntasks": 2, "targets": 3, "local-to-local-bw(MB/s)": 105.75 } }
------------------------------------------------------
Trial 2 | ntask=4
Generated 4 files.
Starting parallel SCP to other nodes -----------------------------
{ "filesize": "1024MB", "2": { "ntasks": 4, "targets": 3, "local-to-local-bw(MB/s)": 103.54 } }
------------------------------------------------------
Trial 2 | ntask=8
Generated 8 files.
Starting parallel SCP to other nodes -----------------------------
{ "filesize": "1024MB", "2": { "ntasks": 8, "targets": 3, "local-to-local-bw(MB/s)": 106.34 } }
------------------------------------------------------
Trial 2 | ntask=16
Generated 16 files.
Starting parallel SCP to other nodes -----------------------------
{ "filesize": "1024MB", "2": { "ntasks": 16, "targets": 3, "local-to-local-bw(MB/s)": 106.38 } }
------------------------------------------------------
Trial 2 | ntask=32
Generated 32 files.
Starting parallel SCP to other nodes -----------------------------
{ "filesize": "1024MB", "2": { "ntasks": 32, "targets": 3, "local-to-local-bw(MB/s)": 106.06 } }
------------------------------------------------------
Trial 2 | ntask=64
Generated 64 files.
Starting parallel SCP to other nodes -----------------------------
{ "filesize": "1024MB", "2": { "ntasks": 64, "targets": 3, "local-to-local-bw(MB/s)": 103.37 } }
------------------------------------------------------
Trial 2 | ntask=128
Warning: Expected 128 files but found 64.
Trial 3 | ntask=2
Generated 2 files.
Starting parallel SCP to other nodes -----------------------------
{ "filesize": "1024MB", "3": { "ntasks": 2, "targets": 3, "local-to-local-bw(MB/s)": 106.90 } }
------------------------------------------------------
Trial 3 | ntask=4
Generated 4 files.
Starting parallel SCP to other nodes -----------------------------
{ "filesize": "1024MB", "3": { "ntasks": 4, "targets": 3, "local-to-local-bw(MB/s)": 105.14 } }
------------------------------------------------------
Trial 3 | ntask=8
Generated 8 files.
Starting parallel SCP to other nodes -----------------------------
{ "filesize": "1024MB", "3": { "ntasks": 8, "targets": 3, "local-to-local-bw(MB/s)": 106.35 } }
------------------------------------------------------
Trial 3 | ntask=16
Generated 16 files.
Starting parallel SCP to other nodes -----------------------------
{ "filesize": "1024MB", "3": { "ntasks": 16, "targets": 3, "local-to-local-bw(MB/s)": 105.86 } }
------------------------------------------------------
Trial 3 | ntask=32
Generated 32 files.
Starting parallel SCP to other nodes -----------------------------
{ "filesize": "1024MB", "3": { "ntasks": 32, "targets": 3, "local-to-local-bw(MB/s)": 106.92 } }
------------------------------------------------------
Trial 3 | ntask=64
Generated 64 files.
Starting parallel SCP to other nodes -----------------------------
{ "filesize": "1024MB", "3": { "ntasks": 64, "targets": 3, "local-to-local-bw(MB/s)": 104.37 } }
------------------------------------------------------
Trial 3 | ntask=128
Warning: Expected 128 files but found 64.
Running 5GB test
Trial 1 | ntask=2
Generated 2 files.
Starting parallel SCP to other nodes -----------------------------
{ "filesize": "5120MB", "1": { "ntasks": 2, "targets": 3, "local-to-local-bw(MB/s)": 110.30 } }
------------------------------------------------------
Trial 1 | ntask=4
Generated 4 files.
Starting parallel SCP to other nodes -----------------------------
{ "filesize": "5120MB", "1": { "ntasks": 4, "targets": 3, "local-to-local-bw(MB/s)": 110.46 } }
------------------------------------------------------
Trial 1 | ntask=8
Generated 8 files.
Starting parallel SCP to other nodes -----------------------------
{ "filesize": "5120MB", "1": { "ntasks": 8, "targets": 3, "local-to-local-bw(MB/s)": 107.69 } }
------------------------------------------------------
Trial 1 | ntask=16
Generated 16 files.
Starting parallel SCP to other nodes -----------------------------
{ "filesize": "5120MB", "1": { "ntasks": 16, "targets": 3, "local-to-local-bw(MB/s)": 110.64 } }
------------------------------------------------------
Trial 1 | ntask=32
Generated 32 files.
Starting parallel SCP to other nodes -----------------------------
{ "filesize": "5120MB", "1": { "ntasks": 32, "targets": 3, "local-to-local-bw(MB/s)": 110.57 } }
------------------------------------------------------
Trial 1 | ntask=64
Generated 64 files.
Starting parallel SCP to other nodes -----------------------------
{ "filesize": "5120MB", "1": { "ntasks": 64, "targets": 3, "local-to-local-bw(MB/s)": 110.13 } }
------------------------------------------------------
Trial 1 | ntask=128
Warning: Expected 128 files but found 64.
Trial 2 | ntask=2
Generated 2 files.
Starting parallel SCP to other nodes -----------------------------
{ "filesize": "5120MB", "2": { "ntasks": 2, "targets": 3, "local-to-local-bw(MB/s)": 110.51 } }
------------------------------------------------------
Trial 2 | ntask=4
Generated 4 files.
Starting parallel SCP to other nodes -----------------------------
{ "filesize": "5120MB", "2": { "ntasks": 4, "targets": 3, "local-to-local-bw(MB/s)": 110.41 } }
------------------------------------------------------
Trial 2 | ntask=8
Generated 8 files.
Starting parallel SCP to other nodes -----------------------------
{ "filesize": "5120MB", "2": { "ntasks": 8, "targets": 3, "local-to-local-bw(MB/s)": 107.04 } }
------------------------------------------------------
Trial 2 | ntask=16
Generated 16 files.
Starting parallel SCP to other nodes -----------------------------
{ "filesize": "5120MB", "2": { "ntasks": 16, "targets": 3, "local-to-local-bw(MB/s)": 110.72 } }
------------------------------------------------------
Trial 2 | ntask=32
Generated 32 files.
Starting parallel SCP to other nodes -----------------------------
{ "filesize": "5120MB", "2": { "ntasks": 32, "targets": 3, "local-to-local-bw(MB/s)": 110.56 } }
------------------------------------------------------
Trial 2 | ntask=64
Generated 64 files.
Starting parallel SCP to other nodes -----------------------------
{ "filesize": "5120MB", "2": { "ntasks": 64, "targets": 3, "local-to-local-bw(MB/s)": 110.60 } }
------------------------------------------------------
Trial 2 | ntask=128
Warning: Expected 128 files but found 64.
Trial 3 | ntask=2
Generated 2 files.
Starting parallel SCP to other nodes -----------------------------
{ "filesize": "5120MB", "3": { "ntasks": 2, "targets": 3, "local-to-local-bw(MB/s)": 110.64 } }
------------------------------------------------------
Trial 3 | ntask=4
Generated 4 files.
Starting parallel SCP to other nodes -----------------------------
{ "filesize": "5120MB", "3": { "ntasks": 4, "targets": 3, "local-to-local-bw(MB/s)": 107.19 } }
------------------------------------------------------
Trial 3 | ntask=8
Generated 8 files.
Starting parallel SCP to other nodes -----------------------------
{ "filesize": "5120MB", "3": { "ntasks": 8, "targets": 3, "local-to-local-bw(MB/s)": 108.08 } }
------------------------------------------------------
Trial 3 | ntask=16
Generated 16 files.
Starting parallel SCP to other nodes -----------------------------
{ "filesize": "5120MB", "3": { "ntasks": 16, "targets": 3, "local-to-local-bw(MB/s)": 110.37 } }
------------------------------------------------------
Trial 3 | ntask=32
Generated 32 files.
Starting parallel SCP to other nodes -----------------------------
{ "filesize": "5120MB", "3": { "ntasks": 32, "targets": 3, "local-to-local-bw(MB/s)": 110.56 } }
------------------------------------------------------
Trial 3 | ntask=64
Generated 64 files.
Starting parallel SCP to other nodes -----------------------------
{ "filesize": "5120MB", "3": { "ntasks": 64, "targets": 3, "local-to-local-bw(MB/s)": 109.62 } }
------------------------------------------------------
Trial 3 | ntask=128
Warning: Expected 128 files but found 64.
Running 50GB test
Trial 1 | ntask=2
Generated 2 files.
Starting parallel SCP to other nodes -----------------------------
{ "filesize": "51200MB", "1": { "ntasks": 2, "targets": 3, "local-to-local-bw(MB/s)": 111.96 } }
------------------------------------------------------
Trial 1 | ntask=4
Generated 4 files.
Starting parallel SCP to other nodes -----------------------------
{ "filesize": "51200MB", "1": { "ntasks": 4, "targets": 3, "local-to-local-bw(MB/s)": 111.86 } }
------------------------------------------------------
Trial 1 | ntask=8
Generated 8 files.
Starting parallel SCP to other nodes -----------------------------
{ "filesize": "51200MB", "1": { "ntasks": 8, "targets": 3, "local-to-local-bw(MB/s)": 111.92 } }
------------------------------------------------------
Trial 1 | ntask=16
Generated 16 files.
Starting parallel SCP to other nodes -----------------------------
{ "filesize": "51200MB", "1": { "ntasks": 16, "targets": 3, "local-to-local-bw(MB/s)": 111.71 } }
------------------------------------------------------
Trial 1 | ntask=32
Generated 32 files.
Starting parallel SCP to other nodes -----------------------------
{ "filesize": "51200MB", "1": { "ntasks": 32, "targets": 3, "local-to-local-bw(MB/s)": 111.87 } }
------------------------------------------------------
Trial 1 | ntask=64
Generated 64 files.
Starting parallel SCP to other nodes -----------------------------
{ "filesize": "51200MB", "1": { "ntasks": 64, "targets": 3, "local-to-local-bw(MB/s)": 111.82 } }
------------------------------------------------------
Trial 1 | ntask=128
Warning: Expected 128 files but found 64.
Trial 2 | ntask=2
Generated 2 files.
Starting parallel SCP to other nodes -----------------------------
{ "filesize": "51200MB", "2": { "ntasks": 2, "targets": 3, "local-to-local-bw(MB/s)": 111.95 } }
------------------------------------------------------
Trial 2 | ntask=4
Generated 4 files.
Starting parallel SCP to other nodes -----------------------------
{ "filesize": "51200MB", "2": { "ntasks": 4, "targets": 3, "local-to-local-bw(MB/s)": 111.74 } }
------------------------------------------------------
Trial 2 | ntask=8
Generated 8 files.
Starting parallel SCP to other nodes -----------------------------
{ "filesize": "51200MB", "2": { "ntasks": 8, "targets": 3, "local-to-local-bw(MB/s)": 111.82 } }
------------------------------------------------------
Trial 2 | ntask=16
Generated 16 files.
Starting parallel SCP to other nodes -----------------------------
{ "filesize": "51200MB", "2": { "ntasks": 16, "targets": 3, "local-to-local-bw(MB/s)": 111.93 } }
------------------------------------------------------
Trial 2 | ntask=32
Generated 32 files.
Starting parallel SCP to other nodes -----------------------------
{ "filesize": "51200MB", "2": { "ntasks": 32, "targets": 3, "local-to-local-bw(MB/s)": 111.95 } }
------------------------------------------------------
Trial 2 | ntask=64
Generated 64 files.
Starting parallel SCP to other nodes -----------------------------
{ "filesize": "51200MB", "2": { "ntasks": 64, "targets": 3, "local-to-local-bw(MB/s)": 111.85 } }
------------------------------------------------------
Trial 2 | ntask=128
Warning: Expected 128 files but found 64.
Trial 3 | ntask=2
Generated 2 files.
Starting parallel SCP to other nodes -----------------------------
{ "filesize": "51200MB", "3": { "ntasks": 2, "targets": 3, "local-to-local-bw(MB/s)": 111.88 } }
------------------------------------------------------
Trial 3 | ntask=4
Generated 4 files.
Starting parallel SCP to other nodes -----------------------------
{ "filesize": "51200MB", "3": { "ntasks": 4, "targets": 3, "local-to-local-bw(MB/s)": 111.69 } }
------------------------------------------------------
Trial 3 | ntask=8
Generated 8 files.
Starting parallel SCP to other nodes -----------------------------
{ "filesize": "51200MB", "3": { "ntasks": 8, "targets": 3, "local-to-local-bw(MB/s)": 111.76 } }
------------------------------------------------------
Trial 3 | ntask=16
Generated 16 files.
Starting parallel SCP to other nodes -----------------------------
{ "filesize": "51200MB", "3": { "ntasks": 16, "targets": 3, "local-to-local-bw(MB/s)": 111.92 } }
------------------------------------------------------
Trial 3 | ntask=32
Generated 32 files.
Starting parallel SCP to other nodes -----------------------------
{ "filesize": "51200MB", "3": { "ntasks": 32, "targets": 3, "local-to-local-bw(MB/s)": 111.84 } }
------------------------------------------------------
Trial 3 | ntask=64
Generated 64 files.
Starting parallel SCP to other nodes -----------------------------
{ "filesize": "51200MB", "3": { "ntasks": 64, "targets": 3, "local-to-local-bw(MB/s)": 111.86 } }
------------------------------------------------------
Trial 3 | ntask=128
Warning: Expected 128 files but found 64.

