hostlist: dc091,dc093,
vm.drop_caches = 3
Running 1GB test
Trial 1 | ntask=2
Generated 2 files.
Starting parallel SCP to other nodes -----------------------------
{ "filesize": "1024MB", "1": { "ntasks": 2, "targets": 1, "local-to-local-bw(MB/s)": 79.32 } }
------------------------------------------------------
Trial 1 | ntask=4
Generated 4 files.
Starting parallel SCP to other nodes -----------------------------
{ "filesize": "1024MB", "1": { "ntasks": 4, "targets": 1, "local-to-local-bw(MB/s)": 95.26 } }
------------------------------------------------------
Trial 1 | ntask=8
Generated 8 files.
Starting parallel SCP to other nodes -----------------------------
{ "filesize": "1024MB", "1": { "ntasks": 8, "targets": 1, "local-to-local-bw(MB/s)": 93.81 } }
------------------------------------------------------
Trial 1 | ntask=16
Generated 16 files.
Starting parallel SCP to other nodes -----------------------------
{ "filesize": "1024MB", "1": { "ntasks": 16, "targets": 1, "local-to-local-bw(MB/s)": 95.56 } }
------------------------------------------------------
Trial 1 | ntask=32
Generated 32 files.
Starting parallel SCP to other nodes -----------------------------
{ "filesize": "1024MB", "1": { "ntasks": 32, "targets": 1, "local-to-local-bw(MB/s)": 78.51 } }
------------------------------------------------------
Trial 1 | ntask=64
Generated 64 files.
Starting parallel SCP to other nodes -----------------------------
{ "filesize": "1024MB", "1": { "ntasks": 64, "targets": 1, "local-to-local-bw(MB/s)": 90.58 } }
------------------------------------------------------
Trial 1 | ntask=128
Warning: Expected 128 files but found 64.
Trial 2 | ntask=2
Generated 2 files.
Starting parallel SCP to other nodes -----------------------------
{ "filesize": "1024MB", "2": { "ntasks": 2, "targets": 1, "local-to-local-bw(MB/s)": 93.01 } }
------------------------------------------------------
Trial 2 | ntask=4
Generated 4 files.
Starting parallel SCP to other nodes -----------------------------
{ "filesize": "1024MB", "2": { "ntasks": 4, "targets": 1, "local-to-local-bw(MB/s)": 94.12 } }
------------------------------------------------------
Trial 2 | ntask=8
Generated 8 files.
Starting parallel SCP to other nodes -----------------------------
{ "filesize": "1024MB", "2": { "ntasks": 8, "targets": 1, "local-to-local-bw(MB/s)": 96.15 } }
------------------------------------------------------
Trial 2 | ntask=16
Generated 16 files.
Starting parallel SCP to other nodes -----------------------------
{ "filesize": "1024MB", "2": { "ntasks": 16, "targets": 1, "local-to-local-bw(MB/s)": 77.04 } }
------------------------------------------------------
Trial 2 | ntask=32
Generated 32 files.
Starting parallel SCP to other nodes -----------------------------
{ "filesize": "1024MB", "2": { "ntasks": 32, "targets": 1, "local-to-local-bw(MB/s)": 93.52 } }
------------------------------------------------------
Trial 2 | ntask=64
Generated 64 files.
Starting parallel SCP to other nodes -----------------------------
{ "filesize": "1024MB", "2": { "ntasks": 64, "targets": 1, "local-to-local-bw(MB/s)": 69.00 } }
------------------------------------------------------
Trial 2 | ntask=128
Warning: Expected 128 files but found 64.
Trial 3 | ntask=2
Generated 2 files.
Starting parallel SCP to other nodes -----------------------------
{ "filesize": "1024MB", "3": { "ntasks": 2, "targets": 1, "local-to-local-bw(MB/s)": 93.21 } }
------------------------------------------------------
Trial 3 | ntask=4
Generated 4 files.
Starting parallel SCP to other nodes -----------------------------
{ "filesize": "1024MB", "3": { "ntasks": 4, "targets": 1, "local-to-local-bw(MB/s)": 97.43 } }
------------------------------------------------------
Trial 3 | ntask=8
Generated 8 files.
Starting parallel SCP to other nodes -----------------------------
{ "filesize": "1024MB", "3": { "ntasks": 8, "targets": 1, "local-to-local-bw(MB/s)": 96.58 } }
------------------------------------------------------
Trial 3 | ntask=16
Generated 16 files.
Starting parallel SCP to other nodes -----------------------------
{ "filesize": "1024MB", "3": { "ntasks": 16, "targets": 1, "local-to-local-bw(MB/s)": 98.12 } }
------------------------------------------------------
Trial 3 | ntask=32
Generated 32 files.
Starting parallel SCP to other nodes -----------------------------
{ "filesize": "1024MB", "3": { "ntasks": 32, "targets": 1, "local-to-local-bw(MB/s)": 93.67 } }
------------------------------------------------------
Trial 3 | ntask=64
Generated 64 files.
Starting parallel SCP to other nodes -----------------------------
{ "filesize": "1024MB", "3": { "ntasks": 64, "targets": 1, "local-to-local-bw(MB/s)": 88.84 } }
------------------------------------------------------
Trial 3 | ntask=128
Warning: Expected 128 files but found 64.
Running 5GB test
Trial 1 | ntask=2
Generated 2 files.
Starting parallel SCP to other nodes -----------------------------
{ "filesize": "5120MB", "1": { "ntasks": 2, "targets": 1, "local-to-local-bw(MB/s)": 106.39 } }
------------------------------------------------------
Trial 1 | ntask=4
Generated 4 files.
Starting parallel SCP to other nodes -----------------------------
{ "filesize": "5120MB", "1": { "ntasks": 4, "targets": 1, "local-to-local-bw(MB/s)": 104.87 } }
------------------------------------------------------
Trial 1 | ntask=8
Generated 8 files.
Starting parallel SCP to other nodes -----------------------------
{ "filesize": "5120MB", "1": { "ntasks": 8, "targets": 1, "local-to-local-bw(MB/s)": 105.15 } }
------------------------------------------------------
Trial 1 | ntask=16
Generated 16 files.
Starting parallel SCP to other nodes -----------------------------
{ "filesize": "5120MB", "1": { "ntasks": 16, "targets": 1, "local-to-local-bw(MB/s)": 103.49 } }
------------------------------------------------------
Trial 1 | ntask=32
Generated 32 files.
Starting parallel SCP to other nodes -----------------------------
{ "filesize": "5120MB", "1": { "ntasks": 32, "targets": 1, "local-to-local-bw(MB/s)": 97.23 } }
------------------------------------------------------
Trial 1 | ntask=64
Generated 64 files.
Starting parallel SCP to other nodes -----------------------------
{ "filesize": "5120MB", "1": { "ntasks": 64, "targets": 1, "local-to-local-bw(MB/s)": 98.37 } }
------------------------------------------------------
Trial 1 | ntask=128
Warning: Expected 128 files but found 64.
Trial 2 | ntask=2
Generated 2 files.
Starting parallel SCP to other nodes -----------------------------
{ "filesize": "5120MB", "2": { "ntasks": 2, "targets": 1, "local-to-local-bw(MB/s)": 106.68 } }
------------------------------------------------------
Trial 2 | ntask=4
Generated 4 files.
Starting parallel SCP to other nodes -----------------------------
{ "filesize": "5120MB", "2": { "ntasks": 4, "targets": 1, "local-to-local-bw(MB/s)": 101.34 } }
------------------------------------------------------
Trial 2 | ntask=8
Generated 8 files.
Starting parallel SCP to other nodes -----------------------------
{ "filesize": "5120MB", "2": { "ntasks": 8, "targets": 1, "local-to-local-bw(MB/s)": 107.09 } }
------------------------------------------------------
Trial 2 | ntask=16
Generated 16 files.
Starting parallel SCP to other nodes -----------------------------
{ "filesize": "5120MB", "2": { "ntasks": 16, "targets": 1, "local-to-local-bw(MB/s)": 101.32 } }
------------------------------------------------------
Trial 2 | ntask=32
Generated 32 files.
Starting parallel SCP to other nodes -----------------------------
{ "filesize": "5120MB", "2": { "ntasks": 32, "targets": 1, "local-to-local-bw(MB/s)": 105.52 } }
------------------------------------------------------
Trial 2 | ntask=64
Generated 64 files.
Starting parallel SCP to other nodes -----------------------------
{ "filesize": "5120MB", "2": { "ntasks": 64, "targets": 1, "local-to-local-bw(MB/s)": 106.62 } }
------------------------------------------------------
Trial 2 | ntask=128
Warning: Expected 128 files but found 64.
Trial 3 | ntask=2
Generated 2 files.
Starting parallel SCP to other nodes -----------------------------
{ "filesize": "5120MB", "3": { "ntasks": 2, "targets": 1, "local-to-local-bw(MB/s)": 106.34 } }
------------------------------------------------------
Trial 3 | ntask=4
Generated 4 files.
Starting parallel SCP to other nodes -----------------------------
{ "filesize": "5120MB", "3": { "ntasks": 4, "targets": 1, "local-to-local-bw(MB/s)": 103.43 } }
------------------------------------------------------
Trial 3 | ntask=8
Generated 8 files.
Starting parallel SCP to other nodes -----------------------------
{ "filesize": "5120MB", "3": { "ntasks": 8, "targets": 1, "local-to-local-bw(MB/s)": 107.65 } }
------------------------------------------------------
Trial 3 | ntask=16
Generated 16 files.
Starting parallel SCP to other nodes -----------------------------
{ "filesize": "5120MB", "3": { "ntasks": 16, "targets": 1, "local-to-local-bw(MB/s)": 107.80 } }
------------------------------------------------------
Trial 3 | ntask=32
Generated 32 files.
Starting parallel SCP to other nodes -----------------------------
{ "filesize": "5120MB", "3": { "ntasks": 32, "targets": 1, "local-to-local-bw(MB/s)": 98.67 } }
------------------------------------------------------
Trial 3 | ntask=64
Generated 64 files.
Starting parallel SCP to other nodes -----------------------------
{ "filesize": "5120MB", "3": { "ntasks": 64, "targets": 1, "local-to-local-bw(MB/s)": 104.72 } }
------------------------------------------------------
Trial 3 | ntask=128
Warning: Expected 128 files but found 64.
Running 50GB test
Trial 1 | ntask=2
Generated 2 files.
Starting parallel SCP to other nodes -----------------------------
{ "filesize": "51200MB", "1": { "ntasks": 2, "targets": 1, "local-to-local-bw(MB/s)": 109.66 } }
------------------------------------------------------
Trial 1 | ntask=4
Generated 4 files.
Starting parallel SCP to other nodes -----------------------------
{ "filesize": "51200MB", "1": { "ntasks": 4, "targets": 1, "local-to-local-bw(MB/s)": 110.88 } }
------------------------------------------------------
Trial 1 | ntask=8
Generated 8 files.
Starting parallel SCP to other nodes -----------------------------
{ "filesize": "51200MB", "1": { "ntasks": 8, "targets": 1, "local-to-local-bw(MB/s)": 110.60 } }
------------------------------------------------------
Trial 1 | ntask=16
Generated 16 files.
Starting parallel SCP to other nodes -----------------------------
{ "filesize": "51200MB", "1": { "ntasks": 16, "targets": 1, "local-to-local-bw(MB/s)": 109.45 } }
------------------------------------------------------
Trial 1 | ntask=32
Generated 32 files.
Starting parallel SCP to other nodes -----------------------------
{ "filesize": "51200MB", "1": { "ntasks": 32, "targets": 1, "local-to-local-bw(MB/s)": 110.14 } }
------------------------------------------------------
Trial 1 | ntask=64
Generated 64 files.
Starting parallel SCP to other nodes -----------------------------
{ "filesize": "51200MB", "1": { "ntasks": 64, "targets": 1, "local-to-local-bw(MB/s)": 110.09 } }
------------------------------------------------------
Trial 1 | ntask=128
Warning: Expected 128 files but found 64.
Trial 2 | ntask=2
Generated 2 files.
Starting parallel SCP to other nodes -----------------------------
{ "filesize": "51200MB", "2": { "ntasks": 2, "targets": 1, "local-to-local-bw(MB/s)": 110.81 } }
------------------------------------------------------
Trial 2 | ntask=4
Generated 4 files.
Starting parallel SCP to other nodes -----------------------------
{ "filesize": "51200MB", "2": { "ntasks": 4, "targets": 1, "local-to-local-bw(MB/s)": 110.52 } }
------------------------------------------------------
Trial 2 | ntask=8
Generated 8 files.
Starting parallel SCP to other nodes -----------------------------
{ "filesize": "51200MB", "2": { "ntasks": 8, "targets": 1, "local-to-local-bw(MB/s)": 110.06 } }
------------------------------------------------------
Trial 2 | ntask=16
Generated 16 files.
Starting parallel SCP to other nodes -----------------------------
{ "filesize": "51200MB", "2": { "ntasks": 16, "targets": 1, "local-to-local-bw(MB/s)": 110.39 } }
------------------------------------------------------
Trial 2 | ntask=32
Generated 32 files.
Starting parallel SCP to other nodes -----------------------------
{ "filesize": "51200MB", "2": { "ntasks": 32, "targets": 1, "local-to-local-bw(MB/s)": 109.97 } }
------------------------------------------------------
Trial 2 | ntask=64
Generated 64 files.
Starting parallel SCP to other nodes -----------------------------
{ "filesize": "51200MB", "2": { "ntasks": 64, "targets": 1, "local-to-local-bw(MB/s)": 110.33 } }
------------------------------------------------------
Trial 2 | ntask=128
Warning: Expected 128 files but found 64.
Trial 3 | ntask=2
Generated 2 files.
Starting parallel SCP to other nodes -----------------------------
{ "filesize": "51200MB", "3": { "ntasks": 2, "targets": 1, "local-to-local-bw(MB/s)": 110.03 } }
------------------------------------------------------
Trial 3 | ntask=4
Generated 4 files.
Starting parallel SCP to other nodes -----------------------------
{ "filesize": "51200MB", "3": { "ntasks": 4, "targets": 1, "local-to-local-bw(MB/s)": 110.81 } }
------------------------------------------------------
Trial 3 | ntask=8
Generated 8 files.
Starting parallel SCP to other nodes -----------------------------
{ "filesize": "51200MB", "3": { "ntasks": 8, "targets": 1, "local-to-local-bw(MB/s)": 110.20 } }
------------------------------------------------------
Trial 3 | ntask=16
Generated 16 files.
Starting parallel SCP to other nodes -----------------------------
{ "filesize": "51200MB", "3": { "ntasks": 16, "targets": 1, "local-to-local-bw(MB/s)": 111.04 } }
------------------------------------------------------
Trial 3 | ntask=32
Generated 32 files.
Starting parallel SCP to other nodes -----------------------------
{ "filesize": "51200MB", "3": { "ntasks": 32, "targets": 1, "local-to-local-bw(MB/s)": 110.08 } }
------------------------------------------------------
Trial 3 | ntask=64
Generated 64 files.
Starting parallel SCP to other nodes -----------------------------
{ "filesize": "51200MB", "3": { "ntasks": 64, "targets": 1, "local-to-local-bw(MB/s)": 110.10 } }
------------------------------------------------------
Trial 3 | ntask=128
Warning: Expected 128 files but found 64.
