hostlist: dc241,dc242,dc243,dc244,dc245,dc250,dc251,dc252,dc253,dc254,dc255,dc256,dc257,dc258,dc259,dc260,dc261,dc262,dc263,dc264,dc265,dc270,dc271,dc272,dc273,dc274,dc275,dc280,dc281,dc282,dc283,dc284,
vm.drop_caches = 3
Running 1GB test
Trial 1 | ntask=2
Generated 2 files.
Starting parallel SCP to other nodes -----------------------------
{ "filesize": "1024MB", "1": { "ntasks": 2, "targets": 31, "local-to-local-bw(MB/s)": 110.74 } }
------------------------------------------------------
Trial 1 | ntask=4
Generated 4 files.
Starting parallel SCP to other nodes -----------------------------
{ "filesize": "1024MB", "1": { "ntasks": 4, "targets": 31, "local-to-local-bw(MB/s)": 110.75 } }
------------------------------------------------------
Trial 1 | ntask=8
Generated 8 files.
Starting parallel SCP to other nodes -----------------------------
{ "filesize": "1024MB", "1": { "ntasks": 8, "targets": 31, "local-to-local-bw(MB/s)": 109.74 } }
------------------------------------------------------
Trial 1 | ntask=16
Generated 16 files.
Starting parallel SCP to other nodes -----------------------------
{ "filesize": "1024MB", "1": { "ntasks": 16, "targets": 31, "local-to-local-bw(MB/s)": 110.09 } }
------------------------------------------------------
Trial 1 | ntask=32
Generated 32 files.
Starting parallel SCP to other nodes -----------------------------
{ "filesize": "1024MB", "1": { "ntasks": 32, "targets": 31, "local-to-local-bw(MB/s)": 108.07 } }
------------------------------------------------------
Trial 1 | ntask=64
Generated 64 files.
Starting parallel SCP to other nodes -----------------------------
{ "filesize": "1024MB", "1": { "ntasks": 64, "targets": 31, "local-to-local-bw(MB/s)": 103.94 } }
------------------------------------------------------
Trial 1 | ntask=128
Warning: Expected 128 files but found 64.
Trial 2 | ntask=2
Generated 2 files.
Starting parallel SCP to other nodes -----------------------------
{ "filesize": "1024MB", "2": { "ntasks": 2, "targets": 31, "local-to-local-bw(MB/s)": 111.45 } }
------------------------------------------------------
Trial 2 | ntask=4
Generated 4 files.
Starting parallel SCP to other nodes -----------------------------
{ "filesize": "1024MB", "2": { "ntasks": 4, "targets": 31, "local-to-local-bw(MB/s)": 110.59 } }
------------------------------------------------------
Trial 2 | ntask=8
Generated 8 files.
Starting parallel SCP to other nodes -----------------------------
{ "filesize": "1024MB", "2": { "ntasks": 8, "targets": 31, "local-to-local-bw(MB/s)": 110.50 } }
------------------------------------------------------
Trial 2 | ntask=16
Generated 16 files.
Starting parallel SCP to other nodes -----------------------------
{ "filesize": "1024MB", "2": { "ntasks": 16, "targets": 31, "local-to-local-bw(MB/s)": 110.01 } }
------------------------------------------------------
Trial 2 | ntask=32
Generated 32 files.
Starting parallel SCP to other nodes -----------------------------
{ "filesize": "1024MB", "2": { "ntasks": 32, "targets": 31, "local-to-local-bw(MB/s)": 108.89 } }
------------------------------------------------------
Trial 2 | ntask=64
Generated 64 files.
Starting parallel SCP to other nodes -----------------------------
{ "filesize": "1024MB", "2": { "ntasks": 64, "targets": 31, "local-to-local-bw(MB/s)": 106.28 } }
------------------------------------------------------
Trial 2 | ntask=128
Warning: Expected 128 files but found 64.
Trial 3 | ntask=2
Generated 2 files.
Starting parallel SCP to other nodes -----------------------------
{ "filesize": "1024MB", "3": { "ntasks": 2, "targets": 31, "local-to-local-bw(MB/s)": 111.27 } }
------------------------------------------------------
Trial 3 | ntask=4
Generated 4 files.
Starting parallel SCP to other nodes -----------------------------
{ "filesize": "1024MB", "3": { "ntasks": 4, "targets": 31, "local-to-local-bw(MB/s)": 111.05 } }
------------------------------------------------------
Trial 3 | ntask=8
Generated 8 files.
Starting parallel SCP to other nodes -----------------------------
{ "filesize": "1024MB", "3": { "ntasks": 8, "targets": 31, "local-to-local-bw(MB/s)": 110.55 } }
------------------------------------------------------
Trial 3 | ntask=16
Generated 16 files.
Starting parallel SCP to other nodes -----------------------------
{ "filesize": "1024MB", "3": { "ntasks": 16, "targets": 31, "local-to-local-bw(MB/s)": 109.76 } }
------------------------------------------------------
Trial 3 | ntask=32
Generated 32 files.
Starting parallel SCP to other nodes -----------------------------
{ "filesize": "1024MB", "3": { "ntasks": 32, "targets": 31, "local-to-local-bw(MB/s)": 108.13 } }
------------------------------------------------------
Trial 3 | ntask=64
Generated 64 files.
Starting parallel SCP to other nodes -----------------------------
{ "filesize": "1024MB", "3": { "ntasks": 64, "targets": 31, "local-to-local-bw(MB/s)": 105.00 } }
------------------------------------------------------
Trial 3 | ntask=128
Warning: Expected 128 files but found 64.
Running 5GB test
Trial 1 | ntask=2
Generated 2 files.
Starting parallel SCP to other nodes -----------------------------
{ "filesize": "5120MB", "1": { "ntasks": 2, "targets": 31, "local-to-local-bw(MB/s)": 111.94 } }
------------------------------------------------------
Trial 1 | ntask=4
Generated 4 files.
Starting parallel SCP to other nodes -----------------------------
{ "filesize": "5120MB", "1": { "ntasks": 4, "targets": 31, "local-to-local-bw(MB/s)": 111.85 } }
------------------------------------------------------
Trial 1 | ntask=8
Generated 8 files.
Starting parallel SCP to other nodes -----------------------------
{ "filesize": "5120MB", "1": { "ntasks": 8, "targets": 31, "local-to-local-bw(MB/s)": 111.83 } }
------------------------------------------------------
Trial 1 | ntask=16
Generated 16 files.
Starting parallel SCP to other nodes -----------------------------
{ "filesize": "5120MB", "1": { "ntasks": 16, "targets": 31, "local-to-local-bw(MB/s)": 111.57 } }
------------------------------------------------------
Trial 1 | ntask=32
Generated 32 files.
Starting parallel SCP to other nodes -----------------------------
{ "filesize": "5120MB", "1": { "ntasks": 32, "targets": 31, "local-to-local-bw(MB/s)": 111.41 } }
------------------------------------------------------
Trial 1 | ntask=64
Generated 64 files.
Starting parallel SCP to other nodes -----------------------------
{ "filesize": "5120MB", "1": { "ntasks": 64, "targets": 31, "local-to-local-bw(MB/s)": 110.93 } }
------------------------------------------------------
Trial 1 | ntask=128
Warning: Expected 128 files but found 64.
Trial 2 | ntask=2
Generated 2 files.
Starting parallel SCP to other nodes -----------------------------
{ "filesize": "5120MB", "2": { "ntasks": 2, "targets": 31, "local-to-local-bw(MB/s)": 111.95 } }
------------------------------------------------------
Trial 2 | ntask=4
Generated 4 files.
Starting parallel SCP to other nodes -----------------------------
{ "filesize": "5120MB", "2": { "ntasks": 4, "targets": 31, "local-to-local-bw(MB/s)": 111.87 } }
------------------------------------------------------
Trial 2 | ntask=8
Generated 8 files.
Starting parallel SCP to other nodes -----------------------------
{ "filesize": "5120MB", "2": { "ntasks": 8, "targets": 31, "local-to-local-bw(MB/s)": 111.74 } }
------------------------------------------------------
Trial 2 | ntask=16
Generated 16 files.
Starting parallel SCP to other nodes -----------------------------
{ "filesize": "5120MB", "2": { "ntasks": 16, "targets": 31, "local-to-local-bw(MB/s)": 111.72 } }
------------------------------------------------------
Trial 2 | ntask=32
Generated 32 files.
Starting parallel SCP to other nodes -----------------------------
{ "filesize": "5120MB", "2": { "ntasks": 32, "targets": 31, "local-to-local-bw(MB/s)": 111.68 } }
------------------------------------------------------
Trial 2 | ntask=64
Generated 64 files.
Starting parallel SCP to other nodes -----------------------------
{ "filesize": "5120MB", "2": { "ntasks": 64, "targets": 31, "local-to-local-bw(MB/s)": 110.84 } }
------------------------------------------------------
Trial 2 | ntask=128
Warning: Expected 128 files but found 64.
Trial 3 | ntask=2
Generated 2 files.
Starting parallel SCP to other nodes -----------------------------
{ "filesize": "5120MB", "3": { "ntasks": 2, "targets": 31, "local-to-local-bw(MB/s)": 111.94 } }
------------------------------------------------------
Trial 3 | ntask=4
Generated 4 files.
Starting parallel SCP to other nodes -----------------------------
{ "filesize": "5120MB", "3": { "ntasks": 4, "targets": 31, "local-to-local-bw(MB/s)": 111.93 } }
------------------------------------------------------
Trial 3 | ntask=8
Generated 8 files.
Starting parallel SCP to other nodes -----------------------------
{ "filesize": "5120MB", "3": { "ntasks": 8, "targets": 31, "local-to-local-bw(MB/s)": 111.85 } }
------------------------------------------------------
Trial 3 | ntask=16
Generated 16 files.
Starting parallel SCP to other nodes -----------------------------
{ "filesize": "5120MB", "3": { "ntasks": 16, "targets": 31, "local-to-local-bw(MB/s)": 111.83 } }
------------------------------------------------------
Trial 3 | ntask=32
Generated 32 files.
Starting parallel SCP to other nodes -----------------------------
{ "filesize": "5120MB", "3": { "ntasks": 32, "targets": 31, "local-to-local-bw(MB/s)": 111.65 } }
------------------------------------------------------
Trial 3 | ntask=64
Generated 64 files.
Starting parallel SCP to other nodes -----------------------------
{ "filesize": "5120MB", "3": { "ntasks": 64, "targets": 31, "local-to-local-bw(MB/s)": 111.44 } }
------------------------------------------------------
Trial 3 | ntask=128
Warning: Expected 128 files but found 64.
Running 50GB test
Trial 1 | ntask=2
Generated 2 files.
Starting parallel SCP to other nodes -----------------------------
{ "filesize": "51200MB", "1": { "ntasks": 2, "targets": 31, "local-to-local-bw(MB/s)": 112.09 } }
------------------------------------------------------
Trial 1 | ntask=4
Generated 4 files.
Starting parallel SCP to other nodes -----------------------------
{ "filesize": "51200MB", "1": { "ntasks": 4, "targets": 31, "local-to-local-bw(MB/s)": 112.08 } }
------------------------------------------------------
Trial 1 | ntask=8
Generated 8 files.
Starting parallel SCP to other nodes -----------------------------
{ "filesize": "51200MB", "1": { "ntasks": 8, "targets": 31, "local-to-local-bw(MB/s)": 112.06 } }
------------------------------------------------------
Trial 1 | ntask=16
Generated 16 files.
Starting parallel SCP to other nodes -----------------------------
{ "filesize": "51200MB", "1": { "ntasks": 16, "targets": 31, "local-to-local-bw(MB/s)": 112.05 } }
------------------------------------------------------
Trial 1 | ntask=32
Generated 32 files.
Starting parallel SCP to other nodes -----------------------------
{ "filesize": "51200MB", "1": { "ntasks": 32, "targets": 31, "local-to-local-bw(MB/s)": 111.97 } }
------------------------------------------------------
Trial 1 | ntask=64
Generated 64 files.
Starting parallel SCP to other nodes -----------------------------
------------------------------------------------------
Trial 2 | ntask=2
Generated 2 files.
Starting parallel SCP to other nodes -----------------------------
{ "filesize": "51200MB", "1": { "ntasks": 2, "targets": 31, "local-to-local-bw(MB/s)": 112.08 } }
------------------------------------------------------
Trial 2 | ntask=4
Generated 4 files.
Starting parallel SCP to other nodes -----------------------------
{ "filesize": "51200MB", "1": { "ntasks": 4, "targets": 31, "local-to-local-bw(MB/s)": 112.07 } }
------------------------------------------------------
Trial 2 | ntask=8
Generated 8 files.
Starting parallel SCP to other nodes -----------------------------
{ "filesize": "51200MB", "1": { "ntasks": 8, "targets": 31, "local-to-local-bw(MB/s)": 112.06 } }
------------------------------------------------------
Trial 2 | ntask=16
Generated 16 files.
Starting parallel SCP to other nodes -----------------------------
{ "filesize": "51200MB", "1": { "ntasks": 16, "targets": 31, "local-to-local-bw(MB/s)": 112.04 } }
------------------------------------------------------
Trial 2 | ntask=32
Generated 32 files.
Starting parallel SCP to other nodes -----------------------------
{ "filesize": "51200MB", "1": { "ntasks": 32, "targets": 31, "local-to-local-bw(MB/s)": 111.96 } }
------------------------------------------------------
Trial 3 | ntask=2
Generated 2 files.
Starting parallel SCP to other nodes -----------------------------
{ "filesize": "51200MB", "1": { "ntasks": 2, "targets": 31, "local-to-local-bw(MB/s)": 112.08 } }
------------------------------------------------------
Trial 3 | ntask=4
Generated 4 files.
Starting parallel SCP to other nodes -----------------------------
{ "filesize": "51200MB", "1": { "ntasks": 4, "targets": 31, "local-to-local-bw(MB/s)": 112.07 } }
------------------------------------------------------
Trial 3 | ntask=8
Generated 8 files.
Starting parallel SCP to other nodes -----------------------------
{ "filesize": "51200MB", "1": { "ntasks": 8, "targets": 31, "local-to-local-bw(MB/s)": 112.06 } }
------------------------------------------------------
Trial 3 | ntask=16
Generated 16 files.
Starting parallel SCP to other nodes -----------------------------
{ "filesize": "51200MB", "1": { "ntasks": 16, "targets": 31, "local-to-local-bw(MB/s)": 112.04 } }
------------------------------------------------------
Trial 3 | ntask=32
Generated 32 files.
Starting parallel SCP to other nodes -----------------------------
{ "filesize": "51200MB", "1": { "ntasks": 32, "targets": 31, "local-to-local-bw(MB/s)": 111.96 } }
------------------------------------------------------
Trial 3 | ntask=64
Generated 64 files.
Starting parallel SCP to other nodes -----------------------------
{ "filesize": "51200MB", "1": { "ntasks": 64, "targets": 31, "local-to-local-bw(MB/s)": 111.94 } }
------------------------------------------------------
Trial 3 | ntask=128
Warning: Expected 128 files but found 64.
