hostlist: dc036,dc037,dc038,dc039,dc040,dc041,dc042,dc043,dc044,dc045,dc046,dc047,dc048,dc049,dc050,dc051,
vm.drop_caches = 3
Running 1GB test
Trial 1 | ntask=2
Generated 2 files.
Starting parallel SCP to other nodes -----------------------------
{ "filesize": "1024MB", "1": { "ntasks": 2, "targets": 15, "local-to-local-bw(MB/s)": 109.41 } }
------------------------------------------------------
Trial 1 | ntask=4
Generated 4 files.
Starting parallel SCP to other nodes -----------------------------
{ "filesize": "1024MB", "1": { "ntasks": 4, "targets": 15, "local-to-local-bw(MB/s)": 110.31 } }
------------------------------------------------------
Trial 1 | ntask=8
Generated 8 files.
Starting parallel SCP to other nodes -----------------------------
{ "filesize": "1024MB", "1": { "ntasks": 8, "targets": 15, "local-to-local-bw(MB/s)": 107.77 } }
------------------------------------------------------
Trial 1 | ntask=16
Generated 16 files.
Starting parallel SCP to other nodes -----------------------------
{ "filesize": "1024MB", "1": { "ntasks": 16, "targets": 15, "local-to-local-bw(MB/s)": 109.48 } }
------------------------------------------------------
Trial 1 | ntask=32
Generated 32 files.
Starting parallel SCP to other nodes -----------------------------
{ "filesize": "1024MB", "1": { "ntasks": 32, "targets": 15, "local-to-local-bw(MB/s)": 105.86 } }
------------------------------------------------------
Trial 1 | ntask=64
Generated 64 files.
Starting parallel SCP to other nodes -----------------------------
{ "filesize": "1024MB", "1": { "ntasks": 64, "targets": 15, "local-to-local-bw(MB/s)": 105.66 } }
------------------------------------------------------
Trial 1 | ntask=128
Warning: Expected 128 files but found 64.
Trial 2 | ntask=2
Generated 2 files.
Starting parallel SCP to other nodes -----------------------------
{ "filesize": "1024MB", "2": { "ntasks": 2, "targets": 15, "local-to-local-bw(MB/s)": 109.69 } }
------------------------------------------------------
Trial 2 | ntask=4
Generated 4 files.
Starting parallel SCP to other nodes -----------------------------
{ "filesize": "1024MB", "2": { "ntasks": 4, "targets": 15, "local-to-local-bw(MB/s)": 110.54 } }
------------------------------------------------------
Trial 2 | ntask=8
Generated 8 files.
Starting parallel SCP to other nodes -----------------------------
{ "filesize": "1024MB", "2": { "ntasks": 8, "targets": 15, "local-to-local-bw(MB/s)": 103.87 } }
------------------------------------------------------
Trial 2 | ntask=16
Generated 16 files.
Starting parallel SCP to other nodes -----------------------------
{ "filesize": "1024MB", "2": { "ntasks": 16, "targets": 15, "local-to-local-bw(MB/s)": 109.75 } }
------------------------------------------------------
Trial 2 | ntask=32
Generated 32 files.
Starting parallel SCP to other nodes -----------------------------
{ "filesize": "1024MB", "2": { "ntasks": 32, "targets": 15, "local-to-local-bw(MB/s)": 96.14 } }
------------------------------------------------------
Trial 2 | ntask=64
Generated 64 files.
Starting parallel SCP to other nodes -----------------------------
{ "filesize": "1024MB", "2": { "ntasks": 64, "targets": 15, "local-to-local-bw(MB/s)": 105.77 } }
------------------------------------------------------
Trial 2 | ntask=128
Warning: Expected 128 files but found 64.
Trial 3 | ntask=2
Generated 2 files.
Starting parallel SCP to other nodes -----------------------------
{ "filesize": "1024MB", "3": { "ntasks": 2, "targets": 15, "local-to-local-bw(MB/s)": 110.86 } }
------------------------------------------------------
Trial 3 | ntask=4
Generated 4 files.
Starting parallel SCP to other nodes -----------------------------
{ "filesize": "1024MB", "3": { "ntasks": 4, "targets": 15, "local-to-local-bw(MB/s)": 110.62 } }
------------------------------------------------------
Trial 3 | ntask=8
Generated 8 files.
Starting parallel SCP to other nodes -----------------------------
{ "filesize": "1024MB", "3": { "ntasks": 8, "targets": 15, "local-to-local-bw(MB/s)": 110.33 } }
------------------------------------------------------
Trial 3 | ntask=16
Generated 16 files.
Starting parallel SCP to other nodes -----------------------------
{ "filesize": "1024MB", "3": { "ntasks": 16, "targets": 15, "local-to-local-bw(MB/s)": 109.30 } }
------------------------------------------------------
Trial 3 | ntask=32
Generated 32 files.
Starting parallel SCP to other nodes -----------------------------
{ "filesize": "1024MB", "3": { "ntasks": 32, "targets": 15, "local-to-local-bw(MB/s)": 108.20 } }
------------------------------------------------------
Trial 3 | ntask=64
Generated 64 files.
Starting parallel SCP to other nodes -----------------------------
{ "filesize": "1024MB", "3": { "ntasks": 64, "targets": 15, "local-to-local-bw(MB/s)": 105.33 } }
------------------------------------------------------
Trial 3 | ntask=128
Warning: Expected 128 files but found 64.
Running 5GB test
Trial 1 | ntask=2
Generated 2 files.
Starting parallel SCP to other nodes -----------------------------
{ "filesize": "5120MB", "1": { "ntasks": 2, "targets": 15, "local-to-local-bw(MB/s)": 111.45 } }
------------------------------------------------------
Trial 1 | ntask=4
Generated 4 files.
Starting parallel SCP to other nodes -----------------------------
{ "filesize": "5120MB", "1": { "ntasks": 4, "targets": 15, "local-to-local-bw(MB/s)": 111.77 } }
------------------------------------------------------
Trial 1 | ntask=8
Generated 8 files.
Starting parallel SCP to other nodes -----------------------------
{ "filesize": "5120MB", "1": { "ntasks": 8, "targets": 15, "local-to-local-bw(MB/s)": 111.70 } }
------------------------------------------------------
Trial 1 | ntask=16
Generated 16 files.
Starting parallel SCP to other nodes -----------------------------
{ "filesize": "5120MB", "1": { "ntasks": 16, "targets": 15, "local-to-local-bw(MB/s)": 111.03 } }
------------------------------------------------------
Trial 1 | ntask=32
Generated 32 files.
Starting parallel SCP to other nodes -----------------------------
{ "filesize": "5120MB", "1": { "ntasks": 32, "targets": 15, "local-to-local-bw(MB/s)": 111.21 } }
------------------------------------------------------
Trial 1 | ntask=64
Generated 64 files.
Starting parallel SCP to other nodes -----------------------------
{ "filesize": "5120MB", "1": { "ntasks": 64, "targets": 15, "local-to-local-bw(MB/s)": 110.55 } }
------------------------------------------------------
Trial 1 | ntask=128
Warning: Expected 128 files but found 64.
Trial 2 | ntask=2
Generated 2 files.
Starting parallel SCP to other nodes -----------------------------
{ "filesize": "5120MB", "2": { "ntasks": 2, "targets": 15, "local-to-local-bw(MB/s)": 111.85 } }
------------------------------------------------------
Trial 2 | ntask=4
Generated 4 files.
Starting parallel SCP to other nodes -----------------------------
{ "filesize": "5120MB", "2": { "ntasks": 4, "targets": 15, "local-to-local-bw(MB/s)": 111.73 } }
------------------------------------------------------
Trial 2 | ntask=8
Generated 8 files.
Starting parallel SCP to other nodes -----------------------------
{ "filesize": "5120MB", "2": { "ntasks": 8, "targets": 15, "local-to-local-bw(MB/s)": 111.63 } }
------------------------------------------------------
Trial 2 | ntask=16
Generated 16 files.
Starting parallel SCP to other nodes -----------------------------
{ "filesize": "5120MB", "2": { "ntasks": 16, "targets": 15, "local-to-local-bw(MB/s)": 111.55 } }
------------------------------------------------------
Trial 2 | ntask=32
Generated 32 files.
Starting parallel SCP to other nodes -----------------------------
{ "filesize": "5120MB", "2": { "ntasks": 32, "targets": 15, "local-to-local-bw(MB/s)": 110.25 } }
------------------------------------------------------
Trial 2 | ntask=64
Generated 64 files.
Starting parallel SCP to other nodes -----------------------------
{ "filesize": "5120MB", "2": { "ntasks": 64, "targets": 15, "local-to-local-bw(MB/s)": 111.50 } }
------------------------------------------------------
Trial 2 | ntask=128
Warning: Expected 128 files but found 64.
Trial 3 | ntask=2
Generated 2 files.
Starting parallel SCP to other nodes -----------------------------
{ "filesize": "5120MB", "3": { "ntasks": 2, "targets": 15, "local-to-local-bw(MB/s)": 111.84 } }
------------------------------------------------------
Trial 3 | ntask=4
Generated 4 files.
Starting parallel SCP to other nodes -----------------------------
{ "filesize": "5120MB", "3": { "ntasks": 4, "targets": 15, "local-to-local-bw(MB/s)": 111.73 } }
------------------------------------------------------
Trial 3 | ntask=8
Generated 8 files.
Starting parallel SCP to other nodes -----------------------------
{ "filesize": "5120MB", "3": { "ntasks": 8, "targets": 15, "local-to-local-bw(MB/s)": 111.65 } }
------------------------------------------------------
Trial 3 | ntask=16
Generated 16 files.
Starting parallel SCP to other nodes -----------------------------
{ "filesize": "5120MB", "3": { "ntasks": 16, "targets": 15, "local-to-local-bw(MB/s)": 111.54 } }
------------------------------------------------------
Trial 3 | ntask=32
Generated 32 files.
Starting parallel SCP to other nodes -----------------------------
{ "filesize": "5120MB", "3": { "ntasks": 32, "targets": 15, "local-to-local-bw(MB/s)": 111.62 } }
------------------------------------------------------
Trial 3 | ntask=64
Generated 64 files.
Starting parallel SCP to other nodes -----------------------------
{ "filesize": "5120MB", "3": { "ntasks": 64, "targets": 15, "local-to-local-bw(MB/s)": 110.76 } }
------------------------------------------------------
Trial 3 | ntask=128
Warning: Expected 128 files but found 64.
Running 50GB test
Trial 1 | ntask=2
Generated 2 files.
Starting parallel SCP to other nodes -----------------------------
{ "filesize": "51200MB", "1": { "ntasks": 2, "targets": 15, "local-to-local-bw(MB/s)": 112.07 } }
------------------------------------------------------
Trial 1 | ntask=4
Generated 4 files.
Starting parallel SCP to other nodes -----------------------------
{ "filesize": "51200MB", "1": { "ntasks": 4, "targets": 15, "local-to-local-bw(MB/s)": 112.08 } }
------------------------------------------------------
Trial 1 | ntask=8
Generated 8 files.
Starting parallel SCP to other nodes -----------------------------
{ "filesize": "51200MB", "1": { "ntasks": 8, "targets": 15, "local-to-local-bw(MB/s)": 112.06 } }
------------------------------------------------------
Trial 1 | ntask=16
Generated 16 files.
Starting parallel SCP to other nodes -----------------------------
{ "filesize": "51200MB", "1": { "ntasks": 16, "targets": 15, "local-to-local-bw(MB/s)": 112.04 } }
------------------------------------------------------
Trial 1 | ntask=32
Generated 32 files.
Starting parallel SCP to other nodes -----------------------------
{ "filesize": "51200MB", "1": { "ntasks": 32, "targets": 15, "local-to-local-bw(MB/s)": 112.01 } }
------------------------------------------------------
Trial 1 | ntask=64
Generated 64 files.
Starting parallel SCP to other nodes -----------------------------
{ "filesize": "51200MB", "1": { "ntasks": 64, "targets": 15, "local-to-local-bw(MB/s)": 111.98 } }
------------------------------------------------------
Trial 1 | ntask=128
Warning: Expected 128 files but found 64.
Trial 2 | ntask=2
Generated 2 files.
Starting parallel SCP to other nodes -----------------------------
{ "filesize": "51200MB", "2": { "ntasks": 2, "targets": 15, "local-to-local-bw(MB/s)": 112.07 } }
------------------------------------------------------
Trial 2 | ntask=4
Generated 4 files.
Starting parallel SCP to other nodes -----------------------------
{ "filesize": "51200MB", "2": { "ntasks": 4, "targets": 15, "local-to-local-bw(MB/s)": 112.03 } }
------------------------------------------------------
Trial 2 | ntask=8
Generated 8 files.
Starting parallel SCP to other nodes -----------------------------
{ "filesize": "51200MB", "2": { "ntasks": 8, "targets": 15, "local-to-local-bw(MB/s)": 112.05 } }
------------------------------------------------------
Trial 2 | ntask=16
Generated 16 files.
Starting parallel SCP to other nodes -----------------------------
{ "filesize": "51200MB", "2": { "ntasks": 16, "targets": 15, "local-to-local-bw(MB/s)": 112.03 } }
------------------------------------------------------
Trial 2 | ntask=32
Generated 32 files.
Starting parallel SCP to other nodes -----------------------------
{ "filesize": "51200MB", "2": { "ntasks": 32, "targets": 15, "local-to-local-bw(MB/s)": 112.00 } }
------------------------------------------------------
Trial 2 | ntask=64
Generated 64 files.
Starting parallel SCP to other nodes -----------------------------
{ "filesize": "51200MB", "2": { "ntasks": 64, "targets": 15, "local-to-local-bw(MB/s)": 111.97 } }
------------------------------------------------------
Trial 2 | ntask=128
Warning: Expected 128 files but found 64.
